[2023-11-27T01:17:36.032+0000] {processor.py:157} INFO - Started process (PID=36) to work on /opt/airflow/dags/omni/transactions_dag.py
[2023-11-27T01:17:36.033+0000] {processor.py:829} INFO - Processing file /opt/airflow/dags/omni/transactions_dag.py for tasks to queue
[2023-11-27T01:17:36.035+0000] {logging_mixin.py:151} INFO - [2023-11-27T01:17:36.034+0000] {dagbag.py:539} INFO - Filling up the DagBag from /opt/airflow/dags/omni/transactions_dag.py
[2023-11-27T01:17:36.601+0000] {processor.py:839} INFO - DAG(s) dict_keys(['get_omni_transactions']) retrieved from /opt/airflow/dags/omni/transactions_dag.py
[2023-11-27T01:17:36.623+0000] {logging_mixin.py:151} INFO - [2023-11-27T01:17:36.623+0000] {dag.py:2915} INFO - Sync 1 DAGs
[2023-11-27T01:17:36.638+0000] {logging_mixin.py:151} INFO - [2023-11-27T01:17:36.638+0000] {dag.py:3696} INFO - Setting next_dagrun for get_omni_transactions to 2023-11-27T01:00:00+00:00, run_after=2023-11-27T01:15:00+00:00
[2023-11-27T01:17:36.649+0000] {processor.py:179} INFO - Processing /opt/airflow/dags/omni/transactions_dag.py took 0.620 seconds
[2023-11-27T01:47:40.048+0000] {processor.py:157} INFO - Started process (PID=36) to work on /opt/airflow/dags/omni/transactions_dag.py
[2023-11-27T01:47:40.049+0000] {processor.py:829} INFO - Processing file /opt/airflow/dags/omni/transactions_dag.py for tasks to queue
[2023-11-27T01:47:40.051+0000] {logging_mixin.py:151} INFO - [2023-11-27T01:47:40.051+0000] {dagbag.py:539} INFO - Filling up the DagBag from /opt/airflow/dags/omni/transactions_dag.py
[2023-11-27T01:47:40.592+0000] {processor.py:839} INFO - DAG(s) dict_keys(['get_omni_transactions']) retrieved from /opt/airflow/dags/omni/transactions_dag.py
[2023-11-27T01:47:40.614+0000] {logging_mixin.py:151} INFO - [2023-11-27T01:47:40.614+0000] {dag.py:2915} INFO - Sync 1 DAGs
[2023-11-27T01:47:40.626+0000] {logging_mixin.py:151} INFO - [2023-11-27T01:47:40.626+0000] {dag.py:3696} INFO - Setting next_dagrun for get_omni_transactions to 2023-11-27T01:30:00+00:00, run_after=2023-11-27T01:45:00+00:00
[2023-11-27T01:47:40.647+0000] {processor.py:179} INFO - Processing /opt/airflow/dags/omni/transactions_dag.py took 0.602 seconds
[2023-11-27T01:48:10.730+0000] {processor.py:157} INFO - Started process (PID=63) to work on /opt/airflow/dags/omni/transactions_dag.py
[2023-11-27T01:48:10.731+0000] {processor.py:829} INFO - Processing file /opt/airflow/dags/omni/transactions_dag.py for tasks to queue
[2023-11-27T01:48:10.733+0000] {logging_mixin.py:151} INFO - [2023-11-27T01:48:10.733+0000] {dagbag.py:539} INFO - Filling up the DagBag from /opt/airflow/dags/omni/transactions_dag.py
[2023-11-27T01:48:10.990+0000] {processor.py:839} INFO - DAG(s) dict_keys(['get_omni_transactions']) retrieved from /opt/airflow/dags/omni/transactions_dag.py
[2023-11-27T01:48:11.004+0000] {logging_mixin.py:151} INFO - [2023-11-27T01:48:11.004+0000] {dag.py:2915} INFO - Sync 1 DAGs
[2023-11-27T01:48:11.014+0000] {logging_mixin.py:151} INFO - [2023-11-27T01:48:11.014+0000] {dag.py:3696} INFO - Setting next_dagrun for get_omni_transactions to 2023-11-27T01:30:00+00:00, run_after=2023-11-27T01:45:00+00:00
[2023-11-27T01:48:11.022+0000] {processor.py:179} INFO - Processing /opt/airflow/dags/omni/transactions_dag.py took 0.296 seconds
[2023-11-27T01:48:41.402+0000] {processor.py:157} INFO - Started process (PID=90) to work on /opt/airflow/dags/omni/transactions_dag.py
[2023-11-27T01:48:41.402+0000] {processor.py:829} INFO - Processing file /opt/airflow/dags/omni/transactions_dag.py for tasks to queue
[2023-11-27T01:48:41.404+0000] {logging_mixin.py:151} INFO - [2023-11-27T01:48:41.404+0000] {dagbag.py:539} INFO - Filling up the DagBag from /opt/airflow/dags/omni/transactions_dag.py
[2023-11-27T01:48:41.576+0000] {processor.py:839} INFO - DAG(s) dict_keys(['get_omni_transactions']) retrieved from /opt/airflow/dags/omni/transactions_dag.py
[2023-11-27T01:48:41.590+0000] {logging_mixin.py:151} INFO - [2023-11-27T01:48:41.589+0000] {dag.py:2915} INFO - Sync 1 DAGs
[2023-11-27T01:48:41.600+0000] {logging_mixin.py:151} INFO - [2023-11-27T01:48:41.600+0000] {dag.py:3696} INFO - Setting next_dagrun for get_omni_transactions to 2023-11-27T01:30:00+00:00, run_after=2023-11-27T01:45:00+00:00
[2023-11-27T01:48:41.609+0000] {processor.py:179} INFO - Processing /opt/airflow/dags/omni/transactions_dag.py took 0.209 seconds
[2023-11-27T01:49:11.794+0000] {processor.py:157} INFO - Started process (PID=109) to work on /opt/airflow/dags/omni/transactions_dag.py
[2023-11-27T01:49:11.795+0000] {processor.py:829} INFO - Processing file /opt/airflow/dags/omni/transactions_dag.py for tasks to queue
[2023-11-27T01:49:11.797+0000] {logging_mixin.py:151} INFO - [2023-11-27T01:49:11.797+0000] {dagbag.py:539} INFO - Filling up the DagBag from /opt/airflow/dags/omni/transactions_dag.py
[2023-11-27T01:49:11.985+0000] {processor.py:839} INFO - DAG(s) dict_keys(['get_omni_transactions']) retrieved from /opt/airflow/dags/omni/transactions_dag.py
[2023-11-27T01:49:12.000+0000] {logging_mixin.py:151} INFO - [2023-11-27T01:49:12.000+0000] {dag.py:2915} INFO - Sync 1 DAGs
[2023-11-27T01:49:12.012+0000] {logging_mixin.py:151} INFO - [2023-11-27T01:49:12.012+0000] {dag.py:3696} INFO - Setting next_dagrun for get_omni_transactions to 2023-11-27T01:30:00+00:00, run_after=2023-11-27T01:45:00+00:00
[2023-11-27T01:49:12.021+0000] {processor.py:179} INFO - Processing /opt/airflow/dags/omni/transactions_dag.py took 0.230 seconds
[2023-11-27T01:49:42.123+0000] {processor.py:157} INFO - Started process (PID=136) to work on /opt/airflow/dags/omni/transactions_dag.py
[2023-11-27T01:49:42.124+0000] {processor.py:829} INFO - Processing file /opt/airflow/dags/omni/transactions_dag.py for tasks to queue
[2023-11-27T01:49:42.126+0000] {logging_mixin.py:151} INFO - [2023-11-27T01:49:42.125+0000] {dagbag.py:539} INFO - Filling up the DagBag from /opt/airflow/dags/omni/transactions_dag.py
[2023-11-27T01:49:42.300+0000] {processor.py:839} INFO - DAG(s) dict_keys(['get_omni_transactions']) retrieved from /opt/airflow/dags/omni/transactions_dag.py
[2023-11-27T01:49:42.316+0000] {logging_mixin.py:151} INFO - [2023-11-27T01:49:42.316+0000] {dag.py:2915} INFO - Sync 1 DAGs
[2023-11-27T01:49:42.328+0000] {logging_mixin.py:151} INFO - [2023-11-27T01:49:42.328+0000] {dag.py:3696} INFO - Setting next_dagrun for get_omni_transactions to 2023-11-27T01:30:00+00:00, run_after=2023-11-27T01:45:00+00:00
[2023-11-27T01:49:42.338+0000] {processor.py:179} INFO - Processing /opt/airflow/dags/omni/transactions_dag.py took 0.217 seconds
[2023-11-27T01:50:12.531+0000] {processor.py:157} INFO - Started process (PID=163) to work on /opt/airflow/dags/omni/transactions_dag.py
[2023-11-27T01:50:12.532+0000] {processor.py:829} INFO - Processing file /opt/airflow/dags/omni/transactions_dag.py for tasks to queue
[2023-11-27T01:50:12.533+0000] {logging_mixin.py:151} INFO - [2023-11-27T01:50:12.533+0000] {dagbag.py:539} INFO - Filling up the DagBag from /opt/airflow/dags/omni/transactions_dag.py
[2023-11-27T01:50:12.699+0000] {processor.py:839} INFO - DAG(s) dict_keys(['get_omni_transactions']) retrieved from /opt/airflow/dags/omni/transactions_dag.py
[2023-11-27T01:50:12.714+0000] {logging_mixin.py:151} INFO - [2023-11-27T01:50:12.713+0000] {dag.py:2915} INFO - Sync 1 DAGs
[2023-11-27T01:50:12.724+0000] {logging_mixin.py:151} INFO - [2023-11-27T01:50:12.724+0000] {dag.py:3696} INFO - Setting next_dagrun for get_omni_transactions to 2023-11-27T01:30:00+00:00, run_after=2023-11-27T01:45:00+00:00
[2023-11-27T01:50:12.732+0000] {processor.py:179} INFO - Processing /opt/airflow/dags/omni/transactions_dag.py took 0.203 seconds
[2023-11-27T01:50:42.941+0000] {processor.py:157} INFO - Started process (PID=190) to work on /opt/airflow/dags/omni/transactions_dag.py
[2023-11-27T01:50:42.942+0000] {processor.py:829} INFO - Processing file /opt/airflow/dags/omni/transactions_dag.py for tasks to queue
[2023-11-27T01:50:42.944+0000] {logging_mixin.py:151} INFO - [2023-11-27T01:50:42.944+0000] {dagbag.py:539} INFO - Filling up the DagBag from /opt/airflow/dags/omni/transactions_dag.py
[2023-11-27T01:50:43.145+0000] {processor.py:839} INFO - DAG(s) dict_keys(['get_omni_transactions']) retrieved from /opt/airflow/dags/omni/transactions_dag.py
[2023-11-27T01:50:43.165+0000] {logging_mixin.py:151} INFO - [2023-11-27T01:50:43.164+0000] {dag.py:2915} INFO - Sync 1 DAGs
[2023-11-27T01:50:43.179+0000] {logging_mixin.py:151} INFO - [2023-11-27T01:50:43.178+0000] {dag.py:3696} INFO - Setting next_dagrun for get_omni_transactions to 2023-11-27T01:30:00+00:00, run_after=2023-11-27T01:45:00+00:00
[2023-11-27T01:50:43.188+0000] {processor.py:179} INFO - Processing /opt/airflow/dags/omni/transactions_dag.py took 0.249 seconds
[2023-11-27T01:51:13.410+0000] {processor.py:157} INFO - Started process (PID=209) to work on /opt/airflow/dags/omni/transactions_dag.py
[2023-11-27T01:51:13.411+0000] {processor.py:829} INFO - Processing file /opt/airflow/dags/omni/transactions_dag.py for tasks to queue
[2023-11-27T01:51:13.412+0000] {logging_mixin.py:151} INFO - [2023-11-27T01:51:13.412+0000] {dagbag.py:539} INFO - Filling up the DagBag from /opt/airflow/dags/omni/transactions_dag.py
[2023-11-27T01:51:13.591+0000] {processor.py:839} INFO - DAG(s) dict_keys(['get_omni_transactions']) retrieved from /opt/airflow/dags/omni/transactions_dag.py
[2023-11-27T01:51:13.607+0000] {logging_mixin.py:151} INFO - [2023-11-27T01:51:13.607+0000] {dag.py:2915} INFO - Sync 1 DAGs
[2023-11-27T01:51:13.618+0000] {logging_mixin.py:151} INFO - [2023-11-27T01:51:13.618+0000] {dag.py:3696} INFO - Setting next_dagrun for get_omni_transactions to 2023-11-27T01:30:00+00:00, run_after=2023-11-27T01:45:00+00:00
[2023-11-27T01:51:13.626+0000] {processor.py:179} INFO - Processing /opt/airflow/dags/omni/transactions_dag.py took 0.219 seconds
[2023-11-27T01:51:43.897+0000] {processor.py:157} INFO - Started process (PID=236) to work on /opt/airflow/dags/omni/transactions_dag.py
[2023-11-27T01:51:43.898+0000] {processor.py:829} INFO - Processing file /opt/airflow/dags/omni/transactions_dag.py for tasks to queue
[2023-11-27T01:51:43.900+0000] {logging_mixin.py:151} INFO - [2023-11-27T01:51:43.900+0000] {dagbag.py:539} INFO - Filling up the DagBag from /opt/airflow/dags/omni/transactions_dag.py
[2023-11-27T01:51:44.079+0000] {processor.py:839} INFO - DAG(s) dict_keys(['get_omni_transactions']) retrieved from /opt/airflow/dags/omni/transactions_dag.py
[2023-11-27T01:51:44.094+0000] {logging_mixin.py:151} INFO - [2023-11-27T01:51:44.093+0000] {dag.py:2915} INFO - Sync 1 DAGs
[2023-11-27T01:51:44.104+0000] {logging_mixin.py:151} INFO - [2023-11-27T01:51:44.104+0000] {dag.py:3696} INFO - Setting next_dagrun for get_omni_transactions to 2023-11-27T01:30:00+00:00, run_after=2023-11-27T01:45:00+00:00
[2023-11-27T01:51:44.113+0000] {processor.py:179} INFO - Processing /opt/airflow/dags/omni/transactions_dag.py took 0.220 seconds
[2023-11-27T01:52:14.370+0000] {processor.py:157} INFO - Started process (PID=263) to work on /opt/airflow/dags/omni/transactions_dag.py
[2023-11-27T01:52:14.371+0000] {processor.py:829} INFO - Processing file /opt/airflow/dags/omni/transactions_dag.py for tasks to queue
[2023-11-27T01:52:14.374+0000] {logging_mixin.py:151} INFO - [2023-11-27T01:52:14.373+0000] {dagbag.py:539} INFO - Filling up the DagBag from /opt/airflow/dags/omni/transactions_dag.py
[2023-11-27T01:52:14.551+0000] {processor.py:839} INFO - DAG(s) dict_keys(['get_omni_transactions']) retrieved from /opt/airflow/dags/omni/transactions_dag.py
[2023-11-27T01:52:14.565+0000] {logging_mixin.py:151} INFO - [2023-11-27T01:52:14.565+0000] {dag.py:2915} INFO - Sync 1 DAGs
[2023-11-27T01:52:14.576+0000] {logging_mixin.py:151} INFO - [2023-11-27T01:52:14.576+0000] {dag.py:3696} INFO - Setting next_dagrun for get_omni_transactions to 2023-11-27T01:30:00+00:00, run_after=2023-11-27T01:45:00+00:00
[2023-11-27T01:52:14.584+0000] {processor.py:179} INFO - Processing /opt/airflow/dags/omni/transactions_dag.py took 0.217 seconds
[2023-11-27T01:52:44.830+0000] {processor.py:157} INFO - Started process (PID=290) to work on /opt/airflow/dags/omni/transactions_dag.py
[2023-11-27T01:52:44.831+0000] {processor.py:829} INFO - Processing file /opt/airflow/dags/omni/transactions_dag.py for tasks to queue
[2023-11-27T01:52:44.833+0000] {logging_mixin.py:151} INFO - [2023-11-27T01:52:44.833+0000] {dagbag.py:539} INFO - Filling up the DagBag from /opt/airflow/dags/omni/transactions_dag.py
[2023-11-27T01:52:45.004+0000] {processor.py:839} INFO - DAG(s) dict_keys(['get_omni_transactions']) retrieved from /opt/airflow/dags/omni/transactions_dag.py
[2023-11-27T01:52:45.019+0000] {logging_mixin.py:151} INFO - [2023-11-27T01:52:45.019+0000] {dag.py:2915} INFO - Sync 1 DAGs
[2023-11-27T01:52:45.030+0000] {logging_mixin.py:151} INFO - [2023-11-27T01:52:45.030+0000] {dag.py:3696} INFO - Setting next_dagrun for get_omni_transactions to 2023-11-27T01:30:00+00:00, run_after=2023-11-27T01:45:00+00:00
[2023-11-27T01:52:45.039+0000] {processor.py:179} INFO - Processing /opt/airflow/dags/omni/transactions_dag.py took 0.211 seconds
[2023-11-27T01:53:15.329+0000] {processor.py:157} INFO - Started process (PID=309) to work on /opt/airflow/dags/omni/transactions_dag.py
[2023-11-27T01:53:15.329+0000] {processor.py:829} INFO - Processing file /opt/airflow/dags/omni/transactions_dag.py for tasks to queue
[2023-11-27T01:53:15.331+0000] {logging_mixin.py:151} INFO - [2023-11-27T01:53:15.331+0000] {dagbag.py:539} INFO - Filling up the DagBag from /opt/airflow/dags/omni/transactions_dag.py
[2023-11-27T01:53:15.518+0000] {processor.py:839} INFO - DAG(s) dict_keys(['get_omni_transactions']) retrieved from /opt/airflow/dags/omni/transactions_dag.py
[2023-11-27T01:53:15.532+0000] {logging_mixin.py:151} INFO - [2023-11-27T01:53:15.532+0000] {dag.py:2915} INFO - Sync 1 DAGs
[2023-11-27T01:53:15.543+0000] {logging_mixin.py:151} INFO - [2023-11-27T01:53:15.543+0000] {dag.py:3696} INFO - Setting next_dagrun for get_omni_transactions to 2023-11-27T01:30:00+00:00, run_after=2023-11-27T01:45:00+00:00
[2023-11-27T01:53:15.551+0000] {processor.py:179} INFO - Processing /opt/airflow/dags/omni/transactions_dag.py took 0.225 seconds
[2023-11-27T01:53:45.807+0000] {processor.py:157} INFO - Started process (PID=336) to work on /opt/airflow/dags/omni/transactions_dag.py
[2023-11-27T01:53:45.808+0000] {processor.py:829} INFO - Processing file /opt/airflow/dags/omni/transactions_dag.py for tasks to queue
[2023-11-27T01:53:45.810+0000] {logging_mixin.py:151} INFO - [2023-11-27T01:53:45.810+0000] {dagbag.py:539} INFO - Filling up the DagBag from /opt/airflow/dags/omni/transactions_dag.py
[2023-11-27T01:53:45.981+0000] {processor.py:839} INFO - DAG(s) dict_keys(['get_omni_transactions']) retrieved from /opt/airflow/dags/omni/transactions_dag.py
[2023-11-27T01:53:45.994+0000] {logging_mixin.py:151} INFO - [2023-11-27T01:53:45.994+0000] {dag.py:2915} INFO - Sync 1 DAGs
[2023-11-27T01:53:46.005+0000] {logging_mixin.py:151} INFO - [2023-11-27T01:53:46.005+0000] {dag.py:3696} INFO - Setting next_dagrun for get_omni_transactions to 2023-11-27T01:30:00+00:00, run_after=2023-11-27T01:45:00+00:00
[2023-11-27T01:53:46.013+0000] {processor.py:179} INFO - Processing /opt/airflow/dags/omni/transactions_dag.py took 0.210 seconds
[2023-11-27T01:54:16.276+0000] {processor.py:157} INFO - Started process (PID=363) to work on /opt/airflow/dags/omni/transactions_dag.py
[2023-11-27T01:54:16.277+0000] {processor.py:829} INFO - Processing file /opt/airflow/dags/omni/transactions_dag.py for tasks to queue
[2023-11-27T01:54:16.279+0000] {logging_mixin.py:151} INFO - [2023-11-27T01:54:16.278+0000] {dagbag.py:539} INFO - Filling up the DagBag from /opt/airflow/dags/omni/transactions_dag.py
[2023-11-27T01:54:16.456+0000] {processor.py:839} INFO - DAG(s) dict_keys(['get_omni_transactions']) retrieved from /opt/airflow/dags/omni/transactions_dag.py
[2023-11-27T01:54:16.472+0000] {logging_mixin.py:151} INFO - [2023-11-27T01:54:16.471+0000] {dag.py:2915} INFO - Sync 1 DAGs
[2023-11-27T01:54:16.483+0000] {logging_mixin.py:151} INFO - [2023-11-27T01:54:16.483+0000] {dag.py:3696} INFO - Setting next_dagrun for get_omni_transactions to 2023-11-27T01:30:00+00:00, run_after=2023-11-27T01:45:00+00:00
[2023-11-27T01:54:16.495+0000] {processor.py:179} INFO - Processing /opt/airflow/dags/omni/transactions_dag.py took 0.221 seconds
[2023-11-27T01:54:46.735+0000] {processor.py:157} INFO - Started process (PID=390) to work on /opt/airflow/dags/omni/transactions_dag.py
[2023-11-27T01:54:46.736+0000] {processor.py:829} INFO - Processing file /opt/airflow/dags/omni/transactions_dag.py for tasks to queue
[2023-11-27T01:54:46.738+0000] {logging_mixin.py:151} INFO - [2023-11-27T01:54:46.738+0000] {dagbag.py:539} INFO - Filling up the DagBag from /opt/airflow/dags/omni/transactions_dag.py
[2023-11-27T01:54:46.908+0000] {processor.py:839} INFO - DAG(s) dict_keys(['get_omni_transactions']) retrieved from /opt/airflow/dags/omni/transactions_dag.py
[2023-11-27T01:54:46.922+0000] {logging_mixin.py:151} INFO - [2023-11-27T01:54:46.922+0000] {dag.py:2915} INFO - Sync 1 DAGs
[2023-11-27T01:54:46.933+0000] {logging_mixin.py:151} INFO - [2023-11-27T01:54:46.932+0000] {dag.py:3696} INFO - Setting next_dagrun for get_omni_transactions to 2023-11-27T01:30:00+00:00, run_after=2023-11-27T01:45:00+00:00
[2023-11-27T01:54:46.940+0000] {processor.py:179} INFO - Processing /opt/airflow/dags/omni/transactions_dag.py took 0.208 seconds
[2023-11-27T01:55:17.198+0000] {processor.py:157} INFO - Started process (PID=409) to work on /opt/airflow/dags/omni/transactions_dag.py
[2023-11-27T01:55:17.199+0000] {processor.py:829} INFO - Processing file /opt/airflow/dags/omni/transactions_dag.py for tasks to queue
[2023-11-27T01:55:17.202+0000] {logging_mixin.py:151} INFO - [2023-11-27T01:55:17.201+0000] {dagbag.py:539} INFO - Filling up the DagBag from /opt/airflow/dags/omni/transactions_dag.py
[2023-11-27T01:55:17.379+0000] {processor.py:839} INFO - DAG(s) dict_keys(['get_omni_transactions']) retrieved from /opt/airflow/dags/omni/transactions_dag.py
[2023-11-27T01:55:17.394+0000] {logging_mixin.py:151} INFO - [2023-11-27T01:55:17.394+0000] {dag.py:2915} INFO - Sync 1 DAGs
[2023-11-27T01:55:17.406+0000] {logging_mixin.py:151} INFO - [2023-11-27T01:55:17.405+0000] {dag.py:3696} INFO - Setting next_dagrun for get_omni_transactions to 2023-11-27T01:30:00+00:00, run_after=2023-11-27T01:45:00+00:00
[2023-11-27T01:55:17.413+0000] {processor.py:179} INFO - Processing /opt/airflow/dags/omni/transactions_dag.py took 0.219 seconds
[2023-11-27T01:55:47.692+0000] {processor.py:157} INFO - Started process (PID=436) to work on /opt/airflow/dags/omni/transactions_dag.py
[2023-11-27T01:55:47.693+0000] {processor.py:829} INFO - Processing file /opt/airflow/dags/omni/transactions_dag.py for tasks to queue
[2023-11-27T01:55:47.695+0000] {logging_mixin.py:151} INFO - [2023-11-27T01:55:47.695+0000] {dagbag.py:539} INFO - Filling up the DagBag from /opt/airflow/dags/omni/transactions_dag.py
[2023-11-27T01:55:47.873+0000] {processor.py:839} INFO - DAG(s) dict_keys(['get_omni_transactions']) retrieved from /opt/airflow/dags/omni/transactions_dag.py
[2023-11-27T01:55:47.888+0000] {logging_mixin.py:151} INFO - [2023-11-27T01:55:47.888+0000] {dag.py:2915} INFO - Sync 1 DAGs
[2023-11-27T01:55:47.898+0000] {logging_mixin.py:151} INFO - [2023-11-27T01:55:47.898+0000] {dag.py:3696} INFO - Setting next_dagrun for get_omni_transactions to 2023-11-27T01:30:00+00:00, run_after=2023-11-27T01:45:00+00:00
[2023-11-27T01:55:47.907+0000] {processor.py:179} INFO - Processing /opt/airflow/dags/omni/transactions_dag.py took 0.218 seconds
[2023-11-27T01:56:18.114+0000] {processor.py:157} INFO - Started process (PID=463) to work on /opt/airflow/dags/omni/transactions_dag.py
[2023-11-27T01:56:18.115+0000] {processor.py:829} INFO - Processing file /opt/airflow/dags/omni/transactions_dag.py for tasks to queue
[2023-11-27T01:56:18.117+0000] {logging_mixin.py:151} INFO - [2023-11-27T01:56:18.117+0000] {dagbag.py:539} INFO - Filling up the DagBag from /opt/airflow/dags/omni/transactions_dag.py
[2023-11-27T01:56:18.289+0000] {processor.py:839} INFO - DAG(s) dict_keys(['get_omni_transactions']) retrieved from /opt/airflow/dags/omni/transactions_dag.py
[2023-11-27T01:56:18.303+0000] {logging_mixin.py:151} INFO - [2023-11-27T01:56:18.303+0000] {dag.py:2915} INFO - Sync 1 DAGs
[2023-11-27T01:56:18.314+0000] {logging_mixin.py:151} INFO - [2023-11-27T01:56:18.314+0000] {dag.py:3696} INFO - Setting next_dagrun for get_omni_transactions to 2023-11-27T01:30:00+00:00, run_after=2023-11-27T01:45:00+00:00
[2023-11-27T01:56:18.322+0000] {processor.py:179} INFO - Processing /opt/airflow/dags/omni/transactions_dag.py took 0.212 seconds
[2023-11-27T01:56:48.544+0000] {processor.py:157} INFO - Started process (PID=490) to work on /opt/airflow/dags/omni/transactions_dag.py
[2023-11-27T01:56:48.545+0000] {processor.py:829} INFO - Processing file /opt/airflow/dags/omni/transactions_dag.py for tasks to queue
[2023-11-27T01:56:48.548+0000] {logging_mixin.py:151} INFO - [2023-11-27T01:56:48.547+0000] {dagbag.py:539} INFO - Filling up the DagBag from /opt/airflow/dags/omni/transactions_dag.py
[2023-11-27T01:56:48.730+0000] {processor.py:839} INFO - DAG(s) dict_keys(['get_omni_transactions']) retrieved from /opt/airflow/dags/omni/transactions_dag.py
[2023-11-27T01:56:48.745+0000] {logging_mixin.py:151} INFO - [2023-11-27T01:56:48.745+0000] {dag.py:2915} INFO - Sync 1 DAGs
[2023-11-27T01:56:48.756+0000] {logging_mixin.py:151} INFO - [2023-11-27T01:56:48.756+0000] {dag.py:3696} INFO - Setting next_dagrun for get_omni_transactions to 2023-11-27T01:30:00+00:00, run_after=2023-11-27T01:45:00+00:00
[2023-11-27T01:56:48.764+0000] {processor.py:179} INFO - Processing /opt/airflow/dags/omni/transactions_dag.py took 0.224 seconds
[2023-11-27T01:57:19.037+0000] {processor.py:157} INFO - Started process (PID=509) to work on /opt/airflow/dags/omni/transactions_dag.py
[2023-11-27T01:57:19.038+0000] {processor.py:829} INFO - Processing file /opt/airflow/dags/omni/transactions_dag.py for tasks to queue
[2023-11-27T01:57:19.040+0000] {logging_mixin.py:151} INFO - [2023-11-27T01:57:19.040+0000] {dagbag.py:539} INFO - Filling up the DagBag from /opt/airflow/dags/omni/transactions_dag.py
[2023-11-27T01:57:19.208+0000] {processor.py:839} INFO - DAG(s) dict_keys(['get_omni_transactions']) retrieved from /opt/airflow/dags/omni/transactions_dag.py
[2023-11-27T01:57:19.222+0000] {logging_mixin.py:151} INFO - [2023-11-27T01:57:19.222+0000] {dag.py:2915} INFO - Sync 1 DAGs
[2023-11-27T01:57:19.232+0000] {logging_mixin.py:151} INFO - [2023-11-27T01:57:19.232+0000] {dag.py:3696} INFO - Setting next_dagrun for get_omni_transactions to 2023-11-27T01:30:00+00:00, run_after=2023-11-27T01:45:00+00:00
[2023-11-27T01:57:19.241+0000] {processor.py:179} INFO - Processing /opt/airflow/dags/omni/transactions_dag.py took 0.207 seconds
[2023-11-27T01:57:49.536+0000] {processor.py:157} INFO - Started process (PID=536) to work on /opt/airflow/dags/omni/transactions_dag.py
[2023-11-27T01:57:49.537+0000] {processor.py:829} INFO - Processing file /opt/airflow/dags/omni/transactions_dag.py for tasks to queue
[2023-11-27T01:57:49.539+0000] {logging_mixin.py:151} INFO - [2023-11-27T01:57:49.539+0000] {dagbag.py:539} INFO - Filling up the DagBag from /opt/airflow/dags/omni/transactions_dag.py
[2023-11-27T01:57:49.709+0000] {processor.py:839} INFO - DAG(s) dict_keys(['get_omni_transactions']) retrieved from /opt/airflow/dags/omni/transactions_dag.py
[2023-11-27T01:57:49.723+0000] {logging_mixin.py:151} INFO - [2023-11-27T01:57:49.723+0000] {dag.py:2915} INFO - Sync 1 DAGs
[2023-11-27T01:57:49.734+0000] {logging_mixin.py:151} INFO - [2023-11-27T01:57:49.733+0000] {dag.py:3696} INFO - Setting next_dagrun for get_omni_transactions to 2023-11-27T01:30:00+00:00, run_after=2023-11-27T01:45:00+00:00
[2023-11-27T01:57:49.742+0000] {processor.py:179} INFO - Processing /opt/airflow/dags/omni/transactions_dag.py took 0.209 seconds
[2023-11-27T01:58:19.957+0000] {processor.py:157} INFO - Started process (PID=563) to work on /opt/airflow/dags/omni/transactions_dag.py
[2023-11-27T01:58:19.958+0000] {processor.py:829} INFO - Processing file /opt/airflow/dags/omni/transactions_dag.py for tasks to queue
[2023-11-27T01:58:19.960+0000] {logging_mixin.py:151} INFO - [2023-11-27T01:58:19.960+0000] {dagbag.py:539} INFO - Filling up the DagBag from /opt/airflow/dags/omni/transactions_dag.py
[2023-11-27T01:58:20.138+0000] {processor.py:839} INFO - DAG(s) dict_keys(['get_omni_transactions']) retrieved from /opt/airflow/dags/omni/transactions_dag.py
[2023-11-27T01:58:20.152+0000] {logging_mixin.py:151} INFO - [2023-11-27T01:58:20.152+0000] {dag.py:2915} INFO - Sync 1 DAGs
[2023-11-27T01:58:20.163+0000] {logging_mixin.py:151} INFO - [2023-11-27T01:58:20.163+0000] {dag.py:3696} INFO - Setting next_dagrun for get_omni_transactions to 2023-11-27T01:30:00+00:00, run_after=2023-11-27T01:45:00+00:00
[2023-11-27T01:58:20.171+0000] {processor.py:179} INFO - Processing /opt/airflow/dags/omni/transactions_dag.py took 0.218 seconds
[2023-11-27T01:58:50.430+0000] {processor.py:157} INFO - Started process (PID=590) to work on /opt/airflow/dags/omni/transactions_dag.py
[2023-11-27T01:58:50.431+0000] {processor.py:829} INFO - Processing file /opt/airflow/dags/omni/transactions_dag.py for tasks to queue
[2023-11-27T01:58:50.433+0000] {logging_mixin.py:151} INFO - [2023-11-27T01:58:50.433+0000] {dagbag.py:539} INFO - Filling up the DagBag from /opt/airflow/dags/omni/transactions_dag.py
[2023-11-27T01:58:50.618+0000] {processor.py:839} INFO - DAG(s) dict_keys(['get_omni_transactions']) retrieved from /opt/airflow/dags/omni/transactions_dag.py
[2023-11-27T01:58:50.633+0000] {logging_mixin.py:151} INFO - [2023-11-27T01:58:50.633+0000] {dag.py:2915} INFO - Sync 1 DAGs
[2023-11-27T01:58:50.643+0000] {logging_mixin.py:151} INFO - [2023-11-27T01:58:50.643+0000] {dag.py:3696} INFO - Setting next_dagrun for get_omni_transactions to 2023-11-27T01:30:00+00:00, run_after=2023-11-27T01:45:00+00:00
[2023-11-27T01:58:50.651+0000] {processor.py:179} INFO - Processing /opt/airflow/dags/omni/transactions_dag.py took 0.225 seconds
[2023-11-27T01:59:20.880+0000] {processor.py:157} INFO - Started process (PID=609) to work on /opt/airflow/dags/omni/transactions_dag.py
[2023-11-27T01:59:20.882+0000] {processor.py:829} INFO - Processing file /opt/airflow/dags/omni/transactions_dag.py for tasks to queue
[2023-11-27T01:59:20.884+0000] {logging_mixin.py:151} INFO - [2023-11-27T01:59:20.884+0000] {dagbag.py:539} INFO - Filling up the DagBag from /opt/airflow/dags/omni/transactions_dag.py
[2023-11-27T01:59:21.058+0000] {processor.py:839} INFO - DAG(s) dict_keys(['get_omni_transactions']) retrieved from /opt/airflow/dags/omni/transactions_dag.py
[2023-11-27T01:59:21.072+0000] {logging_mixin.py:151} INFO - [2023-11-27T01:59:21.071+0000] {dag.py:2915} INFO - Sync 1 DAGs
[2023-11-27T01:59:21.082+0000] {logging_mixin.py:151} INFO - [2023-11-27T01:59:21.082+0000] {dag.py:3696} INFO - Setting next_dagrun for get_omni_transactions to 2023-11-27T01:30:00+00:00, run_after=2023-11-27T01:45:00+00:00
[2023-11-27T01:59:21.090+0000] {processor.py:179} INFO - Processing /opt/airflow/dags/omni/transactions_dag.py took 0.214 seconds
[2023-11-27T01:59:51.308+0000] {processor.py:157} INFO - Started process (PID=636) to work on /opt/airflow/dags/omni/transactions_dag.py
[2023-11-27T01:59:51.309+0000] {processor.py:829} INFO - Processing file /opt/airflow/dags/omni/transactions_dag.py for tasks to queue
[2023-11-27T01:59:51.311+0000] {logging_mixin.py:151} INFO - [2023-11-27T01:59:51.311+0000] {dagbag.py:539} INFO - Filling up the DagBag from /opt/airflow/dags/omni/transactions_dag.py
[2023-11-27T01:59:51.487+0000] {processor.py:839} INFO - DAG(s) dict_keys(['get_omni_transactions']) retrieved from /opt/airflow/dags/omni/transactions_dag.py
[2023-11-27T01:59:51.501+0000] {logging_mixin.py:151} INFO - [2023-11-27T01:59:51.501+0000] {dag.py:2915} INFO - Sync 1 DAGs
[2023-11-27T01:59:51.511+0000] {logging_mixin.py:151} INFO - [2023-11-27T01:59:51.511+0000] {dag.py:3696} INFO - Setting next_dagrun for get_omni_transactions to 2023-11-27T01:30:00+00:00, run_after=2023-11-27T01:45:00+00:00
[2023-11-27T01:59:51.519+0000] {processor.py:179} INFO - Processing /opt/airflow/dags/omni/transactions_dag.py took 0.215 seconds
[2023-11-27T02:00:21.752+0000] {processor.py:157} INFO - Started process (PID=663) to work on /opt/airflow/dags/omni/transactions_dag.py
[2023-11-27T02:00:21.753+0000] {processor.py:829} INFO - Processing file /opt/airflow/dags/omni/transactions_dag.py for tasks to queue
[2023-11-27T02:00:21.755+0000] {logging_mixin.py:151} INFO - [2023-11-27T02:00:21.755+0000] {dagbag.py:539} INFO - Filling up the DagBag from /opt/airflow/dags/omni/transactions_dag.py
[2023-11-27T02:00:21.936+0000] {processor.py:839} INFO - DAG(s) dict_keys(['get_omni_transactions']) retrieved from /opt/airflow/dags/omni/transactions_dag.py
[2023-11-27T02:00:21.951+0000] {logging_mixin.py:151} INFO - [2023-11-27T02:00:21.950+0000] {dag.py:2915} INFO - Sync 1 DAGs
[2023-11-27T02:00:21.962+0000] {logging_mixin.py:151} INFO - [2023-11-27T02:00:21.962+0000] {dag.py:3696} INFO - Setting next_dagrun for get_omni_transactions to 2023-11-27T01:45:00+00:00, run_after=2023-11-27T02:00:00+00:00
[2023-11-27T02:00:21.970+0000] {processor.py:179} INFO - Processing /opt/airflow/dags/omni/transactions_dag.py took 0.221 seconds
[2023-11-27T02:00:52.242+0000] {processor.py:157} INFO - Started process (PID=690) to work on /opt/airflow/dags/omni/transactions_dag.py
[2023-11-27T02:00:52.243+0000] {processor.py:829} INFO - Processing file /opt/airflow/dags/omni/transactions_dag.py for tasks to queue
[2023-11-27T02:00:52.249+0000] {logging_mixin.py:151} INFO - [2023-11-27T02:00:52.249+0000] {dagbag.py:539} INFO - Filling up the DagBag from /opt/airflow/dags/omni/transactions_dag.py
[2023-11-27T02:00:52.427+0000] {processor.py:839} INFO - DAG(s) dict_keys(['get_omni_transactions']) retrieved from /opt/airflow/dags/omni/transactions_dag.py
[2023-11-27T02:00:52.442+0000] {logging_mixin.py:151} INFO - [2023-11-27T02:00:52.442+0000] {dag.py:2915} INFO - Sync 1 DAGs
[2023-11-27T02:00:52.454+0000] {logging_mixin.py:151} INFO - [2023-11-27T02:00:52.454+0000] {dag.py:3696} INFO - Setting next_dagrun for get_omni_transactions to 2023-11-27T01:45:00+00:00, run_after=2023-11-27T02:00:00+00:00
[2023-11-27T02:00:52.462+0000] {processor.py:179} INFO - Processing /opt/airflow/dags/omni/transactions_dag.py took 0.223 seconds
[2023-11-27T02:01:22.700+0000] {processor.py:157} INFO - Started process (PID=716) to work on /opt/airflow/dags/omni/transactions_dag.py
[2023-11-27T02:01:22.701+0000] {processor.py:829} INFO - Processing file /opt/airflow/dags/omni/transactions_dag.py for tasks to queue
[2023-11-27T02:01:22.702+0000] {logging_mixin.py:151} INFO - [2023-11-27T02:01:22.702+0000] {dagbag.py:539} INFO - Filling up the DagBag from /opt/airflow/dags/omni/transactions_dag.py
[2023-11-27T02:01:22.881+0000] {processor.py:839} INFO - DAG(s) dict_keys(['get_omni_transactions']) retrieved from /opt/airflow/dags/omni/transactions_dag.py
[2023-11-27T02:01:22.895+0000] {logging_mixin.py:151} INFO - [2023-11-27T02:01:22.895+0000] {dag.py:2915} INFO - Sync 1 DAGs
[2023-11-27T02:01:22.908+0000] {logging_mixin.py:151} INFO - [2023-11-27T02:01:22.908+0000] {dag.py:3696} INFO - Setting next_dagrun for get_omni_transactions to 2023-11-27T01:45:00+00:00, run_after=2023-11-27T02:00:00+00:00
[2023-11-27T02:01:22.918+0000] {processor.py:179} INFO - Processing /opt/airflow/dags/omni/transactions_dag.py took 0.221 seconds
[2023-11-27T02:01:53.158+0000] {processor.py:157} INFO - Started process (PID=736) to work on /opt/airflow/dags/omni/transactions_dag.py
[2023-11-27T02:01:53.159+0000] {processor.py:829} INFO - Processing file /opt/airflow/dags/omni/transactions_dag.py for tasks to queue
[2023-11-27T02:01:53.161+0000] {logging_mixin.py:151} INFO - [2023-11-27T02:01:53.161+0000] {dagbag.py:539} INFO - Filling up the DagBag from /opt/airflow/dags/omni/transactions_dag.py
[2023-11-27T02:01:53.357+0000] {processor.py:839} INFO - DAG(s) dict_keys(['get_omni_transactions']) retrieved from /opt/airflow/dags/omni/transactions_dag.py
[2023-11-27T02:01:53.374+0000] {logging_mixin.py:151} INFO - [2023-11-27T02:01:53.373+0000] {dag.py:2915} INFO - Sync 1 DAGs
[2023-11-27T02:01:53.385+0000] {logging_mixin.py:151} INFO - [2023-11-27T02:01:53.385+0000] {dag.py:3696} INFO - Setting next_dagrun for get_omni_transactions to 2023-11-27T01:45:00+00:00, run_after=2023-11-27T02:00:00+00:00
[2023-11-27T02:01:53.394+0000] {processor.py:179} INFO - Processing /opt/airflow/dags/omni/transactions_dag.py took 0.239 seconds
[2023-11-27T02:02:23.615+0000] {processor.py:157} INFO - Started process (PID=763) to work on /opt/airflow/dags/omni/transactions_dag.py
[2023-11-27T02:02:23.616+0000] {processor.py:829} INFO - Processing file /opt/airflow/dags/omni/transactions_dag.py for tasks to queue
[2023-11-27T02:02:23.618+0000] {logging_mixin.py:151} INFO - [2023-11-27T02:02:23.618+0000] {dagbag.py:539} INFO - Filling up the DagBag from /opt/airflow/dags/omni/transactions_dag.py
[2023-11-27T02:02:23.790+0000] {processor.py:839} INFO - DAG(s) dict_keys(['get_omni_transactions']) retrieved from /opt/airflow/dags/omni/transactions_dag.py
[2023-11-27T02:02:23.804+0000] {logging_mixin.py:151} INFO - [2023-11-27T02:02:23.804+0000] {dag.py:2915} INFO - Sync 1 DAGs
[2023-11-27T02:02:23.815+0000] {logging_mixin.py:151} INFO - [2023-11-27T02:02:23.814+0000] {dag.py:3696} INFO - Setting next_dagrun for get_omni_transactions to 2023-11-27T01:45:00+00:00, run_after=2023-11-27T02:00:00+00:00
[2023-11-27T02:02:23.823+0000] {processor.py:179} INFO - Processing /opt/airflow/dags/omni/transactions_dag.py took 0.210 seconds
[2023-11-27T02:02:54.024+0000] {processor.py:157} INFO - Started process (PID=790) to work on /opt/airflow/dags/omni/transactions_dag.py
[2023-11-27T02:02:54.025+0000] {processor.py:829} INFO - Processing file /opt/airflow/dags/omni/transactions_dag.py for tasks to queue
[2023-11-27T02:02:54.027+0000] {logging_mixin.py:151} INFO - [2023-11-27T02:02:54.027+0000] {dagbag.py:539} INFO - Filling up the DagBag from /opt/airflow/dags/omni/transactions_dag.py
[2023-11-27T02:02:54.202+0000] {processor.py:839} INFO - DAG(s) dict_keys(['get_omni_transactions']) retrieved from /opt/airflow/dags/omni/transactions_dag.py
[2023-11-27T02:02:54.217+0000] {logging_mixin.py:151} INFO - [2023-11-27T02:02:54.216+0000] {dag.py:2915} INFO - Sync 1 DAGs
[2023-11-27T02:02:54.227+0000] {logging_mixin.py:151} INFO - [2023-11-27T02:02:54.227+0000] {dag.py:3696} INFO - Setting next_dagrun for get_omni_transactions to 2023-11-27T01:45:00+00:00, run_after=2023-11-27T02:00:00+00:00
[2023-11-27T02:02:54.237+0000] {processor.py:179} INFO - Processing /opt/airflow/dags/omni/transactions_dag.py took 0.216 seconds
[2023-11-27T02:03:24.411+0000] {processor.py:157} INFO - Started process (PID=816) to work on /opt/airflow/dags/omni/transactions_dag.py
[2023-11-27T02:03:24.412+0000] {processor.py:829} INFO - Processing file /opt/airflow/dags/omni/transactions_dag.py for tasks to queue
[2023-11-27T02:03:24.413+0000] {logging_mixin.py:151} INFO - [2023-11-27T02:03:24.413+0000] {dagbag.py:539} INFO - Filling up the DagBag from /opt/airflow/dags/omni/transactions_dag.py
[2023-11-27T02:03:24.592+0000] {processor.py:839} INFO - DAG(s) dict_keys(['get_omni_transactions']) retrieved from /opt/airflow/dags/omni/transactions_dag.py
[2023-11-27T02:03:24.607+0000] {logging_mixin.py:151} INFO - [2023-11-27T02:03:24.607+0000] {dag.py:2915} INFO - Sync 1 DAGs
[2023-11-27T02:03:24.619+0000] {logging_mixin.py:151} INFO - [2023-11-27T02:03:24.619+0000] {dag.py:3696} INFO - Setting next_dagrun for get_omni_transactions to 2023-11-27T01:45:00+00:00, run_after=2023-11-27T02:00:00+00:00
[2023-11-27T02:03:24.628+0000] {processor.py:179} INFO - Processing /opt/airflow/dags/omni/transactions_dag.py took 0.220 seconds
[2023-11-27T02:03:54.830+0000] {processor.py:157} INFO - Started process (PID=836) to work on /opt/airflow/dags/omni/transactions_dag.py
[2023-11-27T02:03:54.831+0000] {processor.py:829} INFO - Processing file /opt/airflow/dags/omni/transactions_dag.py for tasks to queue
[2023-11-27T02:03:54.833+0000] {logging_mixin.py:151} INFO - [2023-11-27T02:03:54.832+0000] {dagbag.py:539} INFO - Filling up the DagBag from /opt/airflow/dags/omni/transactions_dag.py
[2023-11-27T02:03:55.001+0000] {processor.py:839} INFO - DAG(s) dict_keys(['get_omni_transactions']) retrieved from /opt/airflow/dags/omni/transactions_dag.py
[2023-11-27T02:03:55.018+0000] {logging_mixin.py:151} INFO - [2023-11-27T02:03:55.017+0000] {dag.py:2915} INFO - Sync 1 DAGs
[2023-11-27T02:03:55.030+0000] {logging_mixin.py:151} INFO - [2023-11-27T02:03:55.030+0000] {dag.py:3696} INFO - Setting next_dagrun for get_omni_transactions to 2023-11-27T01:45:00+00:00, run_after=2023-11-27T02:00:00+00:00
[2023-11-27T02:03:55.041+0000] {processor.py:179} INFO - Processing /opt/airflow/dags/omni/transactions_dag.py took 0.214 seconds
[2023-11-27T02:04:25.275+0000] {processor.py:157} INFO - Started process (PID=863) to work on /opt/airflow/dags/omni/transactions_dag.py
[2023-11-27T02:04:25.276+0000] {processor.py:829} INFO - Processing file /opt/airflow/dags/omni/transactions_dag.py for tasks to queue
[2023-11-27T02:04:25.278+0000] {logging_mixin.py:151} INFO - [2023-11-27T02:04:25.278+0000] {dagbag.py:539} INFO - Filling up the DagBag from /opt/airflow/dags/omni/transactions_dag.py
[2023-11-27T02:04:25.458+0000] {processor.py:839} INFO - DAG(s) dict_keys(['get_omni_transactions']) retrieved from /opt/airflow/dags/omni/transactions_dag.py
[2023-11-27T02:04:25.473+0000] {logging_mixin.py:151} INFO - [2023-11-27T02:04:25.473+0000] {dag.py:2915} INFO - Sync 1 DAGs
[2023-11-27T02:04:25.484+0000] {logging_mixin.py:151} INFO - [2023-11-27T02:04:25.484+0000] {dag.py:3696} INFO - Setting next_dagrun for get_omni_transactions to 2023-11-27T01:45:00+00:00, run_after=2023-11-27T02:00:00+00:00
[2023-11-27T02:04:25.493+0000] {processor.py:179} INFO - Processing /opt/airflow/dags/omni/transactions_dag.py took 0.222 seconds
[2023-11-27T02:04:55.664+0000] {processor.py:157} INFO - Started process (PID=890) to work on /opt/airflow/dags/omni/transactions_dag.py
[2023-11-27T02:04:55.665+0000] {processor.py:829} INFO - Processing file /opt/airflow/dags/omni/transactions_dag.py for tasks to queue
[2023-11-27T02:04:55.667+0000] {logging_mixin.py:151} INFO - [2023-11-27T02:04:55.667+0000] {dagbag.py:539} INFO - Filling up the DagBag from /opt/airflow/dags/omni/transactions_dag.py
[2023-11-27T02:04:55.861+0000] {processor.py:839} INFO - DAG(s) dict_keys(['get_omni_transactions']) retrieved from /opt/airflow/dags/omni/transactions_dag.py
[2023-11-27T02:04:55.878+0000] {logging_mixin.py:151} INFO - [2023-11-27T02:04:55.877+0000] {dag.py:2915} INFO - Sync 1 DAGs
[2023-11-27T02:04:55.890+0000] {logging_mixin.py:151} INFO - [2023-11-27T02:04:55.890+0000] {dag.py:3696} INFO - Setting next_dagrun for get_omni_transactions to 2023-11-27T01:45:00+00:00, run_after=2023-11-27T02:00:00+00:00
[2023-11-27T02:04:55.901+0000] {processor.py:179} INFO - Processing /opt/airflow/dags/omni/transactions_dag.py took 0.240 seconds
[2023-11-27T02:05:26.070+0000] {processor.py:157} INFO - Started process (PID=916) to work on /opt/airflow/dags/omni/transactions_dag.py
[2023-11-27T02:05:26.071+0000] {processor.py:829} INFO - Processing file /opt/airflow/dags/omni/transactions_dag.py for tasks to queue
[2023-11-27T02:05:26.073+0000] {logging_mixin.py:151} INFO - [2023-11-27T02:05:26.073+0000] {dagbag.py:539} INFO - Filling up the DagBag from /opt/airflow/dags/omni/transactions_dag.py
[2023-11-27T02:05:26.259+0000] {processor.py:839} INFO - DAG(s) dict_keys(['get_omni_transactions']) retrieved from /opt/airflow/dags/omni/transactions_dag.py
[2023-11-27T02:05:26.274+0000] {logging_mixin.py:151} INFO - [2023-11-27T02:05:26.273+0000] {dag.py:2915} INFO - Sync 1 DAGs
[2023-11-27T02:05:26.286+0000] {logging_mixin.py:151} INFO - [2023-11-27T02:05:26.286+0000] {dag.py:3696} INFO - Setting next_dagrun for get_omni_transactions to 2023-11-27T01:45:00+00:00, run_after=2023-11-27T02:00:00+00:00
[2023-11-27T02:05:26.297+0000] {processor.py:179} INFO - Processing /opt/airflow/dags/omni/transactions_dag.py took 0.229 seconds
[2023-11-27T02:05:56.539+0000] {processor.py:157} INFO - Started process (PID=936) to work on /opt/airflow/dags/omni/transactions_dag.py
[2023-11-27T02:05:56.540+0000] {processor.py:829} INFO - Processing file /opt/airflow/dags/omni/transactions_dag.py for tasks to queue
[2023-11-27T02:05:56.542+0000] {logging_mixin.py:151} INFO - [2023-11-27T02:05:56.541+0000] {dagbag.py:539} INFO - Filling up the DagBag from /opt/airflow/dags/omni/transactions_dag.py
[2023-11-27T02:05:56.736+0000] {processor.py:839} INFO - DAG(s) dict_keys(['get_omni_transactions']) retrieved from /opt/airflow/dags/omni/transactions_dag.py
[2023-11-27T02:05:56.753+0000] {logging_mixin.py:151} INFO - [2023-11-27T02:05:56.752+0000] {dag.py:2915} INFO - Sync 1 DAGs
[2023-11-27T02:05:56.766+0000] {logging_mixin.py:151} INFO - [2023-11-27T02:05:56.765+0000] {dag.py:3696} INFO - Setting next_dagrun for get_omni_transactions to 2023-11-27T01:45:00+00:00, run_after=2023-11-27T02:00:00+00:00
[2023-11-27T02:05:56.777+0000] {processor.py:179} INFO - Processing /opt/airflow/dags/omni/transactions_dag.py took 0.242 seconds
[2023-11-27T02:06:26.981+0000] {processor.py:157} INFO - Started process (PID=963) to work on /opt/airflow/dags/omni/transactions_dag.py
[2023-11-27T02:06:26.982+0000] {processor.py:829} INFO - Processing file /opt/airflow/dags/omni/transactions_dag.py for tasks to queue
[2023-11-27T02:06:26.985+0000] {logging_mixin.py:151} INFO - [2023-11-27T02:06:26.984+0000] {dagbag.py:539} INFO - Filling up the DagBag from /opt/airflow/dags/omni/transactions_dag.py
[2023-11-27T02:06:27.176+0000] {processor.py:839} INFO - DAG(s) dict_keys(['get_omni_transactions']) retrieved from /opt/airflow/dags/omni/transactions_dag.py
[2023-11-27T02:06:27.193+0000] {logging_mixin.py:151} INFO - [2023-11-27T02:06:27.193+0000] {dag.py:2915} INFO - Sync 1 DAGs
[2023-11-27T02:06:27.207+0000] {logging_mixin.py:151} INFO - [2023-11-27T02:06:27.207+0000] {dag.py:3696} INFO - Setting next_dagrun for get_omni_transactions to 2023-11-27T01:45:00+00:00, run_after=2023-11-27T02:00:00+00:00
[2023-11-27T02:06:27.218+0000] {processor.py:179} INFO - Processing /opt/airflow/dags/omni/transactions_dag.py took 0.240 seconds
[2023-11-27T02:06:57.364+0000] {processor.py:157} INFO - Started process (PID=990) to work on /opt/airflow/dags/omni/transactions_dag.py
[2023-11-27T02:06:57.365+0000] {processor.py:829} INFO - Processing file /opt/airflow/dags/omni/transactions_dag.py for tasks to queue
[2023-11-27T02:06:57.367+0000] {logging_mixin.py:151} INFO - [2023-11-27T02:06:57.367+0000] {dagbag.py:539} INFO - Filling up the DagBag from /opt/airflow/dags/omni/transactions_dag.py
[2023-11-27T02:06:57.548+0000] {processor.py:839} INFO - DAG(s) dict_keys(['get_omni_transactions']) retrieved from /opt/airflow/dags/omni/transactions_dag.py
[2023-11-27T02:06:57.564+0000] {logging_mixin.py:151} INFO - [2023-11-27T02:06:57.564+0000] {dag.py:2915} INFO - Sync 1 DAGs
[2023-11-27T02:06:57.577+0000] {logging_mixin.py:151} INFO - [2023-11-27T02:06:57.577+0000] {dag.py:3696} INFO - Setting next_dagrun for get_omni_transactions to 2023-11-27T01:45:00+00:00, run_after=2023-11-27T02:00:00+00:00
[2023-11-27T02:06:57.588+0000] {processor.py:179} INFO - Processing /opt/airflow/dags/omni/transactions_dag.py took 0.227 seconds
[2023-11-27T02:07:27.817+0000] {processor.py:157} INFO - Started process (PID=1017) to work on /opt/airflow/dags/omni/transactions_dag.py
[2023-11-27T02:07:27.818+0000] {processor.py:829} INFO - Processing file /opt/airflow/dags/omni/transactions_dag.py for tasks to queue
[2023-11-27T02:07:27.819+0000] {logging_mixin.py:151} INFO - [2023-11-27T02:07:27.819+0000] {dagbag.py:539} INFO - Filling up the DagBag from /opt/airflow/dags/omni/transactions_dag.py
[2023-11-27T02:07:27.995+0000] {processor.py:839} INFO - DAG(s) dict_keys(['get_omni_transactions']) retrieved from /opt/airflow/dags/omni/transactions_dag.py
[2023-11-27T02:07:28.013+0000] {logging_mixin.py:151} INFO - [2023-11-27T02:07:28.013+0000] {dag.py:2915} INFO - Sync 1 DAGs
[2023-11-27T02:07:28.025+0000] {logging_mixin.py:151} INFO - [2023-11-27T02:07:28.025+0000] {dag.py:3696} INFO - Setting next_dagrun for get_omni_transactions to 2023-11-27T01:45:00+00:00, run_after=2023-11-27T02:00:00+00:00
[2023-11-27T02:07:28.035+0000] {processor.py:179} INFO - Processing /opt/airflow/dags/omni/transactions_dag.py took 0.220 seconds
[2023-11-27T02:07:58.322+0000] {processor.py:157} INFO - Started process (PID=1036) to work on /opt/airflow/dags/omni/transactions_dag.py
[2023-11-27T02:07:58.323+0000] {processor.py:829} INFO - Processing file /opt/airflow/dags/omni/transactions_dag.py for tasks to queue
[2023-11-27T02:07:58.325+0000] {logging_mixin.py:151} INFO - [2023-11-27T02:07:58.325+0000] {dagbag.py:539} INFO - Filling up the DagBag from /opt/airflow/dags/omni/transactions_dag.py
[2023-11-27T02:07:58.498+0000] {processor.py:839} INFO - DAG(s) dict_keys(['get_omni_transactions']) retrieved from /opt/airflow/dags/omni/transactions_dag.py
[2023-11-27T02:07:58.512+0000] {logging_mixin.py:151} INFO - [2023-11-27T02:07:58.512+0000] {dag.py:2915} INFO - Sync 1 DAGs
[2023-11-27T02:07:58.523+0000] {logging_mixin.py:151} INFO - [2023-11-27T02:07:58.523+0000] {dag.py:3696} INFO - Setting next_dagrun for get_omni_transactions to 2023-11-27T01:45:00+00:00, run_after=2023-11-27T02:00:00+00:00
[2023-11-27T02:07:58.531+0000] {processor.py:179} INFO - Processing /opt/airflow/dags/omni/transactions_dag.py took 0.213 seconds
[2023-11-27T02:08:28.795+0000] {processor.py:157} INFO - Started process (PID=1063) to work on /opt/airflow/dags/omni/transactions_dag.py
[2023-11-27T02:08:28.796+0000] {processor.py:829} INFO - Processing file /opt/airflow/dags/omni/transactions_dag.py for tasks to queue
[2023-11-27T02:08:28.798+0000] {logging_mixin.py:151} INFO - [2023-11-27T02:08:28.798+0000] {dagbag.py:539} INFO - Filling up the DagBag from /opt/airflow/dags/omni/transactions_dag.py
[2023-11-27T02:08:28.977+0000] {processor.py:839} INFO - DAG(s) dict_keys(['get_omni_transactions']) retrieved from /opt/airflow/dags/omni/transactions_dag.py
[2023-11-27T02:08:28.993+0000] {logging_mixin.py:151} INFO - [2023-11-27T02:08:28.993+0000] {dag.py:2915} INFO - Sync 1 DAGs
[2023-11-27T02:08:29.005+0000] {logging_mixin.py:151} INFO - [2023-11-27T02:08:29.004+0000] {dag.py:3696} INFO - Setting next_dagrun for get_omni_transactions to 2023-11-27T01:45:00+00:00, run_after=2023-11-27T02:00:00+00:00
[2023-11-27T02:08:29.015+0000] {processor.py:179} INFO - Processing /opt/airflow/dags/omni/transactions_dag.py took 0.223 seconds
[2023-11-27T02:08:59.261+0000] {processor.py:157} INFO - Started process (PID=1090) to work on /opt/airflow/dags/omni/transactions_dag.py
[2023-11-27T02:08:59.262+0000] {processor.py:829} INFO - Processing file /opt/airflow/dags/omni/transactions_dag.py for tasks to queue
[2023-11-27T02:08:59.265+0000] {logging_mixin.py:151} INFO - [2023-11-27T02:08:59.264+0000] {dagbag.py:539} INFO - Filling up the DagBag from /opt/airflow/dags/omni/transactions_dag.py
[2023-11-27T02:08:59.446+0000] {processor.py:839} INFO - DAG(s) dict_keys(['get_omni_transactions']) retrieved from /opt/airflow/dags/omni/transactions_dag.py
[2023-11-27T02:08:59.461+0000] {logging_mixin.py:151} INFO - [2023-11-27T02:08:59.461+0000] {dag.py:2915} INFO - Sync 1 DAGs
[2023-11-27T02:08:59.472+0000] {logging_mixin.py:151} INFO - [2023-11-27T02:08:59.472+0000] {dag.py:3696} INFO - Setting next_dagrun for get_omni_transactions to 2023-11-27T01:45:00+00:00, run_after=2023-11-27T02:00:00+00:00
[2023-11-27T02:08:59.480+0000] {processor.py:179} INFO - Processing /opt/airflow/dags/omni/transactions_dag.py took 0.223 seconds
[2023-11-27T02:09:29.718+0000] {processor.py:157} INFO - Started process (PID=1116) to work on /opt/airflow/dags/omni/transactions_dag.py
[2023-11-27T02:09:29.719+0000] {processor.py:829} INFO - Processing file /opt/airflow/dags/omni/transactions_dag.py for tasks to queue
[2023-11-27T02:09:29.720+0000] {logging_mixin.py:151} INFO - [2023-11-27T02:09:29.720+0000] {dagbag.py:539} INFO - Filling up the DagBag from /opt/airflow/dags/omni/transactions_dag.py
[2023-11-27T02:09:29.912+0000] {processor.py:839} INFO - DAG(s) dict_keys(['get_omni_transactions']) retrieved from /opt/airflow/dags/omni/transactions_dag.py
[2023-11-27T02:09:29.930+0000] {logging_mixin.py:151} INFO - [2023-11-27T02:09:29.929+0000] {dag.py:2915} INFO - Sync 1 DAGs
[2023-11-27T02:09:29.944+0000] {logging_mixin.py:151} INFO - [2023-11-27T02:09:29.944+0000] {dag.py:3696} INFO - Setting next_dagrun for get_omni_transactions to 2023-11-27T01:45:00+00:00, run_after=2023-11-27T02:00:00+00:00
[2023-11-27T02:09:29.956+0000] {processor.py:179} INFO - Processing /opt/airflow/dags/omni/transactions_dag.py took 0.241 seconds
[2023-11-27T02:10:00.151+0000] {processor.py:157} INFO - Started process (PID=1135) to work on /opt/airflow/dags/omni/transactions_dag.py
[2023-11-27T02:10:00.152+0000] {processor.py:829} INFO - Processing file /opt/airflow/dags/omni/transactions_dag.py for tasks to queue
[2023-11-27T02:10:00.154+0000] {logging_mixin.py:151} INFO - [2023-11-27T02:10:00.154+0000] {dagbag.py:539} INFO - Filling up the DagBag from /opt/airflow/dags/omni/transactions_dag.py
[2023-11-27T02:10:00.351+0000] {processor.py:839} INFO - DAG(s) dict_keys(['get_omni_transactions']) retrieved from /opt/airflow/dags/omni/transactions_dag.py
[2023-11-27T02:10:00.370+0000] {logging_mixin.py:151} INFO - [2023-11-27T02:10:00.370+0000] {dag.py:2915} INFO - Sync 1 DAGs
[2023-11-27T02:10:00.383+0000] {logging_mixin.py:151} INFO - [2023-11-27T02:10:00.383+0000] {dag.py:3696} INFO - Setting next_dagrun for get_omni_transactions to 2023-11-27T01:45:00+00:00, run_after=2023-11-27T02:00:00+00:00
[2023-11-27T02:10:00.395+0000] {processor.py:179} INFO - Processing /opt/airflow/dags/omni/transactions_dag.py took 0.247 seconds
[2023-11-27T02:10:30.571+0000] {processor.py:157} INFO - Started process (PID=1162) to work on /opt/airflow/dags/omni/transactions_dag.py
[2023-11-27T02:10:30.572+0000] {processor.py:829} INFO - Processing file /opt/airflow/dags/omni/transactions_dag.py for tasks to queue
[2023-11-27T02:10:30.575+0000] {logging_mixin.py:151} INFO - [2023-11-27T02:10:30.575+0000] {dagbag.py:539} INFO - Filling up the DagBag from /opt/airflow/dags/omni/transactions_dag.py
[2023-11-27T02:10:30.762+0000] {processor.py:839} INFO - DAG(s) dict_keys(['get_omni_transactions']) retrieved from /opt/airflow/dags/omni/transactions_dag.py
[2023-11-27T02:10:30.780+0000] {logging_mixin.py:151} INFO - [2023-11-27T02:10:30.779+0000] {dag.py:2915} INFO - Sync 1 DAGs
[2023-11-27T02:10:30.793+0000] {logging_mixin.py:151} INFO - [2023-11-27T02:10:30.793+0000] {dag.py:3696} INFO - Setting next_dagrun for get_omni_transactions to 2023-11-27T01:45:00+00:00, run_after=2023-11-27T02:00:00+00:00
[2023-11-27T02:10:30.802+0000] {processor.py:179} INFO - Processing /opt/airflow/dags/omni/transactions_dag.py took 0.235 seconds
[2023-11-27T02:11:01.057+0000] {processor.py:157} INFO - Started process (PID=1189) to work on /opt/airflow/dags/omni/transactions_dag.py
[2023-11-27T02:11:01.058+0000] {processor.py:829} INFO - Processing file /opt/airflow/dags/omni/transactions_dag.py for tasks to queue
[2023-11-27T02:11:01.061+0000] {logging_mixin.py:151} INFO - [2023-11-27T02:11:01.061+0000] {dagbag.py:539} INFO - Filling up the DagBag from /opt/airflow/dags/omni/transactions_dag.py
[2023-11-27T02:11:01.238+0000] {processor.py:839} INFO - DAG(s) dict_keys(['get_omni_transactions']) retrieved from /opt/airflow/dags/omni/transactions_dag.py
[2023-11-27T02:11:01.252+0000] {logging_mixin.py:151} INFO - [2023-11-27T02:11:01.252+0000] {dag.py:2915} INFO - Sync 1 DAGs
[2023-11-27T02:11:01.263+0000] {logging_mixin.py:151} INFO - [2023-11-27T02:11:01.263+0000] {dag.py:3696} INFO - Setting next_dagrun for get_omni_transactions to 2023-11-27T01:45:00+00:00, run_after=2023-11-27T02:00:00+00:00
[2023-11-27T02:11:01.272+0000] {processor.py:179} INFO - Processing /opt/airflow/dags/omni/transactions_dag.py took 0.219 seconds
[2023-11-27T02:11:31.550+0000] {processor.py:157} INFO - Started process (PID=1216) to work on /opt/airflow/dags/omni/transactions_dag.py
[2023-11-27T02:11:31.551+0000] {processor.py:829} INFO - Processing file /opt/airflow/dags/omni/transactions_dag.py for tasks to queue
[2023-11-27T02:11:31.552+0000] {logging_mixin.py:151} INFO - [2023-11-27T02:11:31.552+0000] {dagbag.py:539} INFO - Filling up the DagBag from /opt/airflow/dags/omni/transactions_dag.py
[2023-11-27T02:11:31.748+0000] {processor.py:839} INFO - DAG(s) dict_keys(['get_omni_transactions']) retrieved from /opt/airflow/dags/omni/transactions_dag.py
[2023-11-27T02:11:31.768+0000] {logging_mixin.py:151} INFO - [2023-11-27T02:11:31.768+0000] {dag.py:2915} INFO - Sync 1 DAGs
[2023-11-27T02:11:31.784+0000] {logging_mixin.py:151} INFO - [2023-11-27T02:11:31.784+0000] {dag.py:3696} INFO - Setting next_dagrun for get_omni_transactions to 2023-11-27T01:45:00+00:00, run_after=2023-11-27T02:00:00+00:00
[2023-11-27T02:11:31.798+0000] {processor.py:179} INFO - Processing /opt/airflow/dags/omni/transactions_dag.py took 0.250 seconds
[2023-11-27T02:12:01.975+0000] {processor.py:157} INFO - Started process (PID=1235) to work on /opt/airflow/dags/omni/transactions_dag.py
[2023-11-27T02:12:01.976+0000] {processor.py:829} INFO - Processing file /opt/airflow/dags/omni/transactions_dag.py for tasks to queue
[2023-11-27T02:12:01.978+0000] {logging_mixin.py:151} INFO - [2023-11-27T02:12:01.978+0000] {dagbag.py:539} INFO - Filling up the DagBag from /opt/airflow/dags/omni/transactions_dag.py
[2023-11-27T02:12:02.165+0000] {processor.py:839} INFO - DAG(s) dict_keys(['get_omni_transactions']) retrieved from /opt/airflow/dags/omni/transactions_dag.py
[2023-11-27T02:12:02.179+0000] {logging_mixin.py:151} INFO - [2023-11-27T02:12:02.179+0000] {dag.py:2915} INFO - Sync 1 DAGs
[2023-11-27T02:12:02.191+0000] {logging_mixin.py:151} INFO - [2023-11-27T02:12:02.191+0000] {dag.py:3696} INFO - Setting next_dagrun for get_omni_transactions to 2023-11-27T01:45:00+00:00, run_after=2023-11-27T02:00:00+00:00
[2023-11-27T02:12:02.202+0000] {processor.py:179} INFO - Processing /opt/airflow/dags/omni/transactions_dag.py took 0.229 seconds
[2023-11-27T02:12:32.427+0000] {processor.py:157} INFO - Started process (PID=1262) to work on /opt/airflow/dags/omni/transactions_dag.py
[2023-11-27T02:12:32.428+0000] {processor.py:829} INFO - Processing file /opt/airflow/dags/omni/transactions_dag.py for tasks to queue
[2023-11-27T02:12:32.429+0000] {logging_mixin.py:151} INFO - [2023-11-27T02:12:32.429+0000] {dagbag.py:539} INFO - Filling up the DagBag from /opt/airflow/dags/omni/transactions_dag.py
[2023-11-27T02:12:32.615+0000] {processor.py:839} INFO - DAG(s) dict_keys(['get_omni_transactions']) retrieved from /opt/airflow/dags/omni/transactions_dag.py
[2023-11-27T02:12:32.630+0000] {logging_mixin.py:151} INFO - [2023-11-27T02:12:32.630+0000] {dag.py:2915} INFO - Sync 1 DAGs
[2023-11-27T02:12:32.644+0000] {logging_mixin.py:151} INFO - [2023-11-27T02:12:32.643+0000] {dag.py:3696} INFO - Setting next_dagrun for get_omni_transactions to 2023-11-27T01:45:00+00:00, run_after=2023-11-27T02:00:00+00:00
[2023-11-27T02:12:32.654+0000] {processor.py:179} INFO - Processing /opt/airflow/dags/omni/transactions_dag.py took 0.229 seconds
[2023-11-27T02:13:02.919+0000] {processor.py:157} INFO - Started process (PID=1289) to work on /opt/airflow/dags/omni/transactions_dag.py
[2023-11-27T02:13:02.920+0000] {processor.py:829} INFO - Processing file /opt/airflow/dags/omni/transactions_dag.py for tasks to queue
[2023-11-27T02:13:02.923+0000] {logging_mixin.py:151} INFO - [2023-11-27T02:13:02.922+0000] {dagbag.py:539} INFO - Filling up the DagBag from /opt/airflow/dags/omni/transactions_dag.py
[2023-11-27T02:13:03.111+0000] {processor.py:839} INFO - DAG(s) dict_keys(['get_omni_transactions']) retrieved from /opt/airflow/dags/omni/transactions_dag.py
[2023-11-27T02:13:03.127+0000] {logging_mixin.py:151} INFO - [2023-11-27T02:13:03.127+0000] {dag.py:2915} INFO - Sync 1 DAGs
[2023-11-27T02:13:03.139+0000] {logging_mixin.py:151} INFO - [2023-11-27T02:13:03.139+0000] {dag.py:3696} INFO - Setting next_dagrun for get_omni_transactions to 2023-11-27T01:45:00+00:00, run_after=2023-11-27T02:00:00+00:00
[2023-11-27T02:13:03.150+0000] {processor.py:179} INFO - Processing /opt/airflow/dags/omni/transactions_dag.py took 0.235 seconds
[2023-11-27T02:13:33.282+0000] {processor.py:157} INFO - Started process (PID=1316) to work on /opt/airflow/dags/omni/transactions_dag.py
[2023-11-27T02:13:33.283+0000] {processor.py:829} INFO - Processing file /opt/airflow/dags/omni/transactions_dag.py for tasks to queue
[2023-11-27T02:13:33.284+0000] {logging_mixin.py:151} INFO - [2023-11-27T02:13:33.284+0000] {dagbag.py:539} INFO - Filling up the DagBag from /opt/airflow/dags/omni/transactions_dag.py
[2023-11-27T02:13:33.480+0000] {processor.py:839} INFO - DAG(s) dict_keys(['get_omni_transactions']) retrieved from /opt/airflow/dags/omni/transactions_dag.py
[2023-11-27T02:13:33.498+0000] {logging_mixin.py:151} INFO - [2023-11-27T02:13:33.498+0000] {dag.py:2915} INFO - Sync 1 DAGs
[2023-11-27T02:13:33.511+0000] {logging_mixin.py:151} INFO - [2023-11-27T02:13:33.511+0000] {dag.py:3696} INFO - Setting next_dagrun for get_omni_transactions to 2023-11-27T01:45:00+00:00, run_after=2023-11-27T02:00:00+00:00
[2023-11-27T02:13:33.521+0000] {processor.py:179} INFO - Processing /opt/airflow/dags/omni/transactions_dag.py took 0.242 seconds
[2023-11-27T02:14:03.723+0000] {processor.py:157} INFO - Started process (PID=1335) to work on /opt/airflow/dags/omni/transactions_dag.py
[2023-11-27T02:14:03.724+0000] {processor.py:829} INFO - Processing file /opt/airflow/dags/omni/transactions_dag.py for tasks to queue
[2023-11-27T02:14:03.726+0000] {logging_mixin.py:151} INFO - [2023-11-27T02:14:03.726+0000] {dagbag.py:539} INFO - Filling up the DagBag from /opt/airflow/dags/omni/transactions_dag.py
[2023-11-27T02:14:03.915+0000] {processor.py:839} INFO - DAG(s) dict_keys(['get_omni_transactions']) retrieved from /opt/airflow/dags/omni/transactions_dag.py
[2023-11-27T02:14:03.931+0000] {logging_mixin.py:151} INFO - [2023-11-27T02:14:03.931+0000] {dag.py:2915} INFO - Sync 1 DAGs
[2023-11-27T02:14:03.942+0000] {logging_mixin.py:151} INFO - [2023-11-27T02:14:03.942+0000] {dag.py:3696} INFO - Setting next_dagrun for get_omni_transactions to 2023-11-27T01:45:00+00:00, run_after=2023-11-27T02:00:00+00:00
[2023-11-27T02:14:03.955+0000] {processor.py:179} INFO - Processing /opt/airflow/dags/omni/transactions_dag.py took 0.236 seconds
[2023-11-27T02:14:34.244+0000] {processor.py:157} INFO - Started process (PID=1362) to work on /opt/airflow/dags/omni/transactions_dag.py
[2023-11-27T02:14:34.246+0000] {processor.py:829} INFO - Processing file /opt/airflow/dags/omni/transactions_dag.py for tasks to queue
[2023-11-27T02:14:34.248+0000] {logging_mixin.py:151} INFO - [2023-11-27T02:14:34.248+0000] {dagbag.py:539} INFO - Filling up the DagBag from /opt/airflow/dags/omni/transactions_dag.py
[2023-11-27T02:14:34.432+0000] {processor.py:839} INFO - DAG(s) dict_keys(['get_omni_transactions']) retrieved from /opt/airflow/dags/omni/transactions_dag.py
[2023-11-27T02:14:34.448+0000] {logging_mixin.py:151} INFO - [2023-11-27T02:14:34.448+0000] {dag.py:2915} INFO - Sync 1 DAGs
[2023-11-27T02:14:34.460+0000] {logging_mixin.py:151} INFO - [2023-11-27T02:14:34.460+0000] {dag.py:3696} INFO - Setting next_dagrun for get_omni_transactions to 2023-11-27T01:45:00+00:00, run_after=2023-11-27T02:00:00+00:00
[2023-11-27T02:14:34.468+0000] {processor.py:179} INFO - Processing /opt/airflow/dags/omni/transactions_dag.py took 0.228 seconds
[2023-11-27T02:15:04.741+0000] {processor.py:157} INFO - Started process (PID=1389) to work on /opt/airflow/dags/omni/transactions_dag.py
[2023-11-27T02:15:04.743+0000] {processor.py:829} INFO - Processing file /opt/airflow/dags/omni/transactions_dag.py for tasks to queue
[2023-11-27T02:15:04.745+0000] {logging_mixin.py:151} INFO - [2023-11-27T02:15:04.745+0000] {dagbag.py:539} INFO - Filling up the DagBag from /opt/airflow/dags/omni/transactions_dag.py
[2023-11-27T02:15:04.930+0000] {processor.py:839} INFO - DAG(s) dict_keys(['get_omni_transactions']) retrieved from /opt/airflow/dags/omni/transactions_dag.py
[2023-11-27T02:15:04.944+0000] {logging_mixin.py:151} INFO - [2023-11-27T02:15:04.944+0000] {dag.py:2915} INFO - Sync 1 DAGs
[2023-11-27T02:15:04.956+0000] {logging_mixin.py:151} INFO - [2023-11-27T02:15:04.955+0000] {dag.py:3696} INFO - Setting next_dagrun for get_omni_transactions to 2023-11-27T02:00:00+00:00, run_after=2023-11-27T02:15:00+00:00
[2023-11-27T02:15:04.964+0000] {processor.py:179} INFO - Processing /opt/airflow/dags/omni/transactions_dag.py took 0.227 seconds
[2023-11-27T02:15:35.183+0000] {processor.py:157} INFO - Started process (PID=1416) to work on /opt/airflow/dags/omni/transactions_dag.py
[2023-11-27T02:15:35.184+0000] {processor.py:829} INFO - Processing file /opt/airflow/dags/omni/transactions_dag.py for tasks to queue
[2023-11-27T02:15:35.185+0000] {logging_mixin.py:151} INFO - [2023-11-27T02:15:35.185+0000] {dagbag.py:539} INFO - Filling up the DagBag from /opt/airflow/dags/omni/transactions_dag.py
[2023-11-27T02:15:35.354+0000] {processor.py:839} INFO - DAG(s) dict_keys(['get_omni_transactions']) retrieved from /opt/airflow/dags/omni/transactions_dag.py
[2023-11-27T02:15:35.368+0000] {logging_mixin.py:151} INFO - [2023-11-27T02:15:35.368+0000] {dag.py:2915} INFO - Sync 1 DAGs
[2023-11-27T02:15:35.378+0000] {logging_mixin.py:151} INFO - [2023-11-27T02:15:35.378+0000] {dag.py:3696} INFO - Setting next_dagrun for get_omni_transactions to 2023-11-27T02:00:00+00:00, run_after=2023-11-27T02:15:00+00:00
[2023-11-27T02:15:35.387+0000] {processor.py:179} INFO - Processing /opt/airflow/dags/omni/transactions_dag.py took 0.206 seconds
[2023-11-27T02:16:05.579+0000] {processor.py:157} INFO - Started process (PID=1435) to work on /opt/airflow/dags/omni/transactions_dag.py
[2023-11-27T02:16:05.580+0000] {processor.py:829} INFO - Processing file /opt/airflow/dags/omni/transactions_dag.py for tasks to queue
[2023-11-27T02:16:05.583+0000] {logging_mixin.py:151} INFO - [2023-11-27T02:16:05.583+0000] {dagbag.py:539} INFO - Filling up the DagBag from /opt/airflow/dags/omni/transactions_dag.py
[2023-11-27T02:16:05.777+0000] {processor.py:839} INFO - DAG(s) dict_keys(['get_omni_transactions']) retrieved from /opt/airflow/dags/omni/transactions_dag.py
[2023-11-27T02:16:05.792+0000] {logging_mixin.py:151} INFO - [2023-11-27T02:16:05.792+0000] {dag.py:2915} INFO - Sync 1 DAGs
[2023-11-27T02:16:05.804+0000] {logging_mixin.py:151} INFO - [2023-11-27T02:16:05.804+0000] {dag.py:3696} INFO - Setting next_dagrun for get_omni_transactions to 2023-11-27T02:00:00+00:00, run_after=2023-11-27T02:15:00+00:00
[2023-11-27T02:16:05.814+0000] {processor.py:179} INFO - Processing /opt/airflow/dags/omni/transactions_dag.py took 0.238 seconds
[2023-11-27T02:16:36.069+0000] {processor.py:157} INFO - Started process (PID=1462) to work on /opt/airflow/dags/omni/transactions_dag.py
[2023-11-27T02:16:36.070+0000] {processor.py:829} INFO - Processing file /opt/airflow/dags/omni/transactions_dag.py for tasks to queue
[2023-11-27T02:16:36.072+0000] {logging_mixin.py:151} INFO - [2023-11-27T02:16:36.072+0000] {dagbag.py:539} INFO - Filling up the DagBag from /opt/airflow/dags/omni/transactions_dag.py
[2023-11-27T02:16:36.247+0000] {processor.py:839} INFO - DAG(s) dict_keys(['get_omni_transactions']) retrieved from /opt/airflow/dags/omni/transactions_dag.py
[2023-11-27T02:16:36.261+0000] {logging_mixin.py:151} INFO - [2023-11-27T02:16:36.261+0000] {dag.py:2915} INFO - Sync 1 DAGs
[2023-11-27T02:16:36.272+0000] {logging_mixin.py:151} INFO - [2023-11-27T02:16:36.272+0000] {dag.py:3696} INFO - Setting next_dagrun for get_omni_transactions to 2023-11-27T02:00:00+00:00, run_after=2023-11-27T02:15:00+00:00
[2023-11-27T02:16:36.281+0000] {processor.py:179} INFO - Processing /opt/airflow/dags/omni/transactions_dag.py took 0.216 seconds
[2023-11-27T02:17:06.480+0000] {processor.py:157} INFO - Started process (PID=1489) to work on /opt/airflow/dags/omni/transactions_dag.py
[2023-11-27T02:17:06.482+0000] {processor.py:829} INFO - Processing file /opt/airflow/dags/omni/transactions_dag.py for tasks to queue
[2023-11-27T02:17:06.484+0000] {logging_mixin.py:151} INFO - [2023-11-27T02:17:06.484+0000] {dagbag.py:539} INFO - Filling up the DagBag from /opt/airflow/dags/omni/transactions_dag.py
[2023-11-27T02:17:06.657+0000] {processor.py:839} INFO - DAG(s) dict_keys(['get_omni_transactions']) retrieved from /opt/airflow/dags/omni/transactions_dag.py
[2023-11-27T02:17:06.671+0000] {logging_mixin.py:151} INFO - [2023-11-27T02:17:06.670+0000] {dag.py:2915} INFO - Sync 1 DAGs
[2023-11-27T02:17:06.682+0000] {logging_mixin.py:151} INFO - [2023-11-27T02:17:06.682+0000] {dag.py:3696} INFO - Setting next_dagrun for get_omni_transactions to 2023-11-27T02:00:00+00:00, run_after=2023-11-27T02:15:00+00:00
[2023-11-27T02:17:06.690+0000] {processor.py:179} INFO - Processing /opt/airflow/dags/omni/transactions_dag.py took 0.214 seconds
[2023-11-27T02:17:36.936+0000] {processor.py:157} INFO - Started process (PID=1517) to work on /opt/airflow/dags/omni/transactions_dag.py
[2023-11-27T02:17:36.937+0000] {processor.py:829} INFO - Processing file /opt/airflow/dags/omni/transactions_dag.py for tasks to queue
[2023-11-27T02:17:36.939+0000] {logging_mixin.py:151} INFO - [2023-11-27T02:17:36.939+0000] {dagbag.py:539} INFO - Filling up the DagBag from /opt/airflow/dags/omni/transactions_dag.py
[2023-11-27T02:17:37.107+0000] {processor.py:839} INFO - DAG(s) dict_keys(['get_omni_transactions']) retrieved from /opt/airflow/dags/omni/transactions_dag.py
[2023-11-27T02:17:37.121+0000] {logging_mixin.py:151} INFO - [2023-11-27T02:17:37.121+0000] {dag.py:2915} INFO - Sync 1 DAGs
[2023-11-27T02:17:37.133+0000] {logging_mixin.py:151} INFO - [2023-11-27T02:17:37.133+0000] {dag.py:3696} INFO - Setting next_dagrun for get_omni_transactions to 2023-11-27T02:00:00+00:00, run_after=2023-11-27T02:15:00+00:00
[2023-11-27T02:17:37.141+0000] {processor.py:179} INFO - Processing /opt/airflow/dags/omni/transactions_dag.py took 0.209 seconds
[2023-11-27T02:18:07.468+0000] {processor.py:157} INFO - Started process (PID=1536) to work on /opt/airflow/dags/omni/transactions_dag.py
[2023-11-27T02:18:07.469+0000] {processor.py:829} INFO - Processing file /opt/airflow/dags/omni/transactions_dag.py for tasks to queue
[2023-11-27T02:18:07.470+0000] {logging_mixin.py:151} INFO - [2023-11-27T02:18:07.470+0000] {dagbag.py:539} INFO - Filling up the DagBag from /opt/airflow/dags/omni/transactions_dag.py
[2023-11-27T02:18:07.633+0000] {processor.py:839} INFO - DAG(s) dict_keys(['get_omni_transactions']) retrieved from /opt/airflow/dags/omni/transactions_dag.py
[2023-11-27T02:18:07.648+0000] {logging_mixin.py:151} INFO - [2023-11-27T02:18:07.648+0000] {dag.py:2915} INFO - Sync 1 DAGs
[2023-11-27T02:18:07.659+0000] {logging_mixin.py:151} INFO - [2023-11-27T02:18:07.659+0000] {dag.py:3696} INFO - Setting next_dagrun for get_omni_transactions to 2023-11-27T02:00:00+00:00, run_after=2023-11-27T02:15:00+00:00
[2023-11-27T02:18:07.669+0000] {processor.py:179} INFO - Processing /opt/airflow/dags/omni/transactions_dag.py took 0.202 seconds
[2023-11-27T02:18:37.894+0000] {processor.py:157} INFO - Started process (PID=1563) to work on /opt/airflow/dags/omni/transactions_dag.py
[2023-11-27T02:18:37.895+0000] {processor.py:829} INFO - Processing file /opt/airflow/dags/omni/transactions_dag.py for tasks to queue
[2023-11-27T02:18:37.898+0000] {logging_mixin.py:151} INFO - [2023-11-27T02:18:37.898+0000] {dagbag.py:539} INFO - Filling up the DagBag from /opt/airflow/dags/omni/transactions_dag.py
[2023-11-27T02:18:38.073+0000] {processor.py:839} INFO - DAG(s) dict_keys(['get_omni_transactions']) retrieved from /opt/airflow/dags/omni/transactions_dag.py
[2023-11-27T02:18:38.087+0000] {logging_mixin.py:151} INFO - [2023-11-27T02:18:38.087+0000] {dag.py:2915} INFO - Sync 1 DAGs
[2023-11-27T02:18:38.099+0000] {logging_mixin.py:151} INFO - [2023-11-27T02:18:38.099+0000] {dag.py:3696} INFO - Setting next_dagrun for get_omni_transactions to 2023-11-27T02:00:00+00:00, run_after=2023-11-27T02:15:00+00:00
[2023-11-27T02:18:38.108+0000] {processor.py:179} INFO - Processing /opt/airflow/dags/omni/transactions_dag.py took 0.218 seconds
[2023-11-27T02:19:08.290+0000] {processor.py:157} INFO - Started process (PID=1590) to work on /opt/airflow/dags/omni/transactions_dag.py
[2023-11-27T02:19:08.291+0000] {processor.py:829} INFO - Processing file /opt/airflow/dags/omni/transactions_dag.py for tasks to queue
[2023-11-27T02:19:08.293+0000] {logging_mixin.py:151} INFO - [2023-11-27T02:19:08.293+0000] {dagbag.py:539} INFO - Filling up the DagBag from /opt/airflow/dags/omni/transactions_dag.py
[2023-11-27T02:19:08.477+0000] {processor.py:839} INFO - DAG(s) dict_keys(['get_omni_transactions']) retrieved from /opt/airflow/dags/omni/transactions_dag.py
[2023-11-27T02:19:08.494+0000] {logging_mixin.py:151} INFO - [2023-11-27T02:19:08.493+0000] {dag.py:2915} INFO - Sync 1 DAGs
[2023-11-27T02:19:08.505+0000] {logging_mixin.py:151} INFO - [2023-11-27T02:19:08.505+0000] {dag.py:3696} INFO - Setting next_dagrun for get_omni_transactions to 2023-11-27T02:00:00+00:00, run_after=2023-11-27T02:15:00+00:00
[2023-11-27T02:19:08.515+0000] {processor.py:179} INFO - Processing /opt/airflow/dags/omni/transactions_dag.py took 0.228 seconds
[2023-11-27T02:19:38.768+0000] {processor.py:157} INFO - Started process (PID=1617) to work on /opt/airflow/dags/omni/transactions_dag.py
[2023-11-27T02:19:38.769+0000] {processor.py:829} INFO - Processing file /opt/airflow/dags/omni/transactions_dag.py for tasks to queue
[2023-11-27T02:19:38.771+0000] {logging_mixin.py:151} INFO - [2023-11-27T02:19:38.771+0000] {dagbag.py:539} INFO - Filling up the DagBag from /opt/airflow/dags/omni/transactions_dag.py
[2023-11-27T02:19:38.956+0000] {processor.py:839} INFO - DAG(s) dict_keys(['get_omni_transactions']) retrieved from /opt/airflow/dags/omni/transactions_dag.py
[2023-11-27T02:19:38.970+0000] {logging_mixin.py:151} INFO - [2023-11-27T02:19:38.970+0000] {dag.py:2915} INFO - Sync 1 DAGs
[2023-11-27T02:19:38.981+0000] {logging_mixin.py:151} INFO - [2023-11-27T02:19:38.981+0000] {dag.py:3696} INFO - Setting next_dagrun for get_omni_transactions to 2023-11-27T02:00:00+00:00, run_after=2023-11-27T02:15:00+00:00
[2023-11-27T02:19:38.990+0000] {processor.py:179} INFO - Processing /opt/airflow/dags/omni/transactions_dag.py took 0.225 seconds
[2023-11-27T02:20:09.199+0000] {processor.py:157} INFO - Started process (PID=1636) to work on /opt/airflow/dags/omni/transactions_dag.py
[2023-11-27T02:20:09.201+0000] {processor.py:829} INFO - Processing file /opt/airflow/dags/omni/transactions_dag.py for tasks to queue
[2023-11-27T02:20:09.204+0000] {logging_mixin.py:151} INFO - [2023-11-27T02:20:09.203+0000] {dagbag.py:539} INFO - Filling up the DagBag from /opt/airflow/dags/omni/transactions_dag.py
[2023-11-27T02:20:09.387+0000] {processor.py:839} INFO - DAG(s) dict_keys(['get_omni_transactions']) retrieved from /opt/airflow/dags/omni/transactions_dag.py
[2023-11-27T02:20:09.404+0000] {logging_mixin.py:151} INFO - [2023-11-27T02:20:09.403+0000] {dag.py:2915} INFO - Sync 1 DAGs
[2023-11-27T02:20:09.416+0000] {logging_mixin.py:151} INFO - [2023-11-27T02:20:09.416+0000] {dag.py:3696} INFO - Setting next_dagrun for get_omni_transactions to 2023-11-27T02:00:00+00:00, run_after=2023-11-27T02:15:00+00:00
[2023-11-27T02:20:09.426+0000] {processor.py:179} INFO - Processing /opt/airflow/dags/omni/transactions_dag.py took 0.232 seconds
[2023-11-27T02:20:39.661+0000] {processor.py:157} INFO - Started process (PID=1663) to work on /opt/airflow/dags/omni/transactions_dag.py
[2023-11-27T02:20:39.662+0000] {processor.py:829} INFO - Processing file /opt/airflow/dags/omni/transactions_dag.py for tasks to queue
[2023-11-27T02:20:39.664+0000] {logging_mixin.py:151} INFO - [2023-11-27T02:20:39.663+0000] {dagbag.py:539} INFO - Filling up the DagBag from /opt/airflow/dags/omni/transactions_dag.py
[2023-11-27T02:20:39.848+0000] {processor.py:839} INFO - DAG(s) dict_keys(['get_omni_transactions']) retrieved from /opt/airflow/dags/omni/transactions_dag.py
[2023-11-27T02:20:39.864+0000] {logging_mixin.py:151} INFO - [2023-11-27T02:20:39.864+0000] {dag.py:2915} INFO - Sync 1 DAGs
[2023-11-27T02:20:39.876+0000] {logging_mixin.py:151} INFO - [2023-11-27T02:20:39.875+0000] {dag.py:3696} INFO - Setting next_dagrun for get_omni_transactions to 2023-11-27T02:00:00+00:00, run_after=2023-11-27T02:15:00+00:00
[2023-11-27T02:20:39.885+0000] {processor.py:179} INFO - Processing /opt/airflow/dags/omni/transactions_dag.py took 0.226 seconds
[2023-11-27T02:21:10.119+0000] {processor.py:157} INFO - Started process (PID=1690) to work on /opt/airflow/dags/omni/transactions_dag.py
[2023-11-27T02:21:10.120+0000] {processor.py:829} INFO - Processing file /opt/airflow/dags/omni/transactions_dag.py for tasks to queue
[2023-11-27T02:21:10.123+0000] {logging_mixin.py:151} INFO - [2023-11-27T02:21:10.123+0000] {dagbag.py:539} INFO - Filling up the DagBag from /opt/airflow/dags/omni/transactions_dag.py
[2023-11-27T02:21:10.303+0000] {processor.py:839} INFO - DAG(s) dict_keys(['get_omni_transactions']) retrieved from /opt/airflow/dags/omni/transactions_dag.py
[2023-11-27T02:21:10.317+0000] {logging_mixin.py:151} INFO - [2023-11-27T02:21:10.317+0000] {dag.py:2915} INFO - Sync 1 DAGs
[2023-11-27T02:21:10.328+0000] {logging_mixin.py:151} INFO - [2023-11-27T02:21:10.327+0000] {dag.py:3696} INFO - Setting next_dagrun for get_omni_transactions to 2023-11-27T02:00:00+00:00, run_after=2023-11-27T02:15:00+00:00
[2023-11-27T02:21:10.336+0000] {processor.py:179} INFO - Processing /opt/airflow/dags/omni/transactions_dag.py took 0.221 seconds
[2023-11-27T02:21:40.579+0000] {processor.py:157} INFO - Started process (PID=1717) to work on /opt/airflow/dags/omni/transactions_dag.py
[2023-11-27T02:21:40.580+0000] {processor.py:829} INFO - Processing file /opt/airflow/dags/omni/transactions_dag.py for tasks to queue
[2023-11-27T02:21:40.583+0000] {logging_mixin.py:151} INFO - [2023-11-27T02:21:40.583+0000] {dagbag.py:539} INFO - Filling up the DagBag from /opt/airflow/dags/omni/transactions_dag.py
[2023-11-27T02:21:40.770+0000] {processor.py:839} INFO - DAG(s) dict_keys(['get_omni_transactions']) retrieved from /opt/airflow/dags/omni/transactions_dag.py
[2023-11-27T02:21:40.786+0000] {logging_mixin.py:151} INFO - [2023-11-27T02:21:40.786+0000] {dag.py:2915} INFO - Sync 1 DAGs
[2023-11-27T02:21:40.797+0000] {logging_mixin.py:151} INFO - [2023-11-27T02:21:40.797+0000] {dag.py:3696} INFO - Setting next_dagrun for get_omni_transactions to 2023-11-27T02:00:00+00:00, run_after=2023-11-27T02:15:00+00:00
[2023-11-27T02:21:40.807+0000] {processor.py:179} INFO - Processing /opt/airflow/dags/omni/transactions_dag.py took 0.234 seconds
[2023-11-27T02:22:10.958+0000] {processor.py:157} INFO - Started process (PID=1736) to work on /opt/airflow/dags/omni/transactions_dag.py
[2023-11-27T02:22:10.959+0000] {processor.py:829} INFO - Processing file /opt/airflow/dags/omni/transactions_dag.py for tasks to queue
[2023-11-27T02:22:10.960+0000] {logging_mixin.py:151} INFO - [2023-11-27T02:22:10.960+0000] {dagbag.py:539} INFO - Filling up the DagBag from /opt/airflow/dags/omni/transactions_dag.py
[2023-11-27T02:22:11.135+0000] {processor.py:839} INFO - DAG(s) dict_keys(['get_omni_transactions']) retrieved from /opt/airflow/dags/omni/transactions_dag.py
[2023-11-27T02:22:11.150+0000] {logging_mixin.py:151} INFO - [2023-11-27T02:22:11.150+0000] {dag.py:2915} INFO - Sync 1 DAGs
[2023-11-27T02:22:11.161+0000] {logging_mixin.py:151} INFO - [2023-11-27T02:22:11.161+0000] {dag.py:3696} INFO - Setting next_dagrun for get_omni_transactions to 2023-11-27T02:00:00+00:00, run_after=2023-11-27T02:15:00+00:00
[2023-11-27T02:22:11.171+0000] {processor.py:179} INFO - Processing /opt/airflow/dags/omni/transactions_dag.py took 0.215 seconds
[2023-11-27T02:32:40.077+0000] {processor.py:157} INFO - Started process (PID=36) to work on /opt/airflow/dags/omni/transactions_dag.py
[2023-11-27T02:32:40.078+0000] {processor.py:829} INFO - Processing file /opt/airflow/dags/omni/transactions_dag.py for tasks to queue
[2023-11-27T02:32:40.081+0000] {logging_mixin.py:151} INFO - [2023-11-27T02:32:40.080+0000] {dagbag.py:539} INFO - Filling up the DagBag from /opt/airflow/dags/omni/transactions_dag.py
[2023-11-27T02:32:40.589+0000] {processor.py:839} INFO - DAG(s) dict_keys(['get_omni_transactions']) retrieved from /opt/airflow/dags/omni/transactions_dag.py
[2023-11-27T02:32:40.612+0000] {logging_mixin.py:151} INFO - [2023-11-27T02:32:40.612+0000] {dag.py:2915} INFO - Sync 1 DAGs
[2023-11-27T02:32:40.625+0000] {logging_mixin.py:151} INFO - [2023-11-27T02:32:40.625+0000] {dag.py:3696} INFO - Setting next_dagrun for get_omni_transactions to 2023-11-27T02:15:00+00:00, run_after=2023-11-27T02:30:00+00:00
[2023-11-27T02:32:40.636+0000] {processor.py:179} INFO - Processing /opt/airflow/dags/omni/transactions_dag.py took 0.562 seconds
[2023-11-27T02:33:10.807+0000] {processor.py:157} INFO - Started process (PID=63) to work on /opt/airflow/dags/omni/transactions_dag.py
[2023-11-27T02:33:10.808+0000] {processor.py:829} INFO - Processing file /opt/airflow/dags/omni/transactions_dag.py for tasks to queue
[2023-11-27T02:33:10.810+0000] {logging_mixin.py:151} INFO - [2023-11-27T02:33:10.810+0000] {dagbag.py:539} INFO - Filling up the DagBag from /opt/airflow/dags/omni/transactions_dag.py
[2023-11-27T02:33:11.057+0000] {processor.py:839} INFO - DAG(s) dict_keys(['get_omni_transactions']) retrieved from /opt/airflow/dags/omni/transactions_dag.py
[2023-11-27T02:33:11.071+0000] {logging_mixin.py:151} INFO - [2023-11-27T02:33:11.070+0000] {dag.py:2915} INFO - Sync 1 DAGs
[2023-11-27T02:33:11.081+0000] {logging_mixin.py:151} INFO - [2023-11-27T02:33:11.081+0000] {dag.py:3696} INFO - Setting next_dagrun for get_omni_transactions to 2023-11-27T02:15:00+00:00, run_after=2023-11-27T02:30:00+00:00
[2023-11-27T02:33:11.092+0000] {processor.py:179} INFO - Processing /opt/airflow/dags/omni/transactions_dag.py took 0.287 seconds
[2023-11-27T02:33:41.164+0000] {processor.py:157} INFO - Started process (PID=90) to work on /opt/airflow/dags/omni/transactions_dag.py
[2023-11-27T02:33:41.165+0000] {processor.py:829} INFO - Processing file /opt/airflow/dags/omni/transactions_dag.py for tasks to queue
[2023-11-27T02:33:41.166+0000] {logging_mixin.py:151} INFO - [2023-11-27T02:33:41.166+0000] {dagbag.py:539} INFO - Filling up the DagBag from /opt/airflow/dags/omni/transactions_dag.py
[2023-11-27T02:33:41.351+0000] {processor.py:839} INFO - DAG(s) dict_keys(['get_omni_transactions']) retrieved from /opt/airflow/dags/omni/transactions_dag.py
[2023-11-27T02:33:41.368+0000] {logging_mixin.py:151} INFO - [2023-11-27T02:33:41.368+0000] {dag.py:2915} INFO - Sync 1 DAGs
[2023-11-27T02:33:41.381+0000] {logging_mixin.py:151} INFO - [2023-11-27T02:33:41.380+0000] {dag.py:3696} INFO - Setting next_dagrun for get_omni_transactions to 2023-11-27T02:15:00+00:00, run_after=2023-11-27T02:30:00+00:00
[2023-11-27T02:33:41.393+0000] {processor.py:179} INFO - Processing /opt/airflow/dags/omni/transactions_dag.py took 0.232 seconds
[2023-11-27T02:34:11.654+0000] {processor.py:157} INFO - Started process (PID=109) to work on /opt/airflow/dags/omni/transactions_dag.py
[2023-11-27T02:34:11.655+0000] {processor.py:829} INFO - Processing file /opt/airflow/dags/omni/transactions_dag.py for tasks to queue
[2023-11-27T02:34:11.657+0000] {logging_mixin.py:151} INFO - [2023-11-27T02:34:11.657+0000] {dagbag.py:539} INFO - Filling up the DagBag from /opt/airflow/dags/omni/transactions_dag.py
[2023-11-27T02:34:11.838+0000] {processor.py:839} INFO - DAG(s) dict_keys(['get_omni_transactions']) retrieved from /opt/airflow/dags/omni/transactions_dag.py
[2023-11-27T02:34:11.852+0000] {logging_mixin.py:151} INFO - [2023-11-27T02:34:11.852+0000] {dag.py:2915} INFO - Sync 1 DAGs
[2023-11-27T02:34:11.863+0000] {logging_mixin.py:151} INFO - [2023-11-27T02:34:11.863+0000] {dag.py:3696} INFO - Setting next_dagrun for get_omni_transactions to 2023-11-27T02:15:00+00:00, run_after=2023-11-27T02:30:00+00:00
[2023-11-27T02:34:11.872+0000] {processor.py:179} INFO - Processing /opt/airflow/dags/omni/transactions_dag.py took 0.222 seconds
[2023-11-27T02:34:42.116+0000] {processor.py:157} INFO - Started process (PID=136) to work on /opt/airflow/dags/omni/transactions_dag.py
[2023-11-27T02:34:42.117+0000] {processor.py:829} INFO - Processing file /opt/airflow/dags/omni/transactions_dag.py for tasks to queue
[2023-11-27T02:34:42.119+0000] {logging_mixin.py:151} INFO - [2023-11-27T02:34:42.119+0000] {dagbag.py:539} INFO - Filling up the DagBag from /opt/airflow/dags/omni/transactions_dag.py
[2023-11-27T02:34:42.307+0000] {processor.py:839} INFO - DAG(s) dict_keys(['get_omni_transactions']) retrieved from /opt/airflow/dags/omni/transactions_dag.py
[2023-11-27T02:34:42.323+0000] {logging_mixin.py:151} INFO - [2023-11-27T02:34:42.323+0000] {dag.py:2915} INFO - Sync 1 DAGs
[2023-11-27T02:34:42.335+0000] {logging_mixin.py:151} INFO - [2023-11-27T02:34:42.334+0000] {dag.py:3696} INFO - Setting next_dagrun for get_omni_transactions to 2023-11-27T02:15:00+00:00, run_after=2023-11-27T02:30:00+00:00
[2023-11-27T02:34:42.344+0000] {processor.py:179} INFO - Processing /opt/airflow/dags/omni/transactions_dag.py took 0.231 seconds
[2023-11-27T02:35:12.544+0000] {processor.py:157} INFO - Started process (PID=163) to work on /opt/airflow/dags/omni/transactions_dag.py
[2023-11-27T02:35:12.545+0000] {processor.py:829} INFO - Processing file /opt/airflow/dags/omni/transactions_dag.py for tasks to queue
[2023-11-27T02:35:12.547+0000] {logging_mixin.py:151} INFO - [2023-11-27T02:35:12.547+0000] {dagbag.py:539} INFO - Filling up the DagBag from /opt/airflow/dags/omni/transactions_dag.py
[2023-11-27T02:35:12.731+0000] {processor.py:839} INFO - DAG(s) dict_keys(['get_omni_transactions']) retrieved from /opt/airflow/dags/omni/transactions_dag.py
[2023-11-27T02:35:12.748+0000] {logging_mixin.py:151} INFO - [2023-11-27T02:35:12.748+0000] {dag.py:2915} INFO - Sync 1 DAGs
[2023-11-27T02:35:12.760+0000] {logging_mixin.py:151} INFO - [2023-11-27T02:35:12.760+0000] {dag.py:3696} INFO - Setting next_dagrun for get_omni_transactions to 2023-11-27T02:15:00+00:00, run_after=2023-11-27T02:30:00+00:00
[2023-11-27T02:35:12.771+0000] {processor.py:179} INFO - Processing /opt/airflow/dags/omni/transactions_dag.py took 0.229 seconds
[2023-11-27T02:35:42.934+0000] {processor.py:157} INFO - Started process (PID=190) to work on /opt/airflow/dags/omni/transactions_dag.py
[2023-11-27T02:35:42.935+0000] {processor.py:829} INFO - Processing file /opt/airflow/dags/omni/transactions_dag.py for tasks to queue
[2023-11-27T02:35:42.936+0000] {logging_mixin.py:151} INFO - [2023-11-27T02:35:42.936+0000] {dagbag.py:539} INFO - Filling up the DagBag from /opt/airflow/dags/omni/transactions_dag.py
[2023-11-27T02:35:43.123+0000] {processor.py:839} INFO - DAG(s) dict_keys(['get_omni_transactions']) retrieved from /opt/airflow/dags/omni/transactions_dag.py
[2023-11-27T02:35:43.141+0000] {logging_mixin.py:151} INFO - [2023-11-27T02:35:43.141+0000] {dag.py:2915} INFO - Sync 1 DAGs
[2023-11-27T02:35:43.156+0000] {logging_mixin.py:151} INFO - [2023-11-27T02:35:43.156+0000] {dag.py:3696} INFO - Setting next_dagrun for get_omni_transactions to 2023-11-27T02:15:00+00:00, run_after=2023-11-27T02:30:00+00:00
[2023-11-27T02:35:43.167+0000] {processor.py:179} INFO - Processing /opt/airflow/dags/omni/transactions_dag.py took 0.235 seconds
[2023-11-27T02:36:13.321+0000] {processor.py:157} INFO - Started process (PID=209) to work on /opt/airflow/dags/omni/transactions_dag.py
[2023-11-27T02:36:13.323+0000] {processor.py:829} INFO - Processing file /opt/airflow/dags/omni/transactions_dag.py for tasks to queue
[2023-11-27T02:36:13.325+0000] {logging_mixin.py:151} INFO - [2023-11-27T02:36:13.325+0000] {dagbag.py:539} INFO - Filling up the DagBag from /opt/airflow/dags/omni/transactions_dag.py
[2023-11-27T02:36:13.500+0000] {processor.py:839} INFO - DAG(s) dict_keys(['get_omni_transactions']) retrieved from /opt/airflow/dags/omni/transactions_dag.py
[2023-11-27T02:36:13.517+0000] {logging_mixin.py:151} INFO - [2023-11-27T02:36:13.517+0000] {dag.py:2915} INFO - Sync 1 DAGs
[2023-11-27T02:36:13.528+0000] {logging_mixin.py:151} INFO - [2023-11-27T02:36:13.528+0000] {dag.py:3696} INFO - Setting next_dagrun for get_omni_transactions to 2023-11-27T02:15:00+00:00, run_after=2023-11-27T02:30:00+00:00
[2023-11-27T02:36:13.538+0000] {processor.py:179} INFO - Processing /opt/airflow/dags/omni/transactions_dag.py took 0.220 seconds
[2023-11-27T02:36:43.809+0000] {processor.py:157} INFO - Started process (PID=236) to work on /opt/airflow/dags/omni/transactions_dag.py
[2023-11-27T02:36:43.810+0000] {processor.py:829} INFO - Processing file /opt/airflow/dags/omni/transactions_dag.py for tasks to queue
[2023-11-27T02:36:43.812+0000] {logging_mixin.py:151} INFO - [2023-11-27T02:36:43.812+0000] {dagbag.py:539} INFO - Filling up the DagBag from /opt/airflow/dags/omni/transactions_dag.py
[2023-11-27T02:36:43.983+0000] {processor.py:839} INFO - DAG(s) dict_keys(['get_omni_transactions']) retrieved from /opt/airflow/dags/omni/transactions_dag.py
[2023-11-27T02:36:43.998+0000] {logging_mixin.py:151} INFO - [2023-11-27T02:36:43.997+0000] {dag.py:2915} INFO - Sync 1 DAGs
[2023-11-27T02:36:44.009+0000] {logging_mixin.py:151} INFO - [2023-11-27T02:36:44.009+0000] {dag.py:3696} INFO - Setting next_dagrun for get_omni_transactions to 2023-11-27T02:15:00+00:00, run_after=2023-11-27T02:30:00+00:00
[2023-11-27T02:36:44.019+0000] {processor.py:179} INFO - Processing /opt/airflow/dags/omni/transactions_dag.py took 0.213 seconds
