[2023-11-27T01:17:36.026+0000] {processor.py:157} INFO - Started process (PID=35) to work on /opt/airflow/dags/devops/beta_ipfs_node_ping_dag.py
[2023-11-27T01:17:36.027+0000] {processor.py:829} INFO - Processing file /opt/airflow/dags/devops/beta_ipfs_node_ping_dag.py for tasks to queue
[2023-11-27T01:17:36.029+0000] {logging_mixin.py:151} INFO - [2023-11-27T01:17:36.029+0000] {dagbag.py:539} INFO - Filling up the DagBag from /opt/airflow/dags/devops/beta_ipfs_node_ping_dag.py
[2023-11-27T01:17:36.216+0000] {processor.py:839} INFO - DAG(s) dict_keys(['beta_ipfs_node_ping_check']) retrieved from /opt/airflow/dags/devops/beta_ipfs_node_ping_dag.py
[2023-11-27T01:17:36.245+0000] {logging_mixin.py:151} INFO - [2023-11-27T01:17:36.245+0000] {dag.py:2915} INFO - Sync 1 DAGs
[2023-11-27T01:17:36.271+0000] {processor.py:179} INFO - Processing /opt/airflow/dags/devops/beta_ipfs_node_ping_dag.py took 0.249 seconds
[2023-11-27T01:47:40.042+0000] {processor.py:157} INFO - Started process (PID=35) to work on /opt/airflow/dags/devops/beta_ipfs_node_ping_dag.py
[2023-11-27T01:47:40.044+0000] {processor.py:829} INFO - Processing file /opt/airflow/dags/devops/beta_ipfs_node_ping_dag.py for tasks to queue
[2023-11-27T01:47:40.046+0000] {logging_mixin.py:151} INFO - [2023-11-27T01:47:40.046+0000] {dagbag.py:539} INFO - Filling up the DagBag from /opt/airflow/dags/devops/beta_ipfs_node_ping_dag.py
[2023-11-27T01:47:40.315+0000] {processor.py:839} INFO - DAG(s) dict_keys(['beta_ipfs_node_ping_check']) retrieved from /opt/airflow/dags/devops/beta_ipfs_node_ping_dag.py
[2023-11-27T01:47:40.354+0000] {logging_mixin.py:151} INFO - [2023-11-27T01:47:40.354+0000] {dag.py:2915} INFO - Sync 1 DAGs
[2023-11-27T01:47:40.379+0000] {processor.py:179} INFO - Processing /opt/airflow/dags/devops/beta_ipfs_node_ping_dag.py took 0.341 seconds
[2023-11-27T01:48:10.722+0000] {processor.py:157} INFO - Started process (PID=62) to work on /opt/airflow/dags/devops/beta_ipfs_node_ping_dag.py
[2023-11-27T01:48:10.723+0000] {processor.py:829} INFO - Processing file /opt/airflow/dags/devops/beta_ipfs_node_ping_dag.py for tasks to queue
[2023-11-27T01:48:10.728+0000] {logging_mixin.py:151} INFO - [2023-11-27T01:48:10.728+0000] {dagbag.py:539} INFO - Filling up the DagBag from /opt/airflow/dags/devops/beta_ipfs_node_ping_dag.py
[2023-11-27T01:48:10.839+0000] {processor.py:839} INFO - DAG(s) dict_keys(['beta_ipfs_node_ping_check']) retrieved from /opt/airflow/dags/devops/beta_ipfs_node_ping_dag.py
[2023-11-27T01:48:10.852+0000] {logging_mixin.py:151} INFO - [2023-11-27T01:48:10.852+0000] {dag.py:2915} INFO - Sync 1 DAGs
[2023-11-27T01:48:10.864+0000] {logging_mixin.py:151} INFO - [2023-11-27T01:48:10.864+0000] {dag.py:3696} INFO - Setting next_dagrun for beta_ipfs_node_ping_check to 2023-11-27T01:45:00+00:00, run_after=2023-11-27T02:00:00+00:00
[2023-11-27T01:48:10.873+0000] {processor.py:179} INFO - Processing /opt/airflow/dags/devops/beta_ipfs_node_ping_dag.py took 0.155 seconds
[2023-11-27T01:48:41.396+0000] {processor.py:157} INFO - Started process (PID=89) to work on /opt/airflow/dags/devops/beta_ipfs_node_ping_dag.py
[2023-11-27T01:48:41.397+0000] {processor.py:829} INFO - Processing file /opt/airflow/dags/devops/beta_ipfs_node_ping_dag.py for tasks to queue
[2023-11-27T01:48:41.399+0000] {logging_mixin.py:151} INFO - [2023-11-27T01:48:41.399+0000] {dagbag.py:539} INFO - Filling up the DagBag from /opt/airflow/dags/devops/beta_ipfs_node_ping_dag.py
[2023-11-27T01:48:41.423+0000] {processor.py:839} INFO - DAG(s) dict_keys(['beta_ipfs_node_ping_check']) retrieved from /opt/airflow/dags/devops/beta_ipfs_node_ping_dag.py
[2023-11-27T01:48:41.441+0000] {logging_mixin.py:151} INFO - [2023-11-27T01:48:41.441+0000] {dag.py:2915} INFO - Sync 1 DAGs
[2023-11-27T01:48:41.453+0000] {logging_mixin.py:151} INFO - [2023-11-27T01:48:41.453+0000] {dag.py:3696} INFO - Setting next_dagrun for beta_ipfs_node_ping_check to 2023-11-27T01:45:00+00:00, run_after=2023-11-27T02:00:00+00:00
[2023-11-27T01:48:41.462+0000] {processor.py:179} INFO - Processing /opt/airflow/dags/devops/beta_ipfs_node_ping_dag.py took 0.068 seconds
[2023-11-27T01:49:11.789+0000] {processor.py:157} INFO - Started process (PID=108) to work on /opt/airflow/dags/devops/beta_ipfs_node_ping_dag.py
[2023-11-27T01:49:11.790+0000] {processor.py:829} INFO - Processing file /opt/airflow/dags/devops/beta_ipfs_node_ping_dag.py for tasks to queue
[2023-11-27T01:49:11.792+0000] {logging_mixin.py:151} INFO - [2023-11-27T01:49:11.791+0000] {dagbag.py:539} INFO - Filling up the DagBag from /opt/airflow/dags/devops/beta_ipfs_node_ping_dag.py
[2023-11-27T01:49:11.823+0000] {processor.py:839} INFO - DAG(s) dict_keys(['beta_ipfs_node_ping_check']) retrieved from /opt/airflow/dags/devops/beta_ipfs_node_ping_dag.py
[2023-11-27T01:49:11.842+0000] {logging_mixin.py:151} INFO - [2023-11-27T01:49:11.842+0000] {dag.py:2915} INFO - Sync 1 DAGs
[2023-11-27T01:49:11.855+0000] {logging_mixin.py:151} INFO - [2023-11-27T01:49:11.855+0000] {dag.py:3696} INFO - Setting next_dagrun for beta_ipfs_node_ping_check to 2023-11-27T01:45:00+00:00, run_after=2023-11-27T02:00:00+00:00
[2023-11-27T01:49:11.865+0000] {processor.py:179} INFO - Processing /opt/airflow/dags/devops/beta_ipfs_node_ping_dag.py took 0.080 seconds
[2023-11-27T01:49:42.119+0000] {processor.py:157} INFO - Started process (PID=135) to work on /opt/airflow/dags/devops/beta_ipfs_node_ping_dag.py
[2023-11-27T01:49:42.120+0000] {processor.py:829} INFO - Processing file /opt/airflow/dags/devops/beta_ipfs_node_ping_dag.py for tasks to queue
[2023-11-27T01:49:42.121+0000] {logging_mixin.py:151} INFO - [2023-11-27T01:49:42.121+0000] {dagbag.py:539} INFO - Filling up the DagBag from /opt/airflow/dags/devops/beta_ipfs_node_ping_dag.py
[2023-11-27T01:49:42.143+0000] {processor.py:839} INFO - DAG(s) dict_keys(['beta_ipfs_node_ping_check']) retrieved from /opt/airflow/dags/devops/beta_ipfs_node_ping_dag.py
[2023-11-27T01:49:42.160+0000] {logging_mixin.py:151} INFO - [2023-11-27T01:49:42.160+0000] {dag.py:2915} INFO - Sync 1 DAGs
[2023-11-27T01:49:42.171+0000] {logging_mixin.py:151} INFO - [2023-11-27T01:49:42.171+0000] {dag.py:3696} INFO - Setting next_dagrun for beta_ipfs_node_ping_check to 2023-11-27T01:45:00+00:00, run_after=2023-11-27T02:00:00+00:00
[2023-11-27T01:49:42.182+0000] {processor.py:179} INFO - Processing /opt/airflow/dags/devops/beta_ipfs_node_ping_dag.py took 0.066 seconds
[2023-11-27T01:50:12.528+0000] {processor.py:157} INFO - Started process (PID=162) to work on /opt/airflow/dags/devops/beta_ipfs_node_ping_dag.py
[2023-11-27T01:50:12.529+0000] {processor.py:829} INFO - Processing file /opt/airflow/dags/devops/beta_ipfs_node_ping_dag.py for tasks to queue
[2023-11-27T01:50:12.530+0000] {logging_mixin.py:151} INFO - [2023-11-27T01:50:12.530+0000] {dagbag.py:539} INFO - Filling up the DagBag from /opt/airflow/dags/devops/beta_ipfs_node_ping_dag.py
[2023-11-27T01:50:12.550+0000] {processor.py:839} INFO - DAG(s) dict_keys(['beta_ipfs_node_ping_check']) retrieved from /opt/airflow/dags/devops/beta_ipfs_node_ping_dag.py
[2023-11-27T01:50:12.567+0000] {logging_mixin.py:151} INFO - [2023-11-27T01:50:12.566+0000] {dag.py:2915} INFO - Sync 1 DAGs
[2023-11-27T01:50:12.579+0000] {logging_mixin.py:151} INFO - [2023-11-27T01:50:12.579+0000] {dag.py:3696} INFO - Setting next_dagrun for beta_ipfs_node_ping_check to 2023-11-27T01:45:00+00:00, run_after=2023-11-27T02:00:00+00:00
[2023-11-27T01:50:12.588+0000] {processor.py:179} INFO - Processing /opt/airflow/dags/devops/beta_ipfs_node_ping_dag.py took 0.063 seconds
[2023-11-27T01:50:42.937+0000] {processor.py:157} INFO - Started process (PID=189) to work on /opt/airflow/dags/devops/beta_ipfs_node_ping_dag.py
[2023-11-27T01:50:42.938+0000] {processor.py:829} INFO - Processing file /opt/airflow/dags/devops/beta_ipfs_node_ping_dag.py for tasks to queue
[2023-11-27T01:50:42.940+0000] {logging_mixin.py:151} INFO - [2023-11-27T01:50:42.940+0000] {dagbag.py:539} INFO - Filling up the DagBag from /opt/airflow/dags/devops/beta_ipfs_node_ping_dag.py
[2023-11-27T01:50:42.965+0000] {processor.py:839} INFO - DAG(s) dict_keys(['beta_ipfs_node_ping_check']) retrieved from /opt/airflow/dags/devops/beta_ipfs_node_ping_dag.py
[2023-11-27T01:50:42.985+0000] {logging_mixin.py:151} INFO - [2023-11-27T01:50:42.985+0000] {dag.py:2915} INFO - Sync 1 DAGs
[2023-11-27T01:50:43.000+0000] {logging_mixin.py:151} INFO - [2023-11-27T01:50:43.000+0000] {dag.py:3696} INFO - Setting next_dagrun for beta_ipfs_node_ping_check to 2023-11-27T01:45:00+00:00, run_after=2023-11-27T02:00:00+00:00
[2023-11-27T01:50:43.012+0000] {processor.py:179} INFO - Processing /opt/airflow/dags/devops/beta_ipfs_node_ping_dag.py took 0.077 seconds
[2023-11-27T01:51:13.405+0000] {processor.py:157} INFO - Started process (PID=208) to work on /opt/airflow/dags/devops/beta_ipfs_node_ping_dag.py
[2023-11-27T01:51:13.406+0000] {processor.py:829} INFO - Processing file /opt/airflow/dags/devops/beta_ipfs_node_ping_dag.py for tasks to queue
[2023-11-27T01:51:13.408+0000] {logging_mixin.py:151} INFO - [2023-11-27T01:51:13.408+0000] {dagbag.py:539} INFO - Filling up the DagBag from /opt/airflow/dags/devops/beta_ipfs_node_ping_dag.py
[2023-11-27T01:51:13.433+0000] {processor.py:839} INFO - DAG(s) dict_keys(['beta_ipfs_node_ping_check']) retrieved from /opt/airflow/dags/devops/beta_ipfs_node_ping_dag.py
[2023-11-27T01:51:13.463+0000] {logging_mixin.py:151} INFO - [2023-11-27T01:51:13.463+0000] {dag.py:2915} INFO - Sync 1 DAGs
[2023-11-27T01:51:13.476+0000] {logging_mixin.py:151} INFO - [2023-11-27T01:51:13.476+0000] {dag.py:3696} INFO - Setting next_dagrun for beta_ipfs_node_ping_check to 2023-11-27T01:45:00+00:00, run_after=2023-11-27T02:00:00+00:00
[2023-11-27T01:51:13.485+0000] {processor.py:179} INFO - Processing /opt/airflow/dags/devops/beta_ipfs_node_ping_dag.py took 0.083 seconds
[2023-11-27T01:51:43.889+0000] {processor.py:157} INFO - Started process (PID=235) to work on /opt/airflow/dags/devops/beta_ipfs_node_ping_dag.py
[2023-11-27T01:51:43.891+0000] {processor.py:829} INFO - Processing file /opt/airflow/dags/devops/beta_ipfs_node_ping_dag.py for tasks to queue
[2023-11-27T01:51:43.894+0000] {logging_mixin.py:151} INFO - [2023-11-27T01:51:43.893+0000] {dagbag.py:539} INFO - Filling up the DagBag from /opt/airflow/dags/devops/beta_ipfs_node_ping_dag.py
[2023-11-27T01:51:43.926+0000] {processor.py:839} INFO - DAG(s) dict_keys(['beta_ipfs_node_ping_check']) retrieved from /opt/airflow/dags/devops/beta_ipfs_node_ping_dag.py
[2023-11-27T01:51:43.944+0000] {logging_mixin.py:151} INFO - [2023-11-27T01:51:43.944+0000] {dag.py:2915} INFO - Sync 1 DAGs
[2023-11-27T01:51:43.957+0000] {logging_mixin.py:151} INFO - [2023-11-27T01:51:43.957+0000] {dag.py:3696} INFO - Setting next_dagrun for beta_ipfs_node_ping_check to 2023-11-27T01:45:00+00:00, run_after=2023-11-27T02:00:00+00:00
[2023-11-27T01:51:43.967+0000] {processor.py:179} INFO - Processing /opt/airflow/dags/devops/beta_ipfs_node_ping_dag.py took 0.084 seconds
[2023-11-27T01:52:14.361+0000] {processor.py:157} INFO - Started process (PID=262) to work on /opt/airflow/dags/devops/beta_ipfs_node_ping_dag.py
[2023-11-27T01:52:14.363+0000] {processor.py:829} INFO - Processing file /opt/airflow/dags/devops/beta_ipfs_node_ping_dag.py for tasks to queue
[2023-11-27T01:52:14.366+0000] {logging_mixin.py:151} INFO - [2023-11-27T01:52:14.366+0000] {dagbag.py:539} INFO - Filling up the DagBag from /opt/airflow/dags/devops/beta_ipfs_node_ping_dag.py
[2023-11-27T01:52:14.399+0000] {processor.py:839} INFO - DAG(s) dict_keys(['beta_ipfs_node_ping_check']) retrieved from /opt/airflow/dags/devops/beta_ipfs_node_ping_dag.py
[2023-11-27T01:52:14.416+0000] {logging_mixin.py:151} INFO - [2023-11-27T01:52:14.416+0000] {dag.py:2915} INFO - Sync 1 DAGs
[2023-11-27T01:52:14.429+0000] {logging_mixin.py:151} INFO - [2023-11-27T01:52:14.429+0000] {dag.py:3696} INFO - Setting next_dagrun for beta_ipfs_node_ping_check to 2023-11-27T01:45:00+00:00, run_after=2023-11-27T02:00:00+00:00
[2023-11-27T01:52:14.439+0000] {processor.py:179} INFO - Processing /opt/airflow/dags/devops/beta_ipfs_node_ping_dag.py took 0.084 seconds
[2023-11-27T01:52:44.826+0000] {processor.py:157} INFO - Started process (PID=289) to work on /opt/airflow/dags/devops/beta_ipfs_node_ping_dag.py
[2023-11-27T01:52:44.827+0000] {processor.py:829} INFO - Processing file /opt/airflow/dags/devops/beta_ipfs_node_ping_dag.py for tasks to queue
[2023-11-27T01:52:44.829+0000] {logging_mixin.py:151} INFO - [2023-11-27T01:52:44.828+0000] {dagbag.py:539} INFO - Filling up the DagBag from /opt/airflow/dags/devops/beta_ipfs_node_ping_dag.py
[2023-11-27T01:52:44.854+0000] {processor.py:839} INFO - DAG(s) dict_keys(['beta_ipfs_node_ping_check']) retrieved from /opt/airflow/dags/devops/beta_ipfs_node_ping_dag.py
[2023-11-27T01:52:44.870+0000] {logging_mixin.py:151} INFO - [2023-11-27T01:52:44.870+0000] {dag.py:2915} INFO - Sync 1 DAGs
[2023-11-27T01:52:44.883+0000] {logging_mixin.py:151} INFO - [2023-11-27T01:52:44.883+0000] {dag.py:3696} INFO - Setting next_dagrun for beta_ipfs_node_ping_check to 2023-11-27T01:45:00+00:00, run_after=2023-11-27T02:00:00+00:00
[2023-11-27T01:52:44.893+0000] {processor.py:179} INFO - Processing /opt/airflow/dags/devops/beta_ipfs_node_ping_dag.py took 0.071 seconds
[2023-11-27T01:53:15.323+0000] {processor.py:157} INFO - Started process (PID=308) to work on /opt/airflow/dags/devops/beta_ipfs_node_ping_dag.py
[2023-11-27T01:53:15.324+0000] {processor.py:829} INFO - Processing file /opt/airflow/dags/devops/beta_ipfs_node_ping_dag.py for tasks to queue
[2023-11-27T01:53:15.326+0000] {logging_mixin.py:151} INFO - [2023-11-27T01:53:15.326+0000] {dagbag.py:539} INFO - Filling up the DagBag from /opt/airflow/dags/devops/beta_ipfs_node_ping_dag.py
[2023-11-27T01:53:15.357+0000] {processor.py:839} INFO - DAG(s) dict_keys(['beta_ipfs_node_ping_check']) retrieved from /opt/airflow/dags/devops/beta_ipfs_node_ping_dag.py
[2023-11-27T01:53:15.379+0000] {logging_mixin.py:151} INFO - [2023-11-27T01:53:15.378+0000] {dag.py:2915} INFO - Sync 1 DAGs
[2023-11-27T01:53:15.394+0000] {logging_mixin.py:151} INFO - [2023-11-27T01:53:15.393+0000] {dag.py:3696} INFO - Setting next_dagrun for beta_ipfs_node_ping_check to 2023-11-27T01:45:00+00:00, run_after=2023-11-27T02:00:00+00:00
[2023-11-27T01:53:15.409+0000] {processor.py:179} INFO - Processing /opt/airflow/dags/devops/beta_ipfs_node_ping_dag.py took 0.088 seconds
[2023-11-27T01:53:45.800+0000] {processor.py:157} INFO - Started process (PID=335) to work on /opt/airflow/dags/devops/beta_ipfs_node_ping_dag.py
[2023-11-27T01:53:45.802+0000] {processor.py:829} INFO - Processing file /opt/airflow/dags/devops/beta_ipfs_node_ping_dag.py for tasks to queue
[2023-11-27T01:53:45.804+0000] {logging_mixin.py:151} INFO - [2023-11-27T01:53:45.804+0000] {dagbag.py:539} INFO - Filling up the DagBag from /opt/airflow/dags/devops/beta_ipfs_node_ping_dag.py
[2023-11-27T01:53:45.834+0000] {processor.py:839} INFO - DAG(s) dict_keys(['beta_ipfs_node_ping_check']) retrieved from /opt/airflow/dags/devops/beta_ipfs_node_ping_dag.py
[2023-11-27T01:53:45.853+0000] {logging_mixin.py:151} INFO - [2023-11-27T01:53:45.853+0000] {dag.py:2915} INFO - Sync 1 DAGs
[2023-11-27T01:53:45.865+0000] {logging_mixin.py:151} INFO - [2023-11-27T01:53:45.865+0000] {dag.py:3696} INFO - Setting next_dagrun for beta_ipfs_node_ping_check to 2023-11-27T01:45:00+00:00, run_after=2023-11-27T02:00:00+00:00
[2023-11-27T01:53:45.874+0000] {processor.py:179} INFO - Processing /opt/airflow/dags/devops/beta_ipfs_node_ping_dag.py took 0.079 seconds
[2023-11-27T01:54:16.271+0000] {processor.py:157} INFO - Started process (PID=362) to work on /opt/airflow/dags/devops/beta_ipfs_node_ping_dag.py
[2023-11-27T01:54:16.272+0000] {processor.py:829} INFO - Processing file /opt/airflow/dags/devops/beta_ipfs_node_ping_dag.py for tasks to queue
[2023-11-27T01:54:16.274+0000] {logging_mixin.py:151} INFO - [2023-11-27T01:54:16.274+0000] {dagbag.py:539} INFO - Filling up the DagBag from /opt/airflow/dags/devops/beta_ipfs_node_ping_dag.py
[2023-11-27T01:54:16.299+0000] {processor.py:839} INFO - DAG(s) dict_keys(['beta_ipfs_node_ping_check']) retrieved from /opt/airflow/dags/devops/beta_ipfs_node_ping_dag.py
[2023-11-27T01:54:16.315+0000] {logging_mixin.py:151} INFO - [2023-11-27T01:54:16.315+0000] {dag.py:2915} INFO - Sync 1 DAGs
[2023-11-27T01:54:16.328+0000] {logging_mixin.py:151} INFO - [2023-11-27T01:54:16.328+0000] {dag.py:3696} INFO - Setting next_dagrun for beta_ipfs_node_ping_check to 2023-11-27T01:45:00+00:00, run_after=2023-11-27T02:00:00+00:00
[2023-11-27T01:54:16.339+0000] {processor.py:179} INFO - Processing /opt/airflow/dags/devops/beta_ipfs_node_ping_dag.py took 0.072 seconds
[2023-11-27T01:54:46.729+0000] {processor.py:157} INFO - Started process (PID=389) to work on /opt/airflow/dags/devops/beta_ipfs_node_ping_dag.py
[2023-11-27T01:54:46.730+0000] {processor.py:829} INFO - Processing file /opt/airflow/dags/devops/beta_ipfs_node_ping_dag.py for tasks to queue
[2023-11-27T01:54:46.732+0000] {logging_mixin.py:151} INFO - [2023-11-27T01:54:46.732+0000] {dagbag.py:539} INFO - Filling up the DagBag from /opt/airflow/dags/devops/beta_ipfs_node_ping_dag.py
[2023-11-27T01:54:46.760+0000] {processor.py:839} INFO - DAG(s) dict_keys(['beta_ipfs_node_ping_check']) retrieved from /opt/airflow/dags/devops/beta_ipfs_node_ping_dag.py
[2023-11-27T01:54:46.777+0000] {logging_mixin.py:151} INFO - [2023-11-27T01:54:46.777+0000] {dag.py:2915} INFO - Sync 1 DAGs
[2023-11-27T01:54:46.790+0000] {logging_mixin.py:151} INFO - [2023-11-27T01:54:46.790+0000] {dag.py:3696} INFO - Setting next_dagrun for beta_ipfs_node_ping_check to 2023-11-27T01:45:00+00:00, run_after=2023-11-27T02:00:00+00:00
[2023-11-27T01:54:46.799+0000] {processor.py:179} INFO - Processing /opt/airflow/dags/devops/beta_ipfs_node_ping_dag.py took 0.075 seconds
[2023-11-27T01:55:17.189+0000] {processor.py:157} INFO - Started process (PID=408) to work on /opt/airflow/dags/devops/beta_ipfs_node_ping_dag.py
[2023-11-27T01:55:17.191+0000] {processor.py:829} INFO - Processing file /opt/airflow/dags/devops/beta_ipfs_node_ping_dag.py for tasks to queue
[2023-11-27T01:55:17.193+0000] {logging_mixin.py:151} INFO - [2023-11-27T01:55:17.193+0000] {dagbag.py:539} INFO - Filling up the DagBag from /opt/airflow/dags/devops/beta_ipfs_node_ping_dag.py
[2023-11-27T01:55:17.225+0000] {processor.py:839} INFO - DAG(s) dict_keys(['beta_ipfs_node_ping_check']) retrieved from /opt/airflow/dags/devops/beta_ipfs_node_ping_dag.py
[2023-11-27T01:55:17.244+0000] {logging_mixin.py:151} INFO - [2023-11-27T01:55:17.244+0000] {dag.py:2915} INFO - Sync 1 DAGs
[2023-11-27T01:55:17.256+0000] {logging_mixin.py:151} INFO - [2023-11-27T01:55:17.256+0000] {dag.py:3696} INFO - Setting next_dagrun for beta_ipfs_node_ping_check to 2023-11-27T01:45:00+00:00, run_after=2023-11-27T02:00:00+00:00
[2023-11-27T01:55:17.266+0000] {processor.py:179} INFO - Processing /opt/airflow/dags/devops/beta_ipfs_node_ping_dag.py took 0.082 seconds
[2023-11-27T01:55:47.686+0000] {processor.py:157} INFO - Started process (PID=435) to work on /opt/airflow/dags/devops/beta_ipfs_node_ping_dag.py
[2023-11-27T01:55:47.687+0000] {processor.py:829} INFO - Processing file /opt/airflow/dags/devops/beta_ipfs_node_ping_dag.py for tasks to queue
[2023-11-27T01:55:47.689+0000] {logging_mixin.py:151} INFO - [2023-11-27T01:55:47.689+0000] {dagbag.py:539} INFO - Filling up the DagBag from /opt/airflow/dags/devops/beta_ipfs_node_ping_dag.py
[2023-11-27T01:55:47.720+0000] {processor.py:839} INFO - DAG(s) dict_keys(['beta_ipfs_node_ping_check']) retrieved from /opt/airflow/dags/devops/beta_ipfs_node_ping_dag.py
[2023-11-27T01:55:47.739+0000] {logging_mixin.py:151} INFO - [2023-11-27T01:55:47.739+0000] {dag.py:2915} INFO - Sync 1 DAGs
[2023-11-27T01:55:47.753+0000] {logging_mixin.py:151} INFO - [2023-11-27T01:55:47.753+0000] {dag.py:3696} INFO - Setting next_dagrun for beta_ipfs_node_ping_check to 2023-11-27T01:45:00+00:00, run_after=2023-11-27T02:00:00+00:00
[2023-11-27T01:55:47.761+0000] {processor.py:179} INFO - Processing /opt/airflow/dags/devops/beta_ipfs_node_ping_dag.py took 0.079 seconds
[2023-11-27T01:56:18.107+0000] {processor.py:157} INFO - Started process (PID=462) to work on /opt/airflow/dags/devops/beta_ipfs_node_ping_dag.py
[2023-11-27T01:56:18.108+0000] {processor.py:829} INFO - Processing file /opt/airflow/dags/devops/beta_ipfs_node_ping_dag.py for tasks to queue
[2023-11-27T01:56:18.111+0000] {logging_mixin.py:151} INFO - [2023-11-27T01:56:18.111+0000] {dagbag.py:539} INFO - Filling up the DagBag from /opt/airflow/dags/devops/beta_ipfs_node_ping_dag.py
[2023-11-27T01:56:18.140+0000] {processor.py:839} INFO - DAG(s) dict_keys(['beta_ipfs_node_ping_check']) retrieved from /opt/airflow/dags/devops/beta_ipfs_node_ping_dag.py
[2023-11-27T01:56:18.159+0000] {logging_mixin.py:151} INFO - [2023-11-27T01:56:18.159+0000] {dag.py:2915} INFO - Sync 1 DAGs
[2023-11-27T01:56:18.171+0000] {logging_mixin.py:151} INFO - [2023-11-27T01:56:18.170+0000] {dag.py:3696} INFO - Setting next_dagrun for beta_ipfs_node_ping_check to 2023-11-27T01:45:00+00:00, run_after=2023-11-27T02:00:00+00:00
[2023-11-27T01:56:18.179+0000] {processor.py:179} INFO - Processing /opt/airflow/dags/devops/beta_ipfs_node_ping_dag.py took 0.076 seconds
[2023-11-27T01:56:48.537+0000] {processor.py:157} INFO - Started process (PID=489) to work on /opt/airflow/dags/devops/beta_ipfs_node_ping_dag.py
[2023-11-27T01:56:48.539+0000] {processor.py:829} INFO - Processing file /opt/airflow/dags/devops/beta_ipfs_node_ping_dag.py for tasks to queue
[2023-11-27T01:56:48.542+0000] {logging_mixin.py:151} INFO - [2023-11-27T01:56:48.541+0000] {dagbag.py:539} INFO - Filling up the DagBag from /opt/airflow/dags/devops/beta_ipfs_node_ping_dag.py
[2023-11-27T01:56:48.573+0000] {processor.py:839} INFO - DAG(s) dict_keys(['beta_ipfs_node_ping_check']) retrieved from /opt/airflow/dags/devops/beta_ipfs_node_ping_dag.py
[2023-11-27T01:56:48.592+0000] {logging_mixin.py:151} INFO - [2023-11-27T01:56:48.592+0000] {dag.py:2915} INFO - Sync 1 DAGs
[2023-11-27T01:56:48.606+0000] {logging_mixin.py:151} INFO - [2023-11-27T01:56:48.606+0000] {dag.py:3696} INFO - Setting next_dagrun for beta_ipfs_node_ping_check to 2023-11-27T01:45:00+00:00, run_after=2023-11-27T02:00:00+00:00
[2023-11-27T01:56:48.616+0000] {processor.py:179} INFO - Processing /opt/airflow/dags/devops/beta_ipfs_node_ping_dag.py took 0.084 seconds
[2023-11-27T01:57:19.031+0000] {processor.py:157} INFO - Started process (PID=508) to work on /opt/airflow/dags/devops/beta_ipfs_node_ping_dag.py
[2023-11-27T01:57:19.032+0000] {processor.py:829} INFO - Processing file /opt/airflow/dags/devops/beta_ipfs_node_ping_dag.py for tasks to queue
[2023-11-27T01:57:19.034+0000] {logging_mixin.py:151} INFO - [2023-11-27T01:57:19.034+0000] {dagbag.py:539} INFO - Filling up the DagBag from /opt/airflow/dags/devops/beta_ipfs_node_ping_dag.py
[2023-11-27T01:57:19.063+0000] {processor.py:839} INFO - DAG(s) dict_keys(['beta_ipfs_node_ping_check']) retrieved from /opt/airflow/dags/devops/beta_ipfs_node_ping_dag.py
[2023-11-27T01:57:19.080+0000] {logging_mixin.py:151} INFO - [2023-11-27T01:57:19.080+0000] {dag.py:2915} INFO - Sync 1 DAGs
[2023-11-27T01:57:19.092+0000] {logging_mixin.py:151} INFO - [2023-11-27T01:57:19.092+0000] {dag.py:3696} INFO - Setting next_dagrun for beta_ipfs_node_ping_check to 2023-11-27T01:45:00+00:00, run_after=2023-11-27T02:00:00+00:00
[2023-11-27T01:57:19.100+0000] {processor.py:179} INFO - Processing /opt/airflow/dags/devops/beta_ipfs_node_ping_dag.py took 0.074 seconds
[2023-11-27T01:57:49.529+0000] {processor.py:157} INFO - Started process (PID=535) to work on /opt/airflow/dags/devops/beta_ipfs_node_ping_dag.py
[2023-11-27T01:57:49.531+0000] {processor.py:829} INFO - Processing file /opt/airflow/dags/devops/beta_ipfs_node_ping_dag.py for tasks to queue
[2023-11-27T01:57:49.533+0000] {logging_mixin.py:151} INFO - [2023-11-27T01:57:49.533+0000] {dagbag.py:539} INFO - Filling up the DagBag from /opt/airflow/dags/devops/beta_ipfs_node_ping_dag.py
[2023-11-27T01:57:49.564+0000] {processor.py:839} INFO - DAG(s) dict_keys(['beta_ipfs_node_ping_check']) retrieved from /opt/airflow/dags/devops/beta_ipfs_node_ping_dag.py
[2023-11-27T01:57:49.580+0000] {logging_mixin.py:151} INFO - [2023-11-27T01:57:49.580+0000] {dag.py:2915} INFO - Sync 1 DAGs
[2023-11-27T01:57:49.591+0000] {logging_mixin.py:151} INFO - [2023-11-27T01:57:49.591+0000] {dag.py:3696} INFO - Setting next_dagrun for beta_ipfs_node_ping_check to 2023-11-27T01:45:00+00:00, run_after=2023-11-27T02:00:00+00:00
[2023-11-27T01:57:49.601+0000] {processor.py:179} INFO - Processing /opt/airflow/dags/devops/beta_ipfs_node_ping_dag.py took 0.077 seconds
[2023-11-27T01:58:19.950+0000] {processor.py:157} INFO - Started process (PID=562) to work on /opt/airflow/dags/devops/beta_ipfs_node_ping_dag.py
[2023-11-27T01:58:19.951+0000] {processor.py:829} INFO - Processing file /opt/airflow/dags/devops/beta_ipfs_node_ping_dag.py for tasks to queue
[2023-11-27T01:58:19.954+0000] {logging_mixin.py:151} INFO - [2023-11-27T01:58:19.953+0000] {dagbag.py:539} INFO - Filling up the DagBag from /opt/airflow/dags/devops/beta_ipfs_node_ping_dag.py
[2023-11-27T01:58:19.985+0000] {processor.py:839} INFO - DAG(s) dict_keys(['beta_ipfs_node_ping_check']) retrieved from /opt/airflow/dags/devops/beta_ipfs_node_ping_dag.py
[2023-11-27T01:58:20.002+0000] {logging_mixin.py:151} INFO - [2023-11-27T01:58:20.002+0000] {dag.py:2915} INFO - Sync 1 DAGs
[2023-11-27T01:58:20.016+0000] {logging_mixin.py:151} INFO - [2023-11-27T01:58:20.016+0000] {dag.py:3696} INFO - Setting next_dagrun for beta_ipfs_node_ping_check to 2023-11-27T01:45:00+00:00, run_after=2023-11-27T02:00:00+00:00
[2023-11-27T01:58:20.026+0000] {processor.py:179} INFO - Processing /opt/airflow/dags/devops/beta_ipfs_node_ping_dag.py took 0.080 seconds
[2023-11-27T01:58:50.423+0000] {processor.py:157} INFO - Started process (PID=589) to work on /opt/airflow/dags/devops/beta_ipfs_node_ping_dag.py
[2023-11-27T01:58:50.425+0000] {processor.py:829} INFO - Processing file /opt/airflow/dags/devops/beta_ipfs_node_ping_dag.py for tasks to queue
[2023-11-27T01:58:50.427+0000] {logging_mixin.py:151} INFO - [2023-11-27T01:58:50.427+0000] {dagbag.py:539} INFO - Filling up the DagBag from /opt/airflow/dags/devops/beta_ipfs_node_ping_dag.py
[2023-11-27T01:58:50.459+0000] {processor.py:839} INFO - DAG(s) dict_keys(['beta_ipfs_node_ping_check']) retrieved from /opt/airflow/dags/devops/beta_ipfs_node_ping_dag.py
[2023-11-27T01:58:50.484+0000] {logging_mixin.py:151} INFO - [2023-11-27T01:58:50.484+0000] {dag.py:2915} INFO - Sync 1 DAGs
[2023-11-27T01:58:50.498+0000] {logging_mixin.py:151} INFO - [2023-11-27T01:58:50.498+0000] {dag.py:3696} INFO - Setting next_dagrun for beta_ipfs_node_ping_check to 2023-11-27T01:45:00+00:00, run_after=2023-11-27T02:00:00+00:00
[2023-11-27T01:58:50.508+0000] {processor.py:179} INFO - Processing /opt/airflow/dags/devops/beta_ipfs_node_ping_dag.py took 0.089 seconds
[2023-11-27T01:59:20.870+0000] {processor.py:157} INFO - Started process (PID=608) to work on /opt/airflow/dags/devops/beta_ipfs_node_ping_dag.py
[2023-11-27T01:59:20.873+0000] {processor.py:829} INFO - Processing file /opt/airflow/dags/devops/beta_ipfs_node_ping_dag.py for tasks to queue
[2023-11-27T01:59:20.876+0000] {logging_mixin.py:151} INFO - [2023-11-27T01:59:20.876+0000] {dagbag.py:539} INFO - Filling up the DagBag from /opt/airflow/dags/devops/beta_ipfs_node_ping_dag.py
[2023-11-27T01:59:20.907+0000] {processor.py:839} INFO - DAG(s) dict_keys(['beta_ipfs_node_ping_check']) retrieved from /opt/airflow/dags/devops/beta_ipfs_node_ping_dag.py
[2023-11-27T01:59:20.926+0000] {logging_mixin.py:151} INFO - [2023-11-27T01:59:20.926+0000] {dag.py:2915} INFO - Sync 1 DAGs
[2023-11-27T01:59:20.938+0000] {logging_mixin.py:151} INFO - [2023-11-27T01:59:20.937+0000] {dag.py:3696} INFO - Setting next_dagrun for beta_ipfs_node_ping_check to 2023-11-27T01:45:00+00:00, run_after=2023-11-27T02:00:00+00:00
[2023-11-27T01:59:20.947+0000] {processor.py:179} INFO - Processing /opt/airflow/dags/devops/beta_ipfs_node_ping_dag.py took 0.083 seconds
[2023-11-27T01:59:51.301+0000] {processor.py:157} INFO - Started process (PID=635) to work on /opt/airflow/dags/devops/beta_ipfs_node_ping_dag.py
[2023-11-27T01:59:51.302+0000] {processor.py:829} INFO - Processing file /opt/airflow/dags/devops/beta_ipfs_node_ping_dag.py for tasks to queue
[2023-11-27T01:59:51.305+0000] {logging_mixin.py:151} INFO - [2023-11-27T01:59:51.305+0000] {dagbag.py:539} INFO - Filling up the DagBag from /opt/airflow/dags/devops/beta_ipfs_node_ping_dag.py
[2023-11-27T01:59:51.338+0000] {processor.py:839} INFO - DAG(s) dict_keys(['beta_ipfs_node_ping_check']) retrieved from /opt/airflow/dags/devops/beta_ipfs_node_ping_dag.py
[2023-11-27T01:59:51.356+0000] {logging_mixin.py:151} INFO - [2023-11-27T01:59:51.356+0000] {dag.py:2915} INFO - Sync 1 DAGs
[2023-11-27T01:59:51.368+0000] {logging_mixin.py:151} INFO - [2023-11-27T01:59:51.368+0000] {dag.py:3696} INFO - Setting next_dagrun for beta_ipfs_node_ping_check to 2023-11-27T01:45:00+00:00, run_after=2023-11-27T02:00:00+00:00
[2023-11-27T01:59:51.378+0000] {processor.py:179} INFO - Processing /opt/airflow/dags/devops/beta_ipfs_node_ping_dag.py took 0.082 seconds
[2023-11-27T02:00:21.746+0000] {processor.py:157} INFO - Started process (PID=662) to work on /opt/airflow/dags/devops/beta_ipfs_node_ping_dag.py
[2023-11-27T02:00:21.747+0000] {processor.py:829} INFO - Processing file /opt/airflow/dags/devops/beta_ipfs_node_ping_dag.py for tasks to queue
[2023-11-27T02:00:21.749+0000] {logging_mixin.py:151} INFO - [2023-11-27T02:00:21.749+0000] {dagbag.py:539} INFO - Filling up the DagBag from /opt/airflow/dags/devops/beta_ipfs_node_ping_dag.py
[2023-11-27T02:00:21.780+0000] {processor.py:839} INFO - DAG(s) dict_keys(['beta_ipfs_node_ping_check']) retrieved from /opt/airflow/dags/devops/beta_ipfs_node_ping_dag.py
[2023-11-27T02:00:21.800+0000] {logging_mixin.py:151} INFO - [2023-11-27T02:00:21.800+0000] {dag.py:2915} INFO - Sync 1 DAGs
[2023-11-27T02:00:21.812+0000] {logging_mixin.py:151} INFO - [2023-11-27T02:00:21.812+0000] {dag.py:3696} INFO - Setting next_dagrun for beta_ipfs_node_ping_check to 2023-11-27T02:00:00+00:00, run_after=2023-11-27T02:15:00+00:00
[2023-11-27T02:00:21.821+0000] {processor.py:179} INFO - Processing /opt/airflow/dags/devops/beta_ipfs_node_ping_dag.py took 0.079 seconds
[2023-11-27T02:00:52.235+0000] {processor.py:157} INFO - Started process (PID=689) to work on /opt/airflow/dags/devops/beta_ipfs_node_ping_dag.py
[2023-11-27T02:00:52.237+0000] {processor.py:829} INFO - Processing file /opt/airflow/dags/devops/beta_ipfs_node_ping_dag.py for tasks to queue
[2023-11-27T02:00:52.239+0000] {logging_mixin.py:151} INFO - [2023-11-27T02:00:52.239+0000] {dagbag.py:539} INFO - Filling up the DagBag from /opt/airflow/dags/devops/beta_ipfs_node_ping_dag.py
[2023-11-27T02:00:52.277+0000] {processor.py:839} INFO - DAG(s) dict_keys(['beta_ipfs_node_ping_check']) retrieved from /opt/airflow/dags/devops/beta_ipfs_node_ping_dag.py
[2023-11-27T02:00:52.295+0000] {logging_mixin.py:151} INFO - [2023-11-27T02:00:52.295+0000] {dag.py:2915} INFO - Sync 1 DAGs
[2023-11-27T02:00:52.308+0000] {logging_mixin.py:151} INFO - [2023-11-27T02:00:52.308+0000] {dag.py:3696} INFO - Setting next_dagrun for beta_ipfs_node_ping_check to 2023-11-27T02:00:00+00:00, run_after=2023-11-27T02:15:00+00:00
[2023-11-27T02:00:52.317+0000] {processor.py:179} INFO - Processing /opt/airflow/dags/devops/beta_ipfs_node_ping_dag.py took 0.085 seconds
[2023-11-27T02:01:22.694+0000] {processor.py:157} INFO - Started process (PID=715) to work on /opt/airflow/dags/devops/beta_ipfs_node_ping_dag.py
[2023-11-27T02:01:22.696+0000] {processor.py:829} INFO - Processing file /opt/airflow/dags/devops/beta_ipfs_node_ping_dag.py for tasks to queue
[2023-11-27T02:01:22.698+0000] {logging_mixin.py:151} INFO - [2023-11-27T02:01:22.697+0000] {dagbag.py:539} INFO - Filling up the DagBag from /opt/airflow/dags/devops/beta_ipfs_node_ping_dag.py
[2023-11-27T02:01:22.722+0000] {processor.py:839} INFO - DAG(s) dict_keys(['beta_ipfs_node_ping_check']) retrieved from /opt/airflow/dags/devops/beta_ipfs_node_ping_dag.py
[2023-11-27T02:01:22.738+0000] {logging_mixin.py:151} INFO - [2023-11-27T02:01:22.738+0000] {dag.py:2915} INFO - Sync 1 DAGs
[2023-11-27T02:01:22.752+0000] {logging_mixin.py:151} INFO - [2023-11-27T02:01:22.752+0000] {dag.py:3696} INFO - Setting next_dagrun for beta_ipfs_node_ping_check to 2023-11-27T02:00:00+00:00, run_after=2023-11-27T02:15:00+00:00
[2023-11-27T02:01:22.761+0000] {processor.py:179} INFO - Processing /opt/airflow/dags/devops/beta_ipfs_node_ping_dag.py took 0.070 seconds
[2023-11-27T02:01:53.149+0000] {processor.py:157} INFO - Started process (PID=735) to work on /opt/airflow/dags/devops/beta_ipfs_node_ping_dag.py
[2023-11-27T02:01:53.150+0000] {processor.py:829} INFO - Processing file /opt/airflow/dags/devops/beta_ipfs_node_ping_dag.py for tasks to queue
[2023-11-27T02:01:53.152+0000] {logging_mixin.py:151} INFO - [2023-11-27T02:01:53.152+0000] {dagbag.py:539} INFO - Filling up the DagBag from /opt/airflow/dags/devops/beta_ipfs_node_ping_dag.py
[2023-11-27T02:01:53.183+0000] {processor.py:839} INFO - DAG(s) dict_keys(['beta_ipfs_node_ping_check']) retrieved from /opt/airflow/dags/devops/beta_ipfs_node_ping_dag.py
[2023-11-27T02:01:53.206+0000] {logging_mixin.py:151} INFO - [2023-11-27T02:01:53.206+0000] {dag.py:2915} INFO - Sync 1 DAGs
[2023-11-27T02:01:53.220+0000] {logging_mixin.py:151} INFO - [2023-11-27T02:01:53.220+0000] {dag.py:3696} INFO - Setting next_dagrun for beta_ipfs_node_ping_check to 2023-11-27T02:00:00+00:00, run_after=2023-11-27T02:15:00+00:00
[2023-11-27T02:01:53.231+0000] {processor.py:179} INFO - Processing /opt/airflow/dags/devops/beta_ipfs_node_ping_dag.py took 0.087 seconds
[2023-11-27T02:02:23.610+0000] {processor.py:157} INFO - Started process (PID=762) to work on /opt/airflow/dags/devops/beta_ipfs_node_ping_dag.py
[2023-11-27T02:02:23.611+0000] {processor.py:829} INFO - Processing file /opt/airflow/dags/devops/beta_ipfs_node_ping_dag.py for tasks to queue
[2023-11-27T02:02:23.613+0000] {logging_mixin.py:151} INFO - [2023-11-27T02:02:23.613+0000] {dagbag.py:539} INFO - Filling up the DagBag from /opt/airflow/dags/devops/beta_ipfs_node_ping_dag.py
[2023-11-27T02:02:23.638+0000] {processor.py:839} INFO - DAG(s) dict_keys(['beta_ipfs_node_ping_check']) retrieved from /opt/airflow/dags/devops/beta_ipfs_node_ping_dag.py
[2023-11-27T02:02:23.655+0000] {logging_mixin.py:151} INFO - [2023-11-27T02:02:23.655+0000] {dag.py:2915} INFO - Sync 1 DAGs
[2023-11-27T02:02:23.667+0000] {logging_mixin.py:151} INFO - [2023-11-27T02:02:23.667+0000] {dag.py:3696} INFO - Setting next_dagrun for beta_ipfs_node_ping_check to 2023-11-27T02:00:00+00:00, run_after=2023-11-27T02:15:00+00:00
[2023-11-27T02:02:23.676+0000] {processor.py:179} INFO - Processing /opt/airflow/dags/devops/beta_ipfs_node_ping_dag.py took 0.069 seconds
[2023-11-27T02:02:54.019+0000] {processor.py:157} INFO - Started process (PID=789) to work on /opt/airflow/dags/devops/beta_ipfs_node_ping_dag.py
[2023-11-27T02:02:54.020+0000] {processor.py:829} INFO - Processing file /opt/airflow/dags/devops/beta_ipfs_node_ping_dag.py for tasks to queue
[2023-11-27T02:02:54.022+0000] {logging_mixin.py:151} INFO - [2023-11-27T02:02:54.022+0000] {dagbag.py:539} INFO - Filling up the DagBag from /opt/airflow/dags/devops/beta_ipfs_node_ping_dag.py
[2023-11-27T02:02:54.047+0000] {processor.py:839} INFO - DAG(s) dict_keys(['beta_ipfs_node_ping_check']) retrieved from /opt/airflow/dags/devops/beta_ipfs_node_ping_dag.py
[2023-11-27T02:02:54.063+0000] {logging_mixin.py:151} INFO - [2023-11-27T02:02:54.063+0000] {dag.py:2915} INFO - Sync 1 DAGs
[2023-11-27T02:02:54.076+0000] {logging_mixin.py:151} INFO - [2023-11-27T02:02:54.076+0000] {dag.py:3696} INFO - Setting next_dagrun for beta_ipfs_node_ping_check to 2023-11-27T02:00:00+00:00, run_after=2023-11-27T02:15:00+00:00
[2023-11-27T02:02:54.086+0000] {processor.py:179} INFO - Processing /opt/airflow/dags/devops/beta_ipfs_node_ping_dag.py took 0.070 seconds
[2023-11-27T02:03:24.407+0000] {processor.py:157} INFO - Started process (PID=815) to work on /opt/airflow/dags/devops/beta_ipfs_node_ping_dag.py
[2023-11-27T02:03:24.408+0000] {processor.py:829} INFO - Processing file /opt/airflow/dags/devops/beta_ipfs_node_ping_dag.py for tasks to queue
[2023-11-27T02:03:24.410+0000] {logging_mixin.py:151} INFO - [2023-11-27T02:03:24.410+0000] {dagbag.py:539} INFO - Filling up the DagBag from /opt/airflow/dags/devops/beta_ipfs_node_ping_dag.py
[2023-11-27T02:03:24.430+0000] {processor.py:839} INFO - DAG(s) dict_keys(['beta_ipfs_node_ping_check']) retrieved from /opt/airflow/dags/devops/beta_ipfs_node_ping_dag.py
[2023-11-27T02:03:24.447+0000] {logging_mixin.py:151} INFO - [2023-11-27T02:03:24.447+0000] {dag.py:2915} INFO - Sync 1 DAGs
[2023-11-27T02:03:24.460+0000] {logging_mixin.py:151} INFO - [2023-11-27T02:03:24.460+0000] {dag.py:3696} INFO - Setting next_dagrun for beta_ipfs_node_ping_check to 2023-11-27T02:00:00+00:00, run_after=2023-11-27T02:15:00+00:00
[2023-11-27T02:03:24.473+0000] {processor.py:179} INFO - Processing /opt/airflow/dags/devops/beta_ipfs_node_ping_dag.py took 0.068 seconds
[2023-11-27T02:03:54.825+0000] {processor.py:157} INFO - Started process (PID=835) to work on /opt/airflow/dags/devops/beta_ipfs_node_ping_dag.py
[2023-11-27T02:03:54.826+0000] {processor.py:829} INFO - Processing file /opt/airflow/dags/devops/beta_ipfs_node_ping_dag.py for tasks to queue
[2023-11-27T02:03:54.828+0000] {logging_mixin.py:151} INFO - [2023-11-27T02:03:54.828+0000] {dagbag.py:539} INFO - Filling up the DagBag from /opt/airflow/dags/devops/beta_ipfs_node_ping_dag.py
[2023-11-27T02:03:54.850+0000] {processor.py:839} INFO - DAG(s) dict_keys(['beta_ipfs_node_ping_check']) retrieved from /opt/airflow/dags/devops/beta_ipfs_node_ping_dag.py
[2023-11-27T02:03:54.865+0000] {logging_mixin.py:151} INFO - [2023-11-27T02:03:54.865+0000] {dag.py:2915} INFO - Sync 1 DAGs
[2023-11-27T02:03:54.877+0000] {logging_mixin.py:151} INFO - [2023-11-27T02:03:54.877+0000] {dag.py:3696} INFO - Setting next_dagrun for beta_ipfs_node_ping_check to 2023-11-27T02:00:00+00:00, run_after=2023-11-27T02:15:00+00:00
[2023-11-27T02:03:54.887+0000] {processor.py:179} INFO - Processing /opt/airflow/dags/devops/beta_ipfs_node_ping_dag.py took 0.065 seconds
[2023-11-27T02:04:25.269+0000] {processor.py:157} INFO - Started process (PID=862) to work on /opt/airflow/dags/devops/beta_ipfs_node_ping_dag.py
[2023-11-27T02:04:25.270+0000] {processor.py:829} INFO - Processing file /opt/airflow/dags/devops/beta_ipfs_node_ping_dag.py for tasks to queue
[2023-11-27T02:04:25.272+0000] {logging_mixin.py:151} INFO - [2023-11-27T02:04:25.272+0000] {dagbag.py:539} INFO - Filling up the DagBag from /opt/airflow/dags/devops/beta_ipfs_node_ping_dag.py
[2023-11-27T02:04:25.302+0000] {processor.py:839} INFO - DAG(s) dict_keys(['beta_ipfs_node_ping_check']) retrieved from /opt/airflow/dags/devops/beta_ipfs_node_ping_dag.py
[2023-11-27T02:04:25.318+0000] {logging_mixin.py:151} INFO - [2023-11-27T02:04:25.318+0000] {dag.py:2915} INFO - Sync 1 DAGs
[2023-11-27T02:04:25.331+0000] {logging_mixin.py:151} INFO - [2023-11-27T02:04:25.331+0000] {dag.py:3696} INFO - Setting next_dagrun for beta_ipfs_node_ping_check to 2023-11-27T02:00:00+00:00, run_after=2023-11-27T02:15:00+00:00
[2023-11-27T02:04:25.339+0000] {processor.py:179} INFO - Processing /opt/airflow/dags/devops/beta_ipfs_node_ping_dag.py took 0.074 seconds
[2023-11-27T02:04:55.658+0000] {processor.py:157} INFO - Started process (PID=889) to work on /opt/airflow/dags/devops/beta_ipfs_node_ping_dag.py
[2023-11-27T02:04:55.659+0000] {processor.py:829} INFO - Processing file /opt/airflow/dags/devops/beta_ipfs_node_ping_dag.py for tasks to queue
[2023-11-27T02:04:55.661+0000] {logging_mixin.py:151} INFO - [2023-11-27T02:04:55.661+0000] {dagbag.py:539} INFO - Filling up the DagBag from /opt/airflow/dags/devops/beta_ipfs_node_ping_dag.py
[2023-11-27T02:04:55.691+0000] {processor.py:839} INFO - DAG(s) dict_keys(['beta_ipfs_node_ping_check']) retrieved from /opt/airflow/dags/devops/beta_ipfs_node_ping_dag.py
[2023-11-27T02:04:55.712+0000] {logging_mixin.py:151} INFO - [2023-11-27T02:04:55.712+0000] {dag.py:2915} INFO - Sync 1 DAGs
[2023-11-27T02:04:55.727+0000] {logging_mixin.py:151} INFO - [2023-11-27T02:04:55.727+0000] {dag.py:3696} INFO - Setting next_dagrun for beta_ipfs_node_ping_check to 2023-11-27T02:00:00+00:00, run_after=2023-11-27T02:15:00+00:00
[2023-11-27T02:04:55.738+0000] {processor.py:179} INFO - Processing /opt/airflow/dags/devops/beta_ipfs_node_ping_dag.py took 0.084 seconds
[2023-11-27T02:05:26.066+0000] {processor.py:157} INFO - Started process (PID=915) to work on /opt/airflow/dags/devops/beta_ipfs_node_ping_dag.py
[2023-11-27T02:05:26.067+0000] {processor.py:829} INFO - Processing file /opt/airflow/dags/devops/beta_ipfs_node_ping_dag.py for tasks to queue
[2023-11-27T02:05:26.069+0000] {logging_mixin.py:151} INFO - [2023-11-27T02:05:26.068+0000] {dagbag.py:539} INFO - Filling up the DagBag from /opt/airflow/dags/devops/beta_ipfs_node_ping_dag.py
[2023-11-27T02:05:26.093+0000] {processor.py:839} INFO - DAG(s) dict_keys(['beta_ipfs_node_ping_check']) retrieved from /opt/airflow/dags/devops/beta_ipfs_node_ping_dag.py
[2023-11-27T02:05:26.110+0000] {logging_mixin.py:151} INFO - [2023-11-27T02:05:26.110+0000] {dag.py:2915} INFO - Sync 1 DAGs
[2023-11-27T02:05:26.124+0000] {logging_mixin.py:151} INFO - [2023-11-27T02:05:26.123+0000] {dag.py:3696} INFO - Setting next_dagrun for beta_ipfs_node_ping_check to 2023-11-27T02:00:00+00:00, run_after=2023-11-27T02:15:00+00:00
[2023-11-27T02:05:26.134+0000] {processor.py:179} INFO - Processing /opt/airflow/dags/devops/beta_ipfs_node_ping_dag.py took 0.070 seconds
[2023-11-27T02:05:56.534+0000] {processor.py:157} INFO - Started process (PID=935) to work on /opt/airflow/dags/devops/beta_ipfs_node_ping_dag.py
[2023-11-27T02:05:56.535+0000] {processor.py:829} INFO - Processing file /opt/airflow/dags/devops/beta_ipfs_node_ping_dag.py for tasks to queue
[2023-11-27T02:05:56.537+0000] {logging_mixin.py:151} INFO - [2023-11-27T02:05:56.537+0000] {dagbag.py:539} INFO - Filling up the DagBag from /opt/airflow/dags/devops/beta_ipfs_node_ping_dag.py
[2023-11-27T02:05:56.568+0000] {processor.py:839} INFO - DAG(s) dict_keys(['beta_ipfs_node_ping_check']) retrieved from /opt/airflow/dags/devops/beta_ipfs_node_ping_dag.py
[2023-11-27T02:05:56.589+0000] {logging_mixin.py:151} INFO - [2023-11-27T02:05:56.589+0000] {dag.py:2915} INFO - Sync 1 DAGs
[2023-11-27T02:05:56.603+0000] {logging_mixin.py:151} INFO - [2023-11-27T02:05:56.602+0000] {dag.py:3696} INFO - Setting next_dagrun for beta_ipfs_node_ping_check to 2023-11-27T02:00:00+00:00, run_after=2023-11-27T02:15:00+00:00
[2023-11-27T02:05:56.613+0000] {processor.py:179} INFO - Processing /opt/airflow/dags/devops/beta_ipfs_node_ping_dag.py took 0.082 seconds
[2023-11-27T02:06:26.974+0000] {processor.py:157} INFO - Started process (PID=962) to work on /opt/airflow/dags/devops/beta_ipfs_node_ping_dag.py
[2023-11-27T02:06:26.976+0000] {processor.py:829} INFO - Processing file /opt/airflow/dags/devops/beta_ipfs_node_ping_dag.py for tasks to queue
[2023-11-27T02:06:26.978+0000] {logging_mixin.py:151} INFO - [2023-11-27T02:06:26.977+0000] {dagbag.py:539} INFO - Filling up the DagBag from /opt/airflow/dags/devops/beta_ipfs_node_ping_dag.py
[2023-11-27T02:06:27.011+0000] {processor.py:839} INFO - DAG(s) dict_keys(['beta_ipfs_node_ping_check']) retrieved from /opt/airflow/dags/devops/beta_ipfs_node_ping_dag.py
[2023-11-27T02:06:27.031+0000] {logging_mixin.py:151} INFO - [2023-11-27T02:06:27.031+0000] {dag.py:2915} INFO - Sync 1 DAGs
[2023-11-27T02:06:27.046+0000] {logging_mixin.py:151} INFO - [2023-11-27T02:06:27.046+0000] {dag.py:3696} INFO - Setting next_dagrun for beta_ipfs_node_ping_check to 2023-11-27T02:00:00+00:00, run_after=2023-11-27T02:15:00+00:00
[2023-11-27T02:06:27.057+0000] {processor.py:179} INFO - Processing /opt/airflow/dags/devops/beta_ipfs_node_ping_dag.py took 0.086 seconds
[2023-11-27T02:06:57.359+0000] {processor.py:157} INFO - Started process (PID=989) to work on /opt/airflow/dags/devops/beta_ipfs_node_ping_dag.py
[2023-11-27T02:06:57.360+0000] {processor.py:829} INFO - Processing file /opt/airflow/dags/devops/beta_ipfs_node_ping_dag.py for tasks to queue
[2023-11-27T02:06:57.362+0000] {logging_mixin.py:151} INFO - [2023-11-27T02:06:57.362+0000] {dagbag.py:539} INFO - Filling up the DagBag from /opt/airflow/dags/devops/beta_ipfs_node_ping_dag.py
[2023-11-27T02:06:57.387+0000] {processor.py:839} INFO - DAG(s) dict_keys(['beta_ipfs_node_ping_check']) retrieved from /opt/airflow/dags/devops/beta_ipfs_node_ping_dag.py
[2023-11-27T02:06:57.402+0000] {logging_mixin.py:151} INFO - [2023-11-27T02:06:57.402+0000] {dag.py:2915} INFO - Sync 1 DAGs
[2023-11-27T02:06:57.415+0000] {logging_mixin.py:151} INFO - [2023-11-27T02:06:57.414+0000] {dag.py:3696} INFO - Setting next_dagrun for beta_ipfs_node_ping_check to 2023-11-27T02:00:00+00:00, run_after=2023-11-27T02:15:00+00:00
[2023-11-27T02:06:57.425+0000] {processor.py:179} INFO - Processing /opt/airflow/dags/devops/beta_ipfs_node_ping_dag.py took 0.070 seconds
[2023-11-27T02:07:27.814+0000] {processor.py:157} INFO - Started process (PID=1016) to work on /opt/airflow/dags/devops/beta_ipfs_node_ping_dag.py
[2023-11-27T02:07:27.814+0000] {processor.py:829} INFO - Processing file /opt/airflow/dags/devops/beta_ipfs_node_ping_dag.py for tasks to queue
[2023-11-27T02:07:27.816+0000] {logging_mixin.py:151} INFO - [2023-11-27T02:07:27.815+0000] {dagbag.py:539} INFO - Filling up the DagBag from /opt/airflow/dags/devops/beta_ipfs_node_ping_dag.py
[2023-11-27T02:07:27.835+0000] {processor.py:839} INFO - DAG(s) dict_keys(['beta_ipfs_node_ping_check']) retrieved from /opt/airflow/dags/devops/beta_ipfs_node_ping_dag.py
[2023-11-27T02:07:27.850+0000] {logging_mixin.py:151} INFO - [2023-11-27T02:07:27.850+0000] {dag.py:2915} INFO - Sync 1 DAGs
[2023-11-27T02:07:27.863+0000] {logging_mixin.py:151} INFO - [2023-11-27T02:07:27.863+0000] {dag.py:3696} INFO - Setting next_dagrun for beta_ipfs_node_ping_check to 2023-11-27T02:00:00+00:00, run_after=2023-11-27T02:15:00+00:00
[2023-11-27T02:07:27.874+0000] {processor.py:179} INFO - Processing /opt/airflow/dags/devops/beta_ipfs_node_ping_dag.py took 0.063 seconds
[2023-11-27T02:07:58.313+0000] {processor.py:157} INFO - Started process (PID=1035) to work on /opt/airflow/dags/devops/beta_ipfs_node_ping_dag.py
[2023-11-27T02:07:58.315+0000] {processor.py:829} INFO - Processing file /opt/airflow/dags/devops/beta_ipfs_node_ping_dag.py for tasks to queue
[2023-11-27T02:07:58.320+0000] {logging_mixin.py:151} INFO - [2023-11-27T02:07:58.319+0000] {dagbag.py:539} INFO - Filling up the DagBag from /opt/airflow/dags/devops/beta_ipfs_node_ping_dag.py
[2023-11-27T02:07:58.350+0000] {processor.py:839} INFO - DAG(s) dict_keys(['beta_ipfs_node_ping_check']) retrieved from /opt/airflow/dags/devops/beta_ipfs_node_ping_dag.py
[2023-11-27T02:07:58.368+0000] {logging_mixin.py:151} INFO - [2023-11-27T02:07:58.368+0000] {dag.py:2915} INFO - Sync 1 DAGs
[2023-11-27T02:07:58.381+0000] {logging_mixin.py:151} INFO - [2023-11-27T02:07:58.381+0000] {dag.py:3696} INFO - Setting next_dagrun for beta_ipfs_node_ping_check to 2023-11-27T02:00:00+00:00, run_after=2023-11-27T02:15:00+00:00
[2023-11-27T02:07:58.390+0000] {processor.py:179} INFO - Processing /opt/airflow/dags/devops/beta_ipfs_node_ping_dag.py took 0.082 seconds
[2023-11-27T02:08:28.788+0000] {processor.py:157} INFO - Started process (PID=1062) to work on /opt/airflow/dags/devops/beta_ipfs_node_ping_dag.py
[2023-11-27T02:08:28.790+0000] {processor.py:829} INFO - Processing file /opt/airflow/dags/devops/beta_ipfs_node_ping_dag.py for tasks to queue
[2023-11-27T02:08:28.793+0000] {logging_mixin.py:151} INFO - [2023-11-27T02:08:28.792+0000] {dagbag.py:539} INFO - Filling up the DagBag from /opt/airflow/dags/devops/beta_ipfs_node_ping_dag.py
[2023-11-27T02:08:28.824+0000] {processor.py:839} INFO - DAG(s) dict_keys(['beta_ipfs_node_ping_check']) retrieved from /opt/airflow/dags/devops/beta_ipfs_node_ping_dag.py
[2023-11-27T02:08:28.842+0000] {logging_mixin.py:151} INFO - [2023-11-27T02:08:28.842+0000] {dag.py:2915} INFO - Sync 1 DAGs
[2023-11-27T02:08:28.855+0000] {logging_mixin.py:151} INFO - [2023-11-27T02:08:28.855+0000] {dag.py:3696} INFO - Setting next_dagrun for beta_ipfs_node_ping_check to 2023-11-27T02:00:00+00:00, run_after=2023-11-27T02:15:00+00:00
[2023-11-27T02:08:28.864+0000] {processor.py:179} INFO - Processing /opt/airflow/dags/devops/beta_ipfs_node_ping_dag.py took 0.081 seconds
[2023-11-27T02:08:59.254+0000] {processor.py:157} INFO - Started process (PID=1089) to work on /opt/airflow/dags/devops/beta_ipfs_node_ping_dag.py
[2023-11-27T02:08:59.256+0000] {processor.py:829} INFO - Processing file /opt/airflow/dags/devops/beta_ipfs_node_ping_dag.py for tasks to queue
[2023-11-27T02:08:59.259+0000] {logging_mixin.py:151} INFO - [2023-11-27T02:08:59.259+0000] {dagbag.py:539} INFO - Filling up the DagBag from /opt/airflow/dags/devops/beta_ipfs_node_ping_dag.py
[2023-11-27T02:08:59.292+0000] {processor.py:839} INFO - DAG(s) dict_keys(['beta_ipfs_node_ping_check']) retrieved from /opt/airflow/dags/devops/beta_ipfs_node_ping_dag.py
[2023-11-27T02:08:59.310+0000] {logging_mixin.py:151} INFO - [2023-11-27T02:08:59.310+0000] {dag.py:2915} INFO - Sync 1 DAGs
[2023-11-27T02:08:59.323+0000] {logging_mixin.py:151} INFO - [2023-11-27T02:08:59.323+0000] {dag.py:3696} INFO - Setting next_dagrun for beta_ipfs_node_ping_check to 2023-11-27T02:00:00+00:00, run_after=2023-11-27T02:15:00+00:00
[2023-11-27T02:08:59.333+0000] {processor.py:179} INFO - Processing /opt/airflow/dags/devops/beta_ipfs_node_ping_dag.py took 0.084 seconds
[2023-11-27T02:09:29.713+0000] {processor.py:157} INFO - Started process (PID=1115) to work on /opt/airflow/dags/devops/beta_ipfs_node_ping_dag.py
[2023-11-27T02:09:29.714+0000] {processor.py:829} INFO - Processing file /opt/airflow/dags/devops/beta_ipfs_node_ping_dag.py for tasks to queue
[2023-11-27T02:09:29.716+0000] {logging_mixin.py:151} INFO - [2023-11-27T02:09:29.716+0000] {dagbag.py:539} INFO - Filling up the DagBag from /opt/airflow/dags/devops/beta_ipfs_node_ping_dag.py
[2023-11-27T02:09:29.739+0000] {processor.py:839} INFO - DAG(s) dict_keys(['beta_ipfs_node_ping_check']) retrieved from /opt/airflow/dags/devops/beta_ipfs_node_ping_dag.py
[2023-11-27T02:09:29.757+0000] {logging_mixin.py:151} INFO - [2023-11-27T02:09:29.757+0000] {dag.py:2915} INFO - Sync 1 DAGs
[2023-11-27T02:09:29.774+0000] {logging_mixin.py:151} INFO - [2023-11-27T02:09:29.774+0000] {dag.py:3696} INFO - Setting next_dagrun for beta_ipfs_node_ping_check to 2023-11-27T02:00:00+00:00, run_after=2023-11-27T02:15:00+00:00
[2023-11-27T02:09:29.787+0000] {processor.py:179} INFO - Processing /opt/airflow/dags/devops/beta_ipfs_node_ping_dag.py took 0.076 seconds
[2023-11-27T02:10:00.141+0000] {processor.py:157} INFO - Started process (PID=1134) to work on /opt/airflow/dags/devops/beta_ipfs_node_ping_dag.py
[2023-11-27T02:10:00.142+0000] {processor.py:829} INFO - Processing file /opt/airflow/dags/devops/beta_ipfs_node_ping_dag.py for tasks to queue
[2023-11-27T02:10:00.144+0000] {logging_mixin.py:151} INFO - [2023-11-27T02:10:00.144+0000] {dagbag.py:539} INFO - Filling up the DagBag from /opt/airflow/dags/devops/beta_ipfs_node_ping_dag.py
[2023-11-27T02:10:00.173+0000] {processor.py:839} INFO - DAG(s) dict_keys(['beta_ipfs_node_ping_check']) retrieved from /opt/airflow/dags/devops/beta_ipfs_node_ping_dag.py
[2023-11-27T02:10:00.195+0000] {logging_mixin.py:151} INFO - [2023-11-27T02:10:00.195+0000] {dag.py:2915} INFO - Sync 1 DAGs
[2023-11-27T02:10:00.211+0000] {logging_mixin.py:151} INFO - [2023-11-27T02:10:00.211+0000] {dag.py:3696} INFO - Setting next_dagrun for beta_ipfs_node_ping_check to 2023-11-27T02:00:00+00:00, run_after=2023-11-27T02:15:00+00:00
[2023-11-27T02:10:00.225+0000] {processor.py:179} INFO - Processing /opt/airflow/dags/devops/beta_ipfs_node_ping_dag.py took 0.088 seconds
[2023-11-27T02:10:30.564+0000] {processor.py:157} INFO - Started process (PID=1161) to work on /opt/airflow/dags/devops/beta_ipfs_node_ping_dag.py
[2023-11-27T02:10:30.565+0000] {processor.py:829} INFO - Processing file /opt/airflow/dags/devops/beta_ipfs_node_ping_dag.py for tasks to queue
[2023-11-27T02:10:30.568+0000] {logging_mixin.py:151} INFO - [2023-11-27T02:10:30.568+0000] {dagbag.py:539} INFO - Filling up the DagBag from /opt/airflow/dags/devops/beta_ipfs_node_ping_dag.py
[2023-11-27T02:10:30.602+0000] {processor.py:839} INFO - DAG(s) dict_keys(['beta_ipfs_node_ping_check']) retrieved from /opt/airflow/dags/devops/beta_ipfs_node_ping_dag.py
[2023-11-27T02:10:30.620+0000] {logging_mixin.py:151} INFO - [2023-11-27T02:10:30.620+0000] {dag.py:2915} INFO - Sync 1 DAGs
[2023-11-27T02:10:30.633+0000] {logging_mixin.py:151} INFO - [2023-11-27T02:10:30.633+0000] {dag.py:3696} INFO - Setting next_dagrun for beta_ipfs_node_ping_check to 2023-11-27T02:00:00+00:00, run_after=2023-11-27T02:15:00+00:00
[2023-11-27T02:10:30.642+0000] {processor.py:179} INFO - Processing /opt/airflow/dags/devops/beta_ipfs_node_ping_dag.py took 0.085 seconds
[2023-11-27T02:11:01.049+0000] {processor.py:157} INFO - Started process (PID=1188) to work on /opt/airflow/dags/devops/beta_ipfs_node_ping_dag.py
[2023-11-27T02:11:01.050+0000] {processor.py:829} INFO - Processing file /opt/airflow/dags/devops/beta_ipfs_node_ping_dag.py for tasks to queue
[2023-11-27T02:11:01.053+0000] {logging_mixin.py:151} INFO - [2023-11-27T02:11:01.053+0000] {dagbag.py:539} INFO - Filling up the DagBag from /opt/airflow/dags/devops/beta_ipfs_node_ping_dag.py
[2023-11-27T02:11:01.085+0000] {processor.py:839} INFO - DAG(s) dict_keys(['beta_ipfs_node_ping_check']) retrieved from /opt/airflow/dags/devops/beta_ipfs_node_ping_dag.py
[2023-11-27T02:11:01.103+0000] {logging_mixin.py:151} INFO - [2023-11-27T02:11:01.102+0000] {dag.py:2915} INFO - Sync 1 DAGs
[2023-11-27T02:11:01.116+0000] {logging_mixin.py:151} INFO - [2023-11-27T02:11:01.115+0000] {dag.py:3696} INFO - Setting next_dagrun for beta_ipfs_node_ping_check to 2023-11-27T02:00:00+00:00, run_after=2023-11-27T02:15:00+00:00
[2023-11-27T02:11:01.125+0000] {processor.py:179} INFO - Processing /opt/airflow/dags/devops/beta_ipfs_node_ping_dag.py took 0.082 seconds
[2023-11-27T02:11:31.546+0000] {processor.py:157} INFO - Started process (PID=1215) to work on /opt/airflow/dags/devops/beta_ipfs_node_ping_dag.py
[2023-11-27T02:11:31.547+0000] {processor.py:829} INFO - Processing file /opt/airflow/dags/devops/beta_ipfs_node_ping_dag.py for tasks to queue
[2023-11-27T02:11:31.549+0000] {logging_mixin.py:151} INFO - [2023-11-27T02:11:31.549+0000] {dagbag.py:539} INFO - Filling up the DagBag from /opt/airflow/dags/devops/beta_ipfs_node_ping_dag.py
[2023-11-27T02:11:31.571+0000] {processor.py:839} INFO - DAG(s) dict_keys(['beta_ipfs_node_ping_check']) retrieved from /opt/airflow/dags/devops/beta_ipfs_node_ping_dag.py
[2023-11-27T02:11:31.590+0000] {logging_mixin.py:151} INFO - [2023-11-27T02:11:31.590+0000] {dag.py:2915} INFO - Sync 1 DAGs
[2023-11-27T02:11:31.604+0000] {logging_mixin.py:151} INFO - [2023-11-27T02:11:31.604+0000] {dag.py:3696} INFO - Setting next_dagrun for beta_ipfs_node_ping_check to 2023-11-27T02:00:00+00:00, run_after=2023-11-27T02:15:00+00:00
[2023-11-27T02:11:31.617+0000] {processor.py:179} INFO - Processing /opt/airflow/dags/devops/beta_ipfs_node_ping_dag.py took 0.074 seconds
[2023-11-27T02:12:01.969+0000] {processor.py:157} INFO - Started process (PID=1234) to work on /opt/airflow/dags/devops/beta_ipfs_node_ping_dag.py
[2023-11-27T02:12:01.970+0000] {processor.py:829} INFO - Processing file /opt/airflow/dags/devops/beta_ipfs_node_ping_dag.py for tasks to queue
[2023-11-27T02:12:01.972+0000] {logging_mixin.py:151} INFO - [2023-11-27T02:12:01.972+0000] {dagbag.py:539} INFO - Filling up the DagBag from /opt/airflow/dags/devops/beta_ipfs_node_ping_dag.py
[2023-11-27T02:12:02.006+0000] {processor.py:839} INFO - DAG(s) dict_keys(['beta_ipfs_node_ping_check']) retrieved from /opt/airflow/dags/devops/beta_ipfs_node_ping_dag.py
[2023-11-27T02:12:02.025+0000] {logging_mixin.py:151} INFO - [2023-11-27T02:12:02.024+0000] {dag.py:2915} INFO - Sync 1 DAGs
[2023-11-27T02:12:02.039+0000] {logging_mixin.py:151} INFO - [2023-11-27T02:12:02.039+0000] {dag.py:3696} INFO - Setting next_dagrun for beta_ipfs_node_ping_check to 2023-11-27T02:00:00+00:00, run_after=2023-11-27T02:15:00+00:00
[2023-11-27T02:12:02.050+0000] {processor.py:179} INFO - Processing /opt/airflow/dags/devops/beta_ipfs_node_ping_dag.py took 0.085 seconds
[2023-11-27T02:12:32.421+0000] {processor.py:157} INFO - Started process (PID=1261) to work on /opt/airflow/dags/devops/beta_ipfs_node_ping_dag.py
[2023-11-27T02:12:32.422+0000] {processor.py:829} INFO - Processing file /opt/airflow/dags/devops/beta_ipfs_node_ping_dag.py for tasks to queue
[2023-11-27T02:12:32.424+0000] {logging_mixin.py:151} INFO - [2023-11-27T02:12:32.424+0000] {dagbag.py:539} INFO - Filling up the DagBag from /opt/airflow/dags/devops/beta_ipfs_node_ping_dag.py
[2023-11-27T02:12:32.448+0000] {processor.py:839} INFO - DAG(s) dict_keys(['beta_ipfs_node_ping_check']) retrieved from /opt/airflow/dags/devops/beta_ipfs_node_ping_dag.py
[2023-11-27T02:12:32.467+0000] {logging_mixin.py:151} INFO - [2023-11-27T02:12:32.467+0000] {dag.py:2915} INFO - Sync 1 DAGs
[2023-11-27T02:12:32.484+0000] {logging_mixin.py:151} INFO - [2023-11-27T02:12:32.484+0000] {dag.py:3696} INFO - Setting next_dagrun for beta_ipfs_node_ping_check to 2023-11-27T02:00:00+00:00, run_after=2023-11-27T02:15:00+00:00
[2023-11-27T02:12:32.497+0000] {processor.py:179} INFO - Processing /opt/airflow/dags/devops/beta_ipfs_node_ping_dag.py took 0.079 seconds
[2023-11-27T02:13:02.913+0000] {processor.py:157} INFO - Started process (PID=1288) to work on /opt/airflow/dags/devops/beta_ipfs_node_ping_dag.py
[2023-11-27T02:13:02.914+0000] {processor.py:829} INFO - Processing file /opt/airflow/dags/devops/beta_ipfs_node_ping_dag.py for tasks to queue
[2023-11-27T02:13:02.917+0000] {logging_mixin.py:151} INFO - [2023-11-27T02:13:02.916+0000] {dagbag.py:539} INFO - Filling up the DagBag from /opt/airflow/dags/devops/beta_ipfs_node_ping_dag.py
[2023-11-27T02:13:02.949+0000] {processor.py:839} INFO - DAG(s) dict_keys(['beta_ipfs_node_ping_check']) retrieved from /opt/airflow/dags/devops/beta_ipfs_node_ping_dag.py
[2023-11-27T02:13:02.969+0000] {logging_mixin.py:151} INFO - [2023-11-27T02:13:02.969+0000] {dag.py:2915} INFO - Sync 1 DAGs
[2023-11-27T02:13:02.982+0000] {logging_mixin.py:151} INFO - [2023-11-27T02:13:02.982+0000] {dag.py:3696} INFO - Setting next_dagrun for beta_ipfs_node_ping_check to 2023-11-27T02:00:00+00:00, run_after=2023-11-27T02:15:00+00:00
[2023-11-27T02:13:02.993+0000] {processor.py:179} INFO - Processing /opt/airflow/dags/devops/beta_ipfs_node_ping_dag.py took 0.084 seconds
[2023-11-27T02:13:33.277+0000] {processor.py:157} INFO - Started process (PID=1315) to work on /opt/airflow/dags/devops/beta_ipfs_node_ping_dag.py
[2023-11-27T02:13:33.278+0000] {processor.py:829} INFO - Processing file /opt/airflow/dags/devops/beta_ipfs_node_ping_dag.py for tasks to queue
[2023-11-27T02:13:33.280+0000] {logging_mixin.py:151} INFO - [2023-11-27T02:13:33.280+0000] {dagbag.py:539} INFO - Filling up the DagBag from /opt/airflow/dags/devops/beta_ipfs_node_ping_dag.py
[2023-11-27T02:13:33.305+0000] {processor.py:839} INFO - DAG(s) dict_keys(['beta_ipfs_node_ping_check']) retrieved from /opt/airflow/dags/devops/beta_ipfs_node_ping_dag.py
[2023-11-27T02:13:33.324+0000] {logging_mixin.py:151} INFO - [2023-11-27T02:13:33.324+0000] {dag.py:2915} INFO - Sync 1 DAGs
[2023-11-27T02:13:33.339+0000] {logging_mixin.py:151} INFO - [2023-11-27T02:13:33.339+0000] {dag.py:3696} INFO - Setting next_dagrun for beta_ipfs_node_ping_check to 2023-11-27T02:00:00+00:00, run_after=2023-11-27T02:15:00+00:00
[2023-11-27T02:13:33.351+0000] {processor.py:179} INFO - Processing /opt/airflow/dags/devops/beta_ipfs_node_ping_dag.py took 0.076 seconds
[2023-11-27T02:14:03.716+0000] {processor.py:157} INFO - Started process (PID=1334) to work on /opt/airflow/dags/devops/beta_ipfs_node_ping_dag.py
[2023-11-27T02:14:03.718+0000] {processor.py:829} INFO - Processing file /opt/airflow/dags/devops/beta_ipfs_node_ping_dag.py for tasks to queue
[2023-11-27T02:14:03.720+0000] {logging_mixin.py:151} INFO - [2023-11-27T02:14:03.719+0000] {dagbag.py:539} INFO - Filling up the DagBag from /opt/airflow/dags/devops/beta_ipfs_node_ping_dag.py
[2023-11-27T02:14:03.751+0000] {processor.py:839} INFO - DAG(s) dict_keys(['beta_ipfs_node_ping_check']) retrieved from /opt/airflow/dags/devops/beta_ipfs_node_ping_dag.py
[2023-11-27T02:14:03.772+0000] {logging_mixin.py:151} INFO - [2023-11-27T02:14:03.772+0000] {dag.py:2915} INFO - Sync 1 DAGs
[2023-11-27T02:14:03.787+0000] {logging_mixin.py:151} INFO - [2023-11-27T02:14:03.786+0000] {dag.py:3696} INFO - Setting next_dagrun for beta_ipfs_node_ping_check to 2023-11-27T02:00:00+00:00, run_after=2023-11-27T02:15:00+00:00
[2023-11-27T02:14:03.800+0000] {processor.py:179} INFO - Processing /opt/airflow/dags/devops/beta_ipfs_node_ping_dag.py took 0.087 seconds
[2023-11-27T02:14:34.236+0000] {processor.py:157} INFO - Started process (PID=1361) to work on /opt/airflow/dags/devops/beta_ipfs_node_ping_dag.py
[2023-11-27T02:14:34.238+0000] {processor.py:829} INFO - Processing file /opt/airflow/dags/devops/beta_ipfs_node_ping_dag.py for tasks to queue
[2023-11-27T02:14:34.242+0000] {logging_mixin.py:151} INFO - [2023-11-27T02:14:34.242+0000] {dagbag.py:539} INFO - Filling up the DagBag from /opt/airflow/dags/devops/beta_ipfs_node_ping_dag.py
[2023-11-27T02:14:34.273+0000] {processor.py:839} INFO - DAG(s) dict_keys(['beta_ipfs_node_ping_check']) retrieved from /opt/airflow/dags/devops/beta_ipfs_node_ping_dag.py
[2023-11-27T02:14:34.292+0000] {logging_mixin.py:151} INFO - [2023-11-27T02:14:34.291+0000] {dag.py:2915} INFO - Sync 1 DAGs
[2023-11-27T02:14:34.304+0000] {logging_mixin.py:151} INFO - [2023-11-27T02:14:34.304+0000] {dag.py:3696} INFO - Setting next_dagrun for beta_ipfs_node_ping_check to 2023-11-27T02:00:00+00:00, run_after=2023-11-27T02:15:00+00:00
[2023-11-27T02:14:34.314+0000] {processor.py:179} INFO - Processing /opt/airflow/dags/devops/beta_ipfs_node_ping_dag.py took 0.083 seconds
[2023-11-27T02:15:04.734+0000] {processor.py:157} INFO - Started process (PID=1388) to work on /opt/airflow/dags/devops/beta_ipfs_node_ping_dag.py
[2023-11-27T02:15:04.735+0000] {processor.py:829} INFO - Processing file /opt/airflow/dags/devops/beta_ipfs_node_ping_dag.py for tasks to queue
[2023-11-27T02:15:04.737+0000] {logging_mixin.py:151} INFO - [2023-11-27T02:15:04.737+0000] {dagbag.py:539} INFO - Filling up the DagBag from /opt/airflow/dags/devops/beta_ipfs_node_ping_dag.py
[2023-11-27T02:15:04.771+0000] {processor.py:839} INFO - DAG(s) dict_keys(['beta_ipfs_node_ping_check']) retrieved from /opt/airflow/dags/devops/beta_ipfs_node_ping_dag.py
[2023-11-27T02:15:04.790+0000] {logging_mixin.py:151} INFO - [2023-11-27T02:15:04.790+0000] {dag.py:2915} INFO - Sync 1 DAGs
[2023-11-27T02:15:04.803+0000] {logging_mixin.py:151} INFO - [2023-11-27T02:15:04.803+0000] {dag.py:3696} INFO - Setting next_dagrun for beta_ipfs_node_ping_check to 2023-11-27T02:15:00+00:00, run_after=2023-11-27T02:30:00+00:00
[2023-11-27T02:15:04.812+0000] {processor.py:179} INFO - Processing /opt/airflow/dags/devops/beta_ipfs_node_ping_dag.py took 0.082 seconds
[2023-11-27T02:15:35.179+0000] {processor.py:157} INFO - Started process (PID=1415) to work on /opt/airflow/dags/devops/beta_ipfs_node_ping_dag.py
[2023-11-27T02:15:35.180+0000] {processor.py:829} INFO - Processing file /opt/airflow/dags/devops/beta_ipfs_node_ping_dag.py for tasks to queue
[2023-11-27T02:15:35.182+0000] {logging_mixin.py:151} INFO - [2023-11-27T02:15:35.182+0000] {dagbag.py:539} INFO - Filling up the DagBag from /opt/airflow/dags/devops/beta_ipfs_node_ping_dag.py
[2023-11-27T02:15:35.203+0000] {processor.py:839} INFO - DAG(s) dict_keys(['beta_ipfs_node_ping_check']) retrieved from /opt/airflow/dags/devops/beta_ipfs_node_ping_dag.py
[2023-11-27T02:15:35.220+0000] {logging_mixin.py:151} INFO - [2023-11-27T02:15:35.220+0000] {dag.py:2915} INFO - Sync 1 DAGs
[2023-11-27T02:15:35.234+0000] {logging_mixin.py:151} INFO - [2023-11-27T02:15:35.233+0000] {dag.py:3696} INFO - Setting next_dagrun for beta_ipfs_node_ping_check to 2023-11-27T02:15:00+00:00, run_after=2023-11-27T02:30:00+00:00
[2023-11-27T02:15:35.243+0000] {processor.py:179} INFO - Processing /opt/airflow/dags/devops/beta_ipfs_node_ping_dag.py took 0.066 seconds
[2023-11-27T02:16:05.573+0000] {processor.py:157} INFO - Started process (PID=1434) to work on /opt/airflow/dags/devops/beta_ipfs_node_ping_dag.py
[2023-11-27T02:16:05.575+0000] {processor.py:829} INFO - Processing file /opt/airflow/dags/devops/beta_ipfs_node_ping_dag.py for tasks to queue
[2023-11-27T02:16:05.577+0000] {logging_mixin.py:151} INFO - [2023-11-27T02:16:05.577+0000] {dagbag.py:539} INFO - Filling up the DagBag from /opt/airflow/dags/devops/beta_ipfs_node_ping_dag.py
[2023-11-27T02:16:05.612+0000] {processor.py:839} INFO - DAG(s) dict_keys(['beta_ipfs_node_ping_check']) retrieved from /opt/airflow/dags/devops/beta_ipfs_node_ping_dag.py
[2023-11-27T02:16:05.633+0000] {logging_mixin.py:151} INFO - [2023-11-27T02:16:05.633+0000] {dag.py:2915} INFO - Sync 1 DAGs
[2023-11-27T02:16:05.645+0000] {logging_mixin.py:151} INFO - [2023-11-27T02:16:05.645+0000] {dag.py:3696} INFO - Setting next_dagrun for beta_ipfs_node_ping_check to 2023-11-27T02:15:00+00:00, run_after=2023-11-27T02:30:00+00:00
[2023-11-27T02:16:05.656+0000] {processor.py:179} INFO - Processing /opt/airflow/dags/devops/beta_ipfs_node_ping_dag.py took 0.086 seconds
[2023-11-27T02:16:36.063+0000] {processor.py:157} INFO - Started process (PID=1461) to work on /opt/airflow/dags/devops/beta_ipfs_node_ping_dag.py
[2023-11-27T02:16:36.064+0000] {processor.py:829} INFO - Processing file /opt/airflow/dags/devops/beta_ipfs_node_ping_dag.py for tasks to queue
[2023-11-27T02:16:36.066+0000] {logging_mixin.py:151} INFO - [2023-11-27T02:16:36.066+0000] {dagbag.py:539} INFO - Filling up the DagBag from /opt/airflow/dags/devops/beta_ipfs_node_ping_dag.py
[2023-11-27T02:16:36.096+0000] {processor.py:839} INFO - DAG(s) dict_keys(['beta_ipfs_node_ping_check']) retrieved from /opt/airflow/dags/devops/beta_ipfs_node_ping_dag.py
[2023-11-27T02:16:36.114+0000] {logging_mixin.py:151} INFO - [2023-11-27T02:16:36.113+0000] {dag.py:2915} INFO - Sync 1 DAGs
[2023-11-27T02:16:36.126+0000] {logging_mixin.py:151} INFO - [2023-11-27T02:16:36.126+0000] {dag.py:3696} INFO - Setting next_dagrun for beta_ipfs_node_ping_check to 2023-11-27T02:15:00+00:00, run_after=2023-11-27T02:30:00+00:00
[2023-11-27T02:16:36.135+0000] {processor.py:179} INFO - Processing /opt/airflow/dags/devops/beta_ipfs_node_ping_dag.py took 0.077 seconds
[2023-11-27T02:17:06.472+0000] {processor.py:157} INFO - Started process (PID=1488) to work on /opt/airflow/dags/devops/beta_ipfs_node_ping_dag.py
[2023-11-27T02:17:06.474+0000] {processor.py:829} INFO - Processing file /opt/airflow/dags/devops/beta_ipfs_node_ping_dag.py for tasks to queue
[2023-11-27T02:17:06.477+0000] {logging_mixin.py:151} INFO - [2023-11-27T02:17:06.476+0000] {dagbag.py:539} INFO - Filling up the DagBag from /opt/airflow/dags/devops/beta_ipfs_node_ping_dag.py
[2023-11-27T02:17:06.510+0000] {processor.py:839} INFO - DAG(s) dict_keys(['beta_ipfs_node_ping_check']) retrieved from /opt/airflow/dags/devops/beta_ipfs_node_ping_dag.py
[2023-11-27T02:17:06.527+0000] {logging_mixin.py:151} INFO - [2023-11-27T02:17:06.527+0000] {dag.py:2915} INFO - Sync 1 DAGs
[2023-11-27T02:17:06.539+0000] {logging_mixin.py:151} INFO - [2023-11-27T02:17:06.539+0000] {dag.py:3696} INFO - Setting next_dagrun for beta_ipfs_node_ping_check to 2023-11-27T02:15:00+00:00, run_after=2023-11-27T02:30:00+00:00
[2023-11-27T02:17:06.549+0000] {processor.py:179} INFO - Processing /opt/airflow/dags/devops/beta_ipfs_node_ping_dag.py took 0.083 seconds
[2023-11-27T02:17:36.928+0000] {processor.py:157} INFO - Started process (PID=1516) to work on /opt/airflow/dags/devops/beta_ipfs_node_ping_dag.py
[2023-11-27T02:17:36.929+0000] {processor.py:829} INFO - Processing file /opt/airflow/dags/devops/beta_ipfs_node_ping_dag.py for tasks to queue
[2023-11-27T02:17:36.932+0000] {logging_mixin.py:151} INFO - [2023-11-27T02:17:36.931+0000] {dagbag.py:539} INFO - Filling up the DagBag from /opt/airflow/dags/devops/beta_ipfs_node_ping_dag.py
[2023-11-27T02:17:36.958+0000] {processor.py:839} INFO - DAG(s) dict_keys(['beta_ipfs_node_ping_check']) retrieved from /opt/airflow/dags/devops/beta_ipfs_node_ping_dag.py
[2023-11-27T02:17:36.975+0000] {logging_mixin.py:151} INFO - [2023-11-27T02:17:36.975+0000] {dag.py:2915} INFO - Sync 1 DAGs
[2023-11-27T02:17:36.987+0000] {logging_mixin.py:151} INFO - [2023-11-27T02:17:36.987+0000] {dag.py:3696} INFO - Setting next_dagrun for beta_ipfs_node_ping_check to 2023-11-27T02:15:00+00:00, run_after=2023-11-27T02:30:00+00:00
[2023-11-27T02:17:36.997+0000] {processor.py:179} INFO - Processing /opt/airflow/dags/devops/beta_ipfs_node_ping_dag.py took 0.073 seconds
[2023-11-27T02:18:07.463+0000] {processor.py:157} INFO - Started process (PID=1535) to work on /opt/airflow/dags/devops/beta_ipfs_node_ping_dag.py
[2023-11-27T02:18:07.464+0000] {processor.py:829} INFO - Processing file /opt/airflow/dags/devops/beta_ipfs_node_ping_dag.py for tasks to queue
[2023-11-27T02:18:07.466+0000] {logging_mixin.py:151} INFO - [2023-11-27T02:18:07.465+0000] {dagbag.py:539} INFO - Filling up the DagBag from /opt/airflow/dags/devops/beta_ipfs_node_ping_dag.py
[2023-11-27T02:18:07.487+0000] {processor.py:839} INFO - DAG(s) dict_keys(['beta_ipfs_node_ping_check']) retrieved from /opt/airflow/dags/devops/beta_ipfs_node_ping_dag.py
[2023-11-27T02:18:07.503+0000] {logging_mixin.py:151} INFO - [2023-11-27T02:18:07.503+0000] {dag.py:2915} INFO - Sync 1 DAGs
[2023-11-27T02:18:07.515+0000] {logging_mixin.py:151} INFO - [2023-11-27T02:18:07.515+0000] {dag.py:3696} INFO - Setting next_dagrun for beta_ipfs_node_ping_check to 2023-11-27T02:15:00+00:00, run_after=2023-11-27T02:30:00+00:00
[2023-11-27T02:18:07.524+0000] {processor.py:179} INFO - Processing /opt/airflow/dags/devops/beta_ipfs_node_ping_dag.py took 0.063 seconds
[2023-11-27T02:18:37.888+0000] {processor.py:157} INFO - Started process (PID=1562) to work on /opt/airflow/dags/devops/beta_ipfs_node_ping_dag.py
[2023-11-27T02:18:37.889+0000] {processor.py:829} INFO - Processing file /opt/airflow/dags/devops/beta_ipfs_node_ping_dag.py for tasks to queue
[2023-11-27T02:18:37.891+0000] {logging_mixin.py:151} INFO - [2023-11-27T02:18:37.891+0000] {dagbag.py:539} INFO - Filling up the DagBag from /opt/airflow/dags/devops/beta_ipfs_node_ping_dag.py
[2023-11-27T02:18:37.923+0000] {processor.py:839} INFO - DAG(s) dict_keys(['beta_ipfs_node_ping_check']) retrieved from /opt/airflow/dags/devops/beta_ipfs_node_ping_dag.py
[2023-11-27T02:18:37.941+0000] {logging_mixin.py:151} INFO - [2023-11-27T02:18:37.941+0000] {dag.py:2915} INFO - Sync 1 DAGs
[2023-11-27T02:18:37.954+0000] {logging_mixin.py:151} INFO - [2023-11-27T02:18:37.954+0000] {dag.py:3696} INFO - Setting next_dagrun for beta_ipfs_node_ping_check to 2023-11-27T02:15:00+00:00, run_after=2023-11-27T02:30:00+00:00
[2023-11-27T02:18:37.964+0000] {processor.py:179} INFO - Processing /opt/airflow/dags/devops/beta_ipfs_node_ping_dag.py took 0.080 seconds
[2023-11-27T02:19:08.286+0000] {processor.py:157} INFO - Started process (PID=1589) to work on /opt/airflow/dags/devops/beta_ipfs_node_ping_dag.py
[2023-11-27T02:19:08.287+0000] {processor.py:829} INFO - Processing file /opt/airflow/dags/devops/beta_ipfs_node_ping_dag.py for tasks to queue
[2023-11-27T02:19:08.288+0000] {logging_mixin.py:151} INFO - [2023-11-27T02:19:08.288+0000] {dagbag.py:539} INFO - Filling up the DagBag from /opt/airflow/dags/devops/beta_ipfs_node_ping_dag.py
[2023-11-27T02:19:08.311+0000] {processor.py:839} INFO - DAG(s) dict_keys(['beta_ipfs_node_ping_check']) retrieved from /opt/airflow/dags/devops/beta_ipfs_node_ping_dag.py
[2023-11-27T02:19:08.329+0000] {logging_mixin.py:151} INFO - [2023-11-27T02:19:08.329+0000] {dag.py:2915} INFO - Sync 1 DAGs
[2023-11-27T02:19:08.344+0000] {logging_mixin.py:151} INFO - [2023-11-27T02:19:08.344+0000] {dag.py:3696} INFO - Setting next_dagrun for beta_ipfs_node_ping_check to 2023-11-27T02:15:00+00:00, run_after=2023-11-27T02:30:00+00:00
[2023-11-27T02:19:08.355+0000] {processor.py:179} INFO - Processing /opt/airflow/dags/devops/beta_ipfs_node_ping_dag.py took 0.072 seconds
[2023-11-27T02:19:38.761+0000] {processor.py:157} INFO - Started process (PID=1616) to work on /opt/airflow/dags/devops/beta_ipfs_node_ping_dag.py
[2023-11-27T02:19:38.762+0000] {processor.py:829} INFO - Processing file /opt/airflow/dags/devops/beta_ipfs_node_ping_dag.py for tasks to queue
[2023-11-27T02:19:38.765+0000] {logging_mixin.py:151} INFO - [2023-11-27T02:19:38.764+0000] {dagbag.py:539} INFO - Filling up the DagBag from /opt/airflow/dags/devops/beta_ipfs_node_ping_dag.py
[2023-11-27T02:19:38.800+0000] {processor.py:839} INFO - DAG(s) dict_keys(['beta_ipfs_node_ping_check']) retrieved from /opt/airflow/dags/devops/beta_ipfs_node_ping_dag.py
[2023-11-27T02:19:38.818+0000] {logging_mixin.py:151} INFO - [2023-11-27T02:19:38.818+0000] {dag.py:2915} INFO - Sync 1 DAGs
[2023-11-27T02:19:38.831+0000] {logging_mixin.py:151} INFO - [2023-11-27T02:19:38.831+0000] {dag.py:3696} INFO - Setting next_dagrun for beta_ipfs_node_ping_check to 2023-11-27T02:15:00+00:00, run_after=2023-11-27T02:30:00+00:00
[2023-11-27T02:19:38.842+0000] {processor.py:179} INFO - Processing /opt/airflow/dags/devops/beta_ipfs_node_ping_dag.py took 0.085 seconds
[2023-11-27T02:20:09.191+0000] {processor.py:157} INFO - Started process (PID=1635) to work on /opt/airflow/dags/devops/beta_ipfs_node_ping_dag.py
[2023-11-27T02:20:09.193+0000] {processor.py:829} INFO - Processing file /opt/airflow/dags/devops/beta_ipfs_node_ping_dag.py for tasks to queue
[2023-11-27T02:20:09.196+0000] {logging_mixin.py:151} INFO - [2023-11-27T02:20:09.196+0000] {dagbag.py:539} INFO - Filling up the DagBag from /opt/airflow/dags/devops/beta_ipfs_node_ping_dag.py
[2023-11-27T02:20:09.230+0000] {processor.py:839} INFO - DAG(s) dict_keys(['beta_ipfs_node_ping_check']) retrieved from /opt/airflow/dags/devops/beta_ipfs_node_ping_dag.py
[2023-11-27T02:20:09.247+0000] {logging_mixin.py:151} INFO - [2023-11-27T02:20:09.247+0000] {dag.py:2915} INFO - Sync 1 DAGs
[2023-11-27T02:20:09.260+0000] {logging_mixin.py:151} INFO - [2023-11-27T02:20:09.260+0000] {dag.py:3696} INFO - Setting next_dagrun for beta_ipfs_node_ping_check to 2023-11-27T02:15:00+00:00, run_after=2023-11-27T02:30:00+00:00
[2023-11-27T02:20:09.269+0000] {processor.py:179} INFO - Processing /opt/airflow/dags/devops/beta_ipfs_node_ping_dag.py took 0.084 seconds
[2023-11-27T02:20:39.655+0000] {processor.py:157} INFO - Started process (PID=1662) to work on /opt/airflow/dags/devops/beta_ipfs_node_ping_dag.py
[2023-11-27T02:20:39.656+0000] {processor.py:829} INFO - Processing file /opt/airflow/dags/devops/beta_ipfs_node_ping_dag.py for tasks to queue
[2023-11-27T02:20:39.658+0000] {logging_mixin.py:151} INFO - [2023-11-27T02:20:39.658+0000] {dagbag.py:539} INFO - Filling up the DagBag from /opt/airflow/dags/devops/beta_ipfs_node_ping_dag.py
[2023-11-27T02:20:39.681+0000] {processor.py:839} INFO - DAG(s) dict_keys(['beta_ipfs_node_ping_check']) retrieved from /opt/airflow/dags/devops/beta_ipfs_node_ping_dag.py
[2023-11-27T02:20:39.699+0000] {logging_mixin.py:151} INFO - [2023-11-27T02:20:39.699+0000] {dag.py:2915} INFO - Sync 1 DAGs
[2023-11-27T02:20:39.714+0000] {logging_mixin.py:151} INFO - [2023-11-27T02:20:39.714+0000] {dag.py:3696} INFO - Setting next_dagrun for beta_ipfs_node_ping_check to 2023-11-27T02:15:00+00:00, run_after=2023-11-27T02:30:00+00:00
[2023-11-27T02:20:39.726+0000] {processor.py:179} INFO - Processing /opt/airflow/dags/devops/beta_ipfs_node_ping_dag.py took 0.073 seconds
[2023-11-27T02:21:10.113+0000] {processor.py:157} INFO - Started process (PID=1689) to work on /opt/airflow/dags/devops/beta_ipfs_node_ping_dag.py
[2023-11-27T02:21:10.114+0000] {processor.py:829} INFO - Processing file /opt/airflow/dags/devops/beta_ipfs_node_ping_dag.py for tasks to queue
[2023-11-27T02:21:10.118+0000] {logging_mixin.py:151} INFO - [2023-11-27T02:21:10.117+0000] {dagbag.py:539} INFO - Filling up the DagBag from /opt/airflow/dags/devops/beta_ipfs_node_ping_dag.py
[2023-11-27T02:21:10.150+0000] {processor.py:839} INFO - DAG(s) dict_keys(['beta_ipfs_node_ping_check']) retrieved from /opt/airflow/dags/devops/beta_ipfs_node_ping_dag.py
[2023-11-27T02:21:10.170+0000] {logging_mixin.py:151} INFO - [2023-11-27T02:21:10.170+0000] {dag.py:2915} INFO - Sync 1 DAGs
[2023-11-27T02:21:10.183+0000] {logging_mixin.py:151} INFO - [2023-11-27T02:21:10.183+0000] {dag.py:3696} INFO - Setting next_dagrun for beta_ipfs_node_ping_check to 2023-11-27T02:15:00+00:00, run_after=2023-11-27T02:30:00+00:00
[2023-11-27T02:21:10.193+0000] {processor.py:179} INFO - Processing /opt/airflow/dags/devops/beta_ipfs_node_ping_dag.py took 0.086 seconds
[2023-11-27T02:21:40.570+0000] {processor.py:157} INFO - Started process (PID=1716) to work on /opt/airflow/dags/devops/beta_ipfs_node_ping_dag.py
[2023-11-27T02:21:40.571+0000] {processor.py:829} INFO - Processing file /opt/airflow/dags/devops/beta_ipfs_node_ping_dag.py for tasks to queue
[2023-11-27T02:21:40.574+0000] {logging_mixin.py:151} INFO - [2023-11-27T02:21:40.574+0000] {dagbag.py:539} INFO - Filling up the DagBag from /opt/airflow/dags/devops/beta_ipfs_node_ping_dag.py
[2023-11-27T02:21:40.611+0000] {processor.py:839} INFO - DAG(s) dict_keys(['beta_ipfs_node_ping_check']) retrieved from /opt/airflow/dags/devops/beta_ipfs_node_ping_dag.py
[2023-11-27T02:21:40.629+0000] {logging_mixin.py:151} INFO - [2023-11-27T02:21:40.629+0000] {dag.py:2915} INFO - Sync 1 DAGs
[2023-11-27T02:21:40.641+0000] {logging_mixin.py:151} INFO - [2023-11-27T02:21:40.641+0000] {dag.py:3696} INFO - Setting next_dagrun for beta_ipfs_node_ping_check to 2023-11-27T02:15:00+00:00, run_after=2023-11-27T02:30:00+00:00
[2023-11-27T02:21:40.652+0000] {processor.py:179} INFO - Processing /opt/airflow/dags/devops/beta_ipfs_node_ping_dag.py took 0.088 seconds
[2023-11-27T02:22:10.954+0000] {processor.py:157} INFO - Started process (PID=1735) to work on /opt/airflow/dags/devops/beta_ipfs_node_ping_dag.py
[2023-11-27T02:22:10.955+0000] {processor.py:829} INFO - Processing file /opt/airflow/dags/devops/beta_ipfs_node_ping_dag.py for tasks to queue
[2023-11-27T02:22:10.957+0000] {logging_mixin.py:151} INFO - [2023-11-27T02:22:10.956+0000] {dagbag.py:539} INFO - Filling up the DagBag from /opt/airflow/dags/devops/beta_ipfs_node_ping_dag.py
[2023-11-27T02:22:10.979+0000] {processor.py:839} INFO - DAG(s) dict_keys(['beta_ipfs_node_ping_check']) retrieved from /opt/airflow/dags/devops/beta_ipfs_node_ping_dag.py
[2023-11-27T02:22:10.995+0000] {logging_mixin.py:151} INFO - [2023-11-27T02:22:10.995+0000] {dag.py:2915} INFO - Sync 1 DAGs
[2023-11-27T02:22:11.008+0000] {logging_mixin.py:151} INFO - [2023-11-27T02:22:11.008+0000] {dag.py:3696} INFO - Setting next_dagrun for beta_ipfs_node_ping_check to 2023-11-27T02:15:00+00:00, run_after=2023-11-27T02:30:00+00:00
[2023-11-27T02:22:11.018+0000] {processor.py:179} INFO - Processing /opt/airflow/dags/devops/beta_ipfs_node_ping_dag.py took 0.067 seconds
[2023-11-27T02:32:40.072+0000] {processor.py:157} INFO - Started process (PID=35) to work on /opt/airflow/dags/devops/beta_ipfs_node_ping_dag.py
[2023-11-27T02:32:40.073+0000] {processor.py:829} INFO - Processing file /opt/airflow/dags/devops/beta_ipfs_node_ping_dag.py for tasks to queue
[2023-11-27T02:32:40.075+0000] {logging_mixin.py:151} INFO - [2023-11-27T02:32:40.075+0000] {dagbag.py:539} INFO - Filling up the DagBag from /opt/airflow/dags/devops/beta_ipfs_node_ping_dag.py
[2023-11-27T02:32:40.267+0000] {processor.py:839} INFO - DAG(s) dict_keys(['beta_ipfs_node_ping_check']) retrieved from /opt/airflow/dags/devops/beta_ipfs_node_ping_dag.py
[2023-11-27T02:32:40.298+0000] {logging_mixin.py:151} INFO - [2023-11-27T02:32:40.298+0000] {dag.py:2915} INFO - Sync 1 DAGs
[2023-11-27T02:32:40.332+0000] {processor.py:179} INFO - Processing /opt/airflow/dags/devops/beta_ipfs_node_ping_dag.py took 0.263 seconds
[2023-11-27T02:33:10.639+0000] {processor.py:157} INFO - Started process (PID=62) to work on /opt/airflow/dags/devops/beta_ipfs_node_ping_dag.py
[2023-11-27T02:33:10.641+0000] {processor.py:829} INFO - Processing file /opt/airflow/dags/devops/beta_ipfs_node_ping_dag.py for tasks to queue
[2023-11-27T02:33:10.650+0000] {logging_mixin.py:151} INFO - [2023-11-27T02:33:10.649+0000] {dagbag.py:539} INFO - Filling up the DagBag from /opt/airflow/dags/devops/beta_ipfs_node_ping_dag.py
[2023-11-27T02:33:10.755+0000] {processor.py:839} INFO - DAG(s) dict_keys(['beta_ipfs_node_ping_check']) retrieved from /opt/airflow/dags/devops/beta_ipfs_node_ping_dag.py
[2023-11-27T02:33:10.768+0000] {logging_mixin.py:151} INFO - [2023-11-27T02:33:10.768+0000] {dag.py:2915} INFO - Sync 1 DAGs
[2023-11-27T02:33:10.780+0000] {logging_mixin.py:151} INFO - [2023-11-27T02:33:10.780+0000] {dag.py:3696} INFO - Setting next_dagrun for beta_ipfs_node_ping_check to 2023-11-27T02:30:00+00:00, run_after=2023-11-27T02:45:00+00:00
[2023-11-27T02:33:10.790+0000] {processor.py:179} INFO - Processing /opt/airflow/dags/devops/beta_ipfs_node_ping_dag.py took 0.156 seconds
[2023-11-27T02:33:41.159+0000] {processor.py:157} INFO - Started process (PID=89) to work on /opt/airflow/dags/devops/beta_ipfs_node_ping_dag.py
[2023-11-27T02:33:41.160+0000] {processor.py:829} INFO - Processing file /opt/airflow/dags/devops/beta_ipfs_node_ping_dag.py for tasks to queue
[2023-11-27T02:33:41.162+0000] {logging_mixin.py:151} INFO - [2023-11-27T02:33:41.162+0000] {dagbag.py:539} INFO - Filling up the DagBag from /opt/airflow/dags/devops/beta_ipfs_node_ping_dag.py
[2023-11-27T02:33:41.184+0000] {processor.py:839} INFO - DAG(s) dict_keys(['beta_ipfs_node_ping_check']) retrieved from /opt/airflow/dags/devops/beta_ipfs_node_ping_dag.py
[2023-11-27T02:33:41.202+0000] {logging_mixin.py:151} INFO - [2023-11-27T02:33:41.202+0000] {dag.py:2915} INFO - Sync 1 DAGs
[2023-11-27T02:33:41.216+0000] {logging_mixin.py:151} INFO - [2023-11-27T02:33:41.216+0000] {dag.py:3696} INFO - Setting next_dagrun for beta_ipfs_node_ping_check to 2023-11-27T02:30:00+00:00, run_after=2023-11-27T02:45:00+00:00
[2023-11-27T02:33:41.227+0000] {processor.py:179} INFO - Processing /opt/airflow/dags/devops/beta_ipfs_node_ping_dag.py took 0.071 seconds
[2023-11-27T02:34:11.648+0000] {processor.py:157} INFO - Started process (PID=108) to work on /opt/airflow/dags/devops/beta_ipfs_node_ping_dag.py
[2023-11-27T02:34:11.649+0000] {processor.py:829} INFO - Processing file /opt/airflow/dags/devops/beta_ipfs_node_ping_dag.py for tasks to queue
[2023-11-27T02:34:11.651+0000] {logging_mixin.py:151} INFO - [2023-11-27T02:34:11.651+0000] {dagbag.py:539} INFO - Filling up the DagBag from /opt/airflow/dags/devops/beta_ipfs_node_ping_dag.py
[2023-11-27T02:34:11.681+0000] {processor.py:839} INFO - DAG(s) dict_keys(['beta_ipfs_node_ping_check']) retrieved from /opt/airflow/dags/devops/beta_ipfs_node_ping_dag.py
[2023-11-27T02:34:11.697+0000] {logging_mixin.py:151} INFO - [2023-11-27T02:34:11.697+0000] {dag.py:2915} INFO - Sync 1 DAGs
[2023-11-27T02:34:11.709+0000] {logging_mixin.py:151} INFO - [2023-11-27T02:34:11.709+0000] {dag.py:3696} INFO - Setting next_dagrun for beta_ipfs_node_ping_check to 2023-11-27T02:30:00+00:00, run_after=2023-11-27T02:45:00+00:00
[2023-11-27T02:34:11.717+0000] {processor.py:179} INFO - Processing /opt/airflow/dags/devops/beta_ipfs_node_ping_dag.py took 0.075 seconds
[2023-11-27T02:34:42.108+0000] {processor.py:157} INFO - Started process (PID=135) to work on /opt/airflow/dags/devops/beta_ipfs_node_ping_dag.py
[2023-11-27T02:34:42.109+0000] {processor.py:829} INFO - Processing file /opt/airflow/dags/devops/beta_ipfs_node_ping_dag.py for tasks to queue
[2023-11-27T02:34:42.112+0000] {logging_mixin.py:151} INFO - [2023-11-27T02:34:42.111+0000] {dagbag.py:539} INFO - Filling up the DagBag from /opt/airflow/dags/devops/beta_ipfs_node_ping_dag.py
[2023-11-27T02:34:42.147+0000] {processor.py:839} INFO - DAG(s) dict_keys(['beta_ipfs_node_ping_check']) retrieved from /opt/airflow/dags/devops/beta_ipfs_node_ping_dag.py
[2023-11-27T02:34:42.167+0000] {logging_mixin.py:151} INFO - [2023-11-27T02:34:42.167+0000] {dag.py:2915} INFO - Sync 1 DAGs
[2023-11-27T02:34:42.180+0000] {logging_mixin.py:151} INFO - [2023-11-27T02:34:42.180+0000] {dag.py:3696} INFO - Setting next_dagrun for beta_ipfs_node_ping_check to 2023-11-27T02:30:00+00:00, run_after=2023-11-27T02:45:00+00:00
[2023-11-27T02:34:42.190+0000] {processor.py:179} INFO - Processing /opt/airflow/dags/devops/beta_ipfs_node_ping_dag.py took 0.085 seconds
[2023-11-27T02:35:12.539+0000] {processor.py:157} INFO - Started process (PID=162) to work on /opt/airflow/dags/devops/beta_ipfs_node_ping_dag.py
[2023-11-27T02:35:12.540+0000] {processor.py:829} INFO - Processing file /opt/airflow/dags/devops/beta_ipfs_node_ping_dag.py for tasks to queue
[2023-11-27T02:35:12.541+0000] {logging_mixin.py:151} INFO - [2023-11-27T02:35:12.541+0000] {dagbag.py:539} INFO - Filling up the DagBag from /opt/airflow/dags/devops/beta_ipfs_node_ping_dag.py
[2023-11-27T02:35:12.571+0000] {processor.py:839} INFO - DAG(s) dict_keys(['beta_ipfs_node_ping_check']) retrieved from /opt/airflow/dags/devops/beta_ipfs_node_ping_dag.py
[2023-11-27T02:35:12.590+0000] {logging_mixin.py:151} INFO - [2023-11-27T02:35:12.589+0000] {dag.py:2915} INFO - Sync 1 DAGs
[2023-11-27T02:35:12.604+0000] {logging_mixin.py:151} INFO - [2023-11-27T02:35:12.604+0000] {dag.py:3696} INFO - Setting next_dagrun for beta_ipfs_node_ping_check to 2023-11-27T02:30:00+00:00, run_after=2023-11-27T02:45:00+00:00
[2023-11-27T02:35:12.613+0000] {processor.py:179} INFO - Processing /opt/airflow/dags/devops/beta_ipfs_node_ping_dag.py took 0.078 seconds
[2023-11-27T02:35:42.931+0000] {processor.py:157} INFO - Started process (PID=189) to work on /opt/airflow/dags/devops/beta_ipfs_node_ping_dag.py
[2023-11-27T02:35:42.931+0000] {processor.py:829} INFO - Processing file /opt/airflow/dags/devops/beta_ipfs_node_ping_dag.py for tasks to queue
[2023-11-27T02:35:42.933+0000] {logging_mixin.py:151} INFO - [2023-11-27T02:35:42.932+0000] {dagbag.py:539} INFO - Filling up the DagBag from /opt/airflow/dags/devops/beta_ipfs_node_ping_dag.py
[2023-11-27T02:35:42.954+0000] {processor.py:839} INFO - DAG(s) dict_keys(['beta_ipfs_node_ping_check']) retrieved from /opt/airflow/dags/devops/beta_ipfs_node_ping_dag.py
[2023-11-27T02:35:42.971+0000] {logging_mixin.py:151} INFO - [2023-11-27T02:35:42.971+0000] {dag.py:2915} INFO - Sync 1 DAGs
[2023-11-27T02:35:42.984+0000] {logging_mixin.py:151} INFO - [2023-11-27T02:35:42.984+0000] {dag.py:3696} INFO - Setting next_dagrun for beta_ipfs_node_ping_check to 2023-11-27T02:30:00+00:00, run_after=2023-11-27T02:45:00+00:00
[2023-11-27T02:35:42.995+0000] {processor.py:179} INFO - Processing /opt/airflow/dags/devops/beta_ipfs_node_ping_dag.py took 0.066 seconds
[2023-11-27T02:36:13.316+0000] {processor.py:157} INFO - Started process (PID=208) to work on /opt/airflow/dags/devops/beta_ipfs_node_ping_dag.py
[2023-11-27T02:36:13.317+0000] {processor.py:829} INFO - Processing file /opt/airflow/dags/devops/beta_ipfs_node_ping_dag.py for tasks to queue
[2023-11-27T02:36:13.319+0000] {logging_mixin.py:151} INFO - [2023-11-27T02:36:13.319+0000] {dagbag.py:539} INFO - Filling up the DagBag from /opt/airflow/dags/devops/beta_ipfs_node_ping_dag.py
[2023-11-27T02:36:13.349+0000] {processor.py:839} INFO - DAG(s) dict_keys(['beta_ipfs_node_ping_check']) retrieved from /opt/airflow/dags/devops/beta_ipfs_node_ping_dag.py
[2023-11-27T02:36:13.366+0000] {logging_mixin.py:151} INFO - [2023-11-27T02:36:13.366+0000] {dag.py:2915} INFO - Sync 1 DAGs
[2023-11-27T02:36:13.379+0000] {logging_mixin.py:151} INFO - [2023-11-27T02:36:13.378+0000] {dag.py:3696} INFO - Setting next_dagrun for beta_ipfs_node_ping_check to 2023-11-27T02:30:00+00:00, run_after=2023-11-27T02:45:00+00:00
[2023-11-27T02:36:13.387+0000] {processor.py:179} INFO - Processing /opt/airflow/dags/devops/beta_ipfs_node_ping_dag.py took 0.076 seconds
[2023-11-27T02:36:43.802+0000] {processor.py:157} INFO - Started process (PID=235) to work on /opt/airflow/dags/devops/beta_ipfs_node_ping_dag.py
[2023-11-27T02:36:43.804+0000] {processor.py:829} INFO - Processing file /opt/airflow/dags/devops/beta_ipfs_node_ping_dag.py for tasks to queue
[2023-11-27T02:36:43.807+0000] {logging_mixin.py:151} INFO - [2023-11-27T02:36:43.806+0000] {dagbag.py:539} INFO - Filling up the DagBag from /opt/airflow/dags/devops/beta_ipfs_node_ping_dag.py
[2023-11-27T02:36:43.837+0000] {processor.py:839} INFO - DAG(s) dict_keys(['beta_ipfs_node_ping_check']) retrieved from /opt/airflow/dags/devops/beta_ipfs_node_ping_dag.py
[2023-11-27T02:36:43.853+0000] {logging_mixin.py:151} INFO - [2023-11-27T02:36:43.853+0000] {dag.py:2915} INFO - Sync 1 DAGs
[2023-11-27T02:36:43.864+0000] {logging_mixin.py:151} INFO - [2023-11-27T02:36:43.864+0000] {dag.py:3696} INFO - Setting next_dagrun for beta_ipfs_node_ping_check to 2023-11-27T02:30:00+00:00, run_after=2023-11-27T02:45:00+00:00
[2023-11-27T02:36:43.873+0000] {processor.py:179} INFO - Processing /opt/airflow/dags/devops/beta_ipfs_node_ping_dag.py took 0.076 seconds
