[2023-10-18T13:13:08.388+0000] {processor.py:157} INFO - Started process (PID=35) to work on /opt/airflow/dags/devops/beta_ipfs_ping.py
[2023-10-18T13:13:08.390+0000] {processor.py:829} INFO - Processing file /opt/airflow/dags/devops/beta_ipfs_ping.py for tasks to queue
[2023-10-18T13:13:08.392+0000] {logging_mixin.py:151} INFO - [2023-10-18T13:13:08.392+0000] {dagbag.py:539} INFO - Filling up the DagBag from /opt/airflow/dags/devops/beta_ipfs_ping.py
[2023-10-18T13:13:08.445+0000] {processor.py:839} INFO - DAG(s) dict_keys(['beta_ipfs_ping_check']) retrieved from /opt/airflow/dags/devops/beta_ipfs_ping.py
[2023-10-18T13:13:09.276+0000] {logging_mixin.py:151} INFO - [2023-10-18T13:13:09.276+0000] {manager.py:499} INFO - Created Permission View: %s
[2023-10-18T13:13:09.491+0000] {logging_mixin.py:151} INFO - [2023-10-18T13:13:09.491+0000] {manager.py:499} INFO - Created Permission View: %s
[2023-10-18T13:13:09.636+0000] {logging_mixin.py:151} INFO - [2023-10-18T13:13:09.636+0000] {manager.py:499} INFO - Created Permission View: %s
[2023-10-18T13:13:09.637+0000] {logging_mixin.py:151} INFO - [2023-10-18T13:13:09.637+0000] {security.py:708} INFO - Not syncing DAG-level permissions for DAG 'DAG:beta_ipfs_ping_check' as access control is unset.
[2023-10-18T13:13:09.637+0000] {logging_mixin.py:151} INFO - [2023-10-18T13:13:09.637+0000] {dag.py:2915} INFO - Sync 1 DAGs
[2023-10-18T13:13:09.793+0000] {logging_mixin.py:151} INFO - [2023-10-18T13:13:09.793+0000] {dag.py:2937} INFO - Creating ORM DAG for beta_ipfs_ping_check
[2023-10-18T13:13:09.837+0000] {logging_mixin.py:151} INFO - [2023-10-18T13:13:09.837+0000] {dag.py:3696} INFO - Setting next_dagrun for beta_ipfs_ping_check to 2023-10-18T12:45:00+00:00, run_after=2023-10-18T13:00:00+00:00
[2023-10-18T13:13:10.270+0000] {processor.py:179} INFO - Processing /opt/airflow/dags/devops/beta_ipfs_ping.py took 1.885 seconds
[2023-10-18T13:13:41.076+0000] {processor.py:157} INFO - Started process (PID=62) to work on /opt/airflow/dags/devops/beta_ipfs_ping.py
[2023-10-18T13:13:41.077+0000] {processor.py:829} INFO - Processing file /opt/airflow/dags/devops/beta_ipfs_ping.py for tasks to queue
[2023-10-18T13:13:41.078+0000] {logging_mixin.py:151} INFO - [2023-10-18T13:13:41.078+0000] {dagbag.py:539} INFO - Filling up the DagBag from /opt/airflow/dags/devops/beta_ipfs_ping.py
[2023-10-18T13:13:41.104+0000] {processor.py:839} INFO - DAG(s) dict_keys(['beta_ipfs_ping_check']) retrieved from /opt/airflow/dags/devops/beta_ipfs_ping.py
[2023-10-18T13:13:41.551+0000] {logging_mixin.py:151} INFO - [2023-10-18T13:13:41.551+0000] {dag.py:2915} INFO - Sync 1 DAGs
[2023-10-18T13:13:41.620+0000] {logging_mixin.py:151} INFO - [2023-10-18T13:13:41.620+0000] {dag.py:3696} INFO - Setting next_dagrun for beta_ipfs_ping_check to 2023-10-18T12:45:00+00:00, run_after=2023-10-18T13:00:00+00:00
[2023-10-18T13:13:42.026+0000] {processor.py:179} INFO - Processing /opt/airflow/dags/devops/beta_ipfs_ping.py took 0.953 seconds
[2023-10-18T13:14:12.871+0000] {processor.py:157} INFO - Started process (PID=90) to work on /opt/airflow/dags/devops/beta_ipfs_ping.py
[2023-10-18T13:14:12.871+0000] {processor.py:829} INFO - Processing file /opt/airflow/dags/devops/beta_ipfs_ping.py for tasks to queue
[2023-10-18T13:14:12.873+0000] {logging_mixin.py:151} INFO - [2023-10-18T13:14:12.873+0000] {dagbag.py:539} INFO - Filling up the DagBag from /opt/airflow/dags/devops/beta_ipfs_ping.py
[2023-10-18T13:14:12.898+0000] {processor.py:839} INFO - DAG(s) dict_keys(['beta_ipfs_ping_check']) retrieved from /opt/airflow/dags/devops/beta_ipfs_ping.py
[2023-10-18T13:14:13.319+0000] {logging_mixin.py:151} INFO - [2023-10-18T13:14:13.319+0000] {dag.py:2915} INFO - Sync 1 DAGs
[2023-10-18T13:14:13.387+0000] {logging_mixin.py:151} INFO - [2023-10-18T13:14:13.387+0000] {dag.py:3696} INFO - Setting next_dagrun for beta_ipfs_ping_check to 2023-10-18T12:45:00+00:00, run_after=2023-10-18T13:00:00+00:00
[2023-10-18T13:14:13.788+0000] {processor.py:179} INFO - Processing /opt/airflow/dags/devops/beta_ipfs_ping.py took 0.919 seconds
[2023-10-18T13:14:44.330+0000] {processor.py:157} INFO - Started process (PID=118) to work on /opt/airflow/dags/devops/beta_ipfs_ping.py
[2023-10-18T13:14:44.331+0000] {processor.py:829} INFO - Processing file /opt/airflow/dags/devops/beta_ipfs_ping.py for tasks to queue
[2023-10-18T13:14:44.333+0000] {logging_mixin.py:151} INFO - [2023-10-18T13:14:44.333+0000] {dagbag.py:539} INFO - Filling up the DagBag from /opt/airflow/dags/devops/beta_ipfs_ping.py
[2023-10-18T13:14:44.362+0000] {processor.py:839} INFO - DAG(s) dict_keys(['beta_ipfs_ping_check']) retrieved from /opt/airflow/dags/devops/beta_ipfs_ping.py
[2023-10-18T13:14:44.818+0000] {logging_mixin.py:151} INFO - [2023-10-18T13:14:44.818+0000] {dag.py:2915} INFO - Sync 1 DAGs
[2023-10-18T13:14:44.894+0000] {logging_mixin.py:151} INFO - [2023-10-18T13:14:44.893+0000] {dag.py:3696} INFO - Setting next_dagrun for beta_ipfs_ping_check to 2023-10-18T12:45:00+00:00, run_after=2023-10-18T13:00:00+00:00
[2023-10-18T13:14:45.334+0000] {processor.py:179} INFO - Processing /opt/airflow/dags/devops/beta_ipfs_ping.py took 1.007 seconds
[2023-10-18T13:15:15.476+0000] {processor.py:157} INFO - Started process (PID=138) to work on /opt/airflow/dags/devops/beta_ipfs_ping.py
[2023-10-18T13:15:15.477+0000] {processor.py:829} INFO - Processing file /opt/airflow/dags/devops/beta_ipfs_ping.py for tasks to queue
[2023-10-18T13:15:15.479+0000] {logging_mixin.py:151} INFO - [2023-10-18T13:15:15.479+0000] {dagbag.py:539} INFO - Filling up the DagBag from /opt/airflow/dags/devops/beta_ipfs_ping.py
[2023-10-18T13:15:15.510+0000] {processor.py:839} INFO - DAG(s) dict_keys(['beta_ipfs_ping_check']) retrieved from /opt/airflow/dags/devops/beta_ipfs_ping.py
[2023-10-18T13:15:15.969+0000] {logging_mixin.py:151} INFO - [2023-10-18T13:15:15.969+0000] {dag.py:2915} INFO - Sync 1 DAGs
[2023-10-18T13:15:16.118+0000] {logging_mixin.py:151} INFO - [2023-10-18T13:15:16.117+0000] {dag.py:3696} INFO - Setting next_dagrun for beta_ipfs_ping_check to 2023-10-18T13:00:00+00:00, run_after=2023-10-18T13:15:00+00:00
[2023-10-18T13:15:16.493+0000] {processor.py:179} INFO - Processing /opt/airflow/dags/devops/beta_ipfs_ping.py took 1.020 seconds
[2023-10-18T13:15:46.922+0000] {processor.py:157} INFO - Started process (PID=166) to work on /opt/airflow/dags/devops/beta_ipfs_ping.py
[2023-10-18T13:15:46.924+0000] {processor.py:829} INFO - Processing file /opt/airflow/dags/devops/beta_ipfs_ping.py for tasks to queue
[2023-10-18T13:15:46.929+0000] {logging_mixin.py:151} INFO - [2023-10-18T13:15:46.929+0000] {dagbag.py:539} INFO - Filling up the DagBag from /opt/airflow/dags/devops/beta_ipfs_ping.py
[2023-10-18T13:15:46.956+0000] {processor.py:839} INFO - DAG(s) dict_keys(['beta_ipfs_ping_check']) retrieved from /opt/airflow/dags/devops/beta_ipfs_ping.py
[2023-10-18T13:15:47.421+0000] {logging_mixin.py:151} INFO - [2023-10-18T13:15:47.421+0000] {dag.py:2915} INFO - Sync 1 DAGs
[2023-10-18T13:15:47.587+0000] {logging_mixin.py:151} INFO - [2023-10-18T13:15:47.586+0000] {dag.py:3696} INFO - Setting next_dagrun for beta_ipfs_ping_check to 2023-10-18T13:00:00+00:00, run_after=2023-10-18T13:15:00+00:00
[2023-10-18T13:15:47.895+0000] {processor.py:179} INFO - Processing /opt/airflow/dags/devops/beta_ipfs_ping.py took 0.977 seconds
[2023-10-18T13:16:18.830+0000] {processor.py:157} INFO - Started process (PID=194) to work on /opt/airflow/dags/devops/beta_ipfs_ping.py
[2023-10-18T13:16:18.831+0000] {processor.py:829} INFO - Processing file /opt/airflow/dags/devops/beta_ipfs_ping.py for tasks to queue
[2023-10-18T13:16:18.832+0000] {logging_mixin.py:151} INFO - [2023-10-18T13:16:18.832+0000] {dagbag.py:539} INFO - Filling up the DagBag from /opt/airflow/dags/devops/beta_ipfs_ping.py
[2023-10-18T13:16:18.853+0000] {processor.py:839} INFO - DAG(s) dict_keys(['beta_ipfs_ping_check']) retrieved from /opt/airflow/dags/devops/beta_ipfs_ping.py
[2023-10-18T13:16:19.289+0000] {logging_mixin.py:151} INFO - [2023-10-18T13:16:19.289+0000] {dag.py:2915} INFO - Sync 1 DAGs
[2023-10-18T13:16:19.359+0000] {logging_mixin.py:151} INFO - [2023-10-18T13:16:19.359+0000] {dag.py:3696} INFO - Setting next_dagrun for beta_ipfs_ping_check to 2023-10-18T13:00:00+00:00, run_after=2023-10-18T13:15:00+00:00
[2023-10-18T13:16:19.774+0000] {processor.py:179} INFO - Processing /opt/airflow/dags/devops/beta_ipfs_ping.py took 0.946 seconds
[2023-10-18T13:16:50.392+0000] {processor.py:157} INFO - Started process (PID=221) to work on /opt/airflow/dags/devops/beta_ipfs_ping.py
[2023-10-18T13:16:50.393+0000] {processor.py:829} INFO - Processing file /opt/airflow/dags/devops/beta_ipfs_ping.py for tasks to queue
[2023-10-18T13:16:50.394+0000] {logging_mixin.py:151} INFO - [2023-10-18T13:16:50.394+0000] {dagbag.py:539} INFO - Filling up the DagBag from /opt/airflow/dags/devops/beta_ipfs_ping.py
[2023-10-18T13:16:50.414+0000] {processor.py:839} INFO - DAG(s) dict_keys(['beta_ipfs_ping_check']) retrieved from /opt/airflow/dags/devops/beta_ipfs_ping.py
[2023-10-18T13:16:50.796+0000] {logging_mixin.py:151} INFO - [2023-10-18T13:16:50.796+0000] {dag.py:2915} INFO - Sync 1 DAGs
[2023-10-18T13:16:50.854+0000] {logging_mixin.py:151} INFO - [2023-10-18T13:16:50.854+0000] {dag.py:3696} INFO - Setting next_dagrun for beta_ipfs_ping_check to 2023-10-18T13:00:00+00:00, run_after=2023-10-18T13:15:00+00:00
[2023-10-18T13:16:51.235+0000] {processor.py:179} INFO - Processing /opt/airflow/dags/devops/beta_ipfs_ping.py took 0.845 seconds
[2023-10-18T13:17:22.075+0000] {processor.py:157} INFO - Started process (PID=241) to work on /opt/airflow/dags/devops/beta_ipfs_ping.py
[2023-10-18T13:17:22.076+0000] {processor.py:829} INFO - Processing file /opt/airflow/dags/devops/beta_ipfs_ping.py for tasks to queue
[2023-10-18T13:17:22.078+0000] {logging_mixin.py:151} INFO - [2023-10-18T13:17:22.077+0000] {dagbag.py:539} INFO - Filling up the DagBag from /opt/airflow/dags/devops/beta_ipfs_ping.py
[2023-10-18T13:17:22.097+0000] {processor.py:839} INFO - DAG(s) dict_keys(['beta_ipfs_ping_check']) retrieved from /opt/airflow/dags/devops/beta_ipfs_ping.py
[2023-10-18T13:17:22.538+0000] {logging_mixin.py:151} INFO - [2023-10-18T13:17:22.537+0000] {dag.py:2915} INFO - Sync 1 DAGs
[2023-10-18T13:17:22.612+0000] {logging_mixin.py:151} INFO - [2023-10-18T13:17:22.611+0000] {dag.py:3696} INFO - Setting next_dagrun for beta_ipfs_ping_check to 2023-10-18T13:00:00+00:00, run_after=2023-10-18T13:15:00+00:00
[2023-10-18T13:17:23.017+0000] {processor.py:179} INFO - Processing /opt/airflow/dags/devops/beta_ipfs_ping.py took 0.944 seconds
[2023-10-18T13:17:53.714+0000] {processor.py:157} INFO - Started process (PID=269) to work on /opt/airflow/dags/devops/beta_ipfs_ping.py
[2023-10-18T13:17:53.715+0000] {processor.py:829} INFO - Processing file /opt/airflow/dags/devops/beta_ipfs_ping.py for tasks to queue
[2023-10-18T13:17:53.717+0000] {logging_mixin.py:151} INFO - [2023-10-18T13:17:53.717+0000] {dagbag.py:539} INFO - Filling up the DagBag from /opt/airflow/dags/devops/beta_ipfs_ping.py
[2023-10-18T13:17:53.736+0000] {processor.py:839} INFO - DAG(s) dict_keys(['beta_ipfs_ping_check']) retrieved from /opt/airflow/dags/devops/beta_ipfs_ping.py
[2023-10-18T13:17:54.317+0000] {logging_mixin.py:151} INFO - [2023-10-18T13:17:54.316+0000] {dag.py:2915} INFO - Sync 1 DAGs
[2023-10-18T13:17:54.489+0000] {logging_mixin.py:151} INFO - [2023-10-18T13:17:54.488+0000] {dag.py:3696} INFO - Setting next_dagrun for beta_ipfs_ping_check to 2023-10-18T13:00:00+00:00, run_after=2023-10-18T13:15:00+00:00
[2023-10-18T13:17:54.811+0000] {processor.py:179} INFO - Processing /opt/airflow/dags/devops/beta_ipfs_ping.py took 1.101 seconds
[2023-10-18T13:18:25.838+0000] {processor.py:157} INFO - Started process (PID=297) to work on /opt/airflow/dags/devops/beta_ipfs_ping.py
[2023-10-18T13:18:25.839+0000] {processor.py:829} INFO - Processing file /opt/airflow/dags/devops/beta_ipfs_ping.py for tasks to queue
[2023-10-18T13:18:25.840+0000] {logging_mixin.py:151} INFO - [2023-10-18T13:18:25.840+0000] {dagbag.py:539} INFO - Filling up the DagBag from /opt/airflow/dags/devops/beta_ipfs_ping.py
[2023-10-18T13:18:25.861+0000] {processor.py:839} INFO - DAG(s) dict_keys(['beta_ipfs_ping_check']) retrieved from /opt/airflow/dags/devops/beta_ipfs_ping.py
[2023-10-18T13:18:26.256+0000] {logging_mixin.py:151} INFO - [2023-10-18T13:18:26.256+0000] {dag.py:2915} INFO - Sync 1 DAGs
[2023-10-18T13:18:26.320+0000] {logging_mixin.py:151} INFO - [2023-10-18T13:18:26.320+0000] {dag.py:3696} INFO - Setting next_dagrun for beta_ipfs_ping_check to 2023-10-18T13:00:00+00:00, run_after=2023-10-18T13:15:00+00:00
[2023-10-18T13:18:26.715+0000] {processor.py:179} INFO - Processing /opt/airflow/dags/devops/beta_ipfs_ping.py took 0.879 seconds
[2023-10-18T13:18:57.084+0000] {processor.py:157} INFO - Started process (PID=325) to work on /opt/airflow/dags/devops/beta_ipfs_ping.py
[2023-10-18T13:18:57.086+0000] {processor.py:829} INFO - Processing file /opt/airflow/dags/devops/beta_ipfs_ping.py for tasks to queue
[2023-10-18T13:18:57.088+0000] {logging_mixin.py:151} INFO - [2023-10-18T13:18:57.088+0000] {dagbag.py:539} INFO - Filling up the DagBag from /opt/airflow/dags/devops/beta_ipfs_ping.py
[2023-10-18T13:18:57.111+0000] {processor.py:839} INFO - DAG(s) dict_keys(['beta_ipfs_ping_check']) retrieved from /opt/airflow/dags/devops/beta_ipfs_ping.py
[2023-10-18T13:18:57.536+0000] {logging_mixin.py:151} INFO - [2023-10-18T13:18:57.536+0000] {dag.py:2915} INFO - Sync 1 DAGs
[2023-10-18T13:18:57.591+0000] {logging_mixin.py:151} INFO - [2023-10-18T13:18:57.591+0000] {dag.py:3696} INFO - Setting next_dagrun for beta_ipfs_ping_check to 2023-10-18T13:00:00+00:00, run_after=2023-10-18T13:15:00+00:00
[2023-10-18T13:18:57.992+0000] {processor.py:179} INFO - Processing /opt/airflow/dags/devops/beta_ipfs_ping.py took 0.912 seconds
[2023-10-18T13:19:28.752+0000] {processor.py:157} INFO - Started process (PID=345) to work on /opt/airflow/dags/devops/beta_ipfs_ping.py
[2023-10-18T13:19:28.753+0000] {processor.py:829} INFO - Processing file /opt/airflow/dags/devops/beta_ipfs_ping.py for tasks to queue
[2023-10-18T13:19:28.755+0000] {logging_mixin.py:151} INFO - [2023-10-18T13:19:28.754+0000] {dagbag.py:539} INFO - Filling up the DagBag from /opt/airflow/dags/devops/beta_ipfs_ping.py
[2023-10-18T13:19:28.776+0000] {processor.py:839} INFO - DAG(s) dict_keys(['beta_ipfs_ping_check']) retrieved from /opt/airflow/dags/devops/beta_ipfs_ping.py
[2023-10-18T13:19:29.204+0000] {logging_mixin.py:151} INFO - [2023-10-18T13:19:29.204+0000] {dag.py:2915} INFO - Sync 1 DAGs
[2023-10-18T13:19:29.265+0000] {logging_mixin.py:151} INFO - [2023-10-18T13:19:29.265+0000] {dag.py:3696} INFO - Setting next_dagrun for beta_ipfs_ping_check to 2023-10-18T13:00:00+00:00, run_after=2023-10-18T13:15:00+00:00
[2023-10-18T13:19:29.787+0000] {processor.py:179} INFO - Processing /opt/airflow/dags/devops/beta_ipfs_ping.py took 1.038 seconds
[2023-10-18T13:20:00.668+0000] {processor.py:157} INFO - Started process (PID=373) to work on /opt/airflow/dags/devops/beta_ipfs_ping.py
[2023-10-18T13:20:00.669+0000] {processor.py:829} INFO - Processing file /opt/airflow/dags/devops/beta_ipfs_ping.py for tasks to queue
[2023-10-18T13:20:00.670+0000] {logging_mixin.py:151} INFO - [2023-10-18T13:20:00.670+0000] {dagbag.py:539} INFO - Filling up the DagBag from /opt/airflow/dags/devops/beta_ipfs_ping.py
[2023-10-18T13:20:00.692+0000] {processor.py:839} INFO - DAG(s) dict_keys(['beta_ipfs_ping_check']) retrieved from /opt/airflow/dags/devops/beta_ipfs_ping.py
[2023-10-18T13:20:01.200+0000] {logging_mixin.py:151} INFO - [2023-10-18T13:20:01.200+0000] {dag.py:2915} INFO - Sync 1 DAGs
[2023-10-18T13:20:01.433+0000] {logging_mixin.py:151} INFO - [2023-10-18T13:20:01.432+0000] {dag.py:3696} INFO - Setting next_dagrun for beta_ipfs_ping_check to 2023-10-18T13:00:00+00:00, run_after=2023-10-18T13:15:00+00:00
[2023-10-18T13:20:01.899+0000] {processor.py:179} INFO - Processing /opt/airflow/dags/devops/beta_ipfs_ping.py took 1.236 seconds
[2023-10-18T13:20:32.321+0000] {processor.py:157} INFO - Started process (PID=401) to work on /opt/airflow/dags/devops/beta_ipfs_ping.py
[2023-10-18T13:20:32.323+0000] {processor.py:829} INFO - Processing file /opt/airflow/dags/devops/beta_ipfs_ping.py for tasks to queue
[2023-10-18T13:20:32.327+0000] {logging_mixin.py:151} INFO - [2023-10-18T13:20:32.326+0000] {dagbag.py:539} INFO - Filling up the DagBag from /opt/airflow/dags/devops/beta_ipfs_ping.py
[2023-10-18T13:20:32.363+0000] {processor.py:839} INFO - DAG(s) dict_keys(['beta_ipfs_ping_check']) retrieved from /opt/airflow/dags/devops/beta_ipfs_ping.py
[2023-10-18T13:20:32.831+0000] {logging_mixin.py:151} INFO - [2023-10-18T13:20:32.830+0000] {dag.py:2915} INFO - Sync 1 DAGs
[2023-10-18T13:20:32.947+0000] {logging_mixin.py:151} INFO - [2023-10-18T13:20:32.946+0000] {dag.py:3696} INFO - Setting next_dagrun for beta_ipfs_ping_check to 2023-10-18T13:00:00+00:00, run_after=2023-10-18T13:15:00+00:00
[2023-10-18T13:20:33.451+0000] {processor.py:179} INFO - Processing /opt/airflow/dags/devops/beta_ipfs_ping.py took 1.136 seconds
[2023-10-18T13:21:04.061+0000] {processor.py:157} INFO - Started process (PID=429) to work on /opt/airflow/dags/devops/beta_ipfs_ping.py
[2023-10-18T13:21:04.062+0000] {processor.py:829} INFO - Processing file /opt/airflow/dags/devops/beta_ipfs_ping.py for tasks to queue
[2023-10-18T13:21:04.063+0000] {logging_mixin.py:151} INFO - [2023-10-18T13:21:04.063+0000] {dagbag.py:539} INFO - Filling up the DagBag from /opt/airflow/dags/devops/beta_ipfs_ping.py
[2023-10-18T13:21:04.084+0000] {processor.py:839} INFO - DAG(s) dict_keys(['beta_ipfs_ping_check']) retrieved from /opt/airflow/dags/devops/beta_ipfs_ping.py
[2023-10-18T13:21:04.539+0000] {logging_mixin.py:151} INFO - [2023-10-18T13:21:04.539+0000] {dag.py:2915} INFO - Sync 1 DAGs
[2023-10-18T13:21:04.602+0000] {logging_mixin.py:151} INFO - [2023-10-18T13:21:04.602+0000] {dag.py:3696} INFO - Setting next_dagrun for beta_ipfs_ping_check to 2023-10-18T13:00:00+00:00, run_after=2023-10-18T13:15:00+00:00
[2023-10-18T13:21:05.207+0000] {processor.py:179} INFO - Processing /opt/airflow/dags/devops/beta_ipfs_ping.py took 1.147 seconds
[2023-10-18T13:21:35.546+0000] {processor.py:157} INFO - Started process (PID=448) to work on /opt/airflow/dags/devops/beta_ipfs_ping.py
[2023-10-18T13:21:35.548+0000] {processor.py:829} INFO - Processing file /opt/airflow/dags/devops/beta_ipfs_ping.py for tasks to queue
[2023-10-18T13:21:35.553+0000] {logging_mixin.py:151} INFO - [2023-10-18T13:21:35.553+0000] {dagbag.py:539} INFO - Filling up the DagBag from /opt/airflow/dags/devops/beta_ipfs_ping.py
[2023-10-18T13:21:35.576+0000] {processor.py:839} INFO - DAG(s) dict_keys(['beta_ipfs_ping_check']) retrieved from /opt/airflow/dags/devops/beta_ipfs_ping.py
[2023-10-18T13:21:36.083+0000] {logging_mixin.py:151} INFO - [2023-10-18T13:21:36.083+0000] {dag.py:2915} INFO - Sync 1 DAGs
[2023-10-18T13:21:36.251+0000] {logging_mixin.py:151} INFO - [2023-10-18T13:21:36.250+0000] {dag.py:3696} INFO - Setting next_dagrun for beta_ipfs_ping_check to 2023-10-18T13:00:00+00:00, run_after=2023-10-18T13:15:00+00:00
[2023-10-18T13:21:36.577+0000] {processor.py:179} INFO - Processing /opt/airflow/dags/devops/beta_ipfs_ping.py took 1.036 seconds
[2023-10-18T13:22:07.048+0000] {processor.py:157} INFO - Started process (PID=476) to work on /opt/airflow/dags/devops/beta_ipfs_ping.py
[2023-10-18T13:22:07.050+0000] {processor.py:829} INFO - Processing file /opt/airflow/dags/devops/beta_ipfs_ping.py for tasks to queue
[2023-10-18T13:22:07.054+0000] {logging_mixin.py:151} INFO - [2023-10-18T13:22:07.053+0000] {dagbag.py:539} INFO - Filling up the DagBag from /opt/airflow/dags/devops/beta_ipfs_ping.py
[2023-10-18T13:22:07.086+0000] {processor.py:839} INFO - DAG(s) dict_keys(['beta_ipfs_ping_check']) retrieved from /opt/airflow/dags/devops/beta_ipfs_ping.py
[2023-10-18T13:22:07.864+0000] {logging_mixin.py:151} INFO - [2023-10-18T13:22:07.863+0000] {dag.py:2915} INFO - Sync 1 DAGs
[2023-10-18T13:22:08.047+0000] {logging_mixin.py:151} INFO - [2023-10-18T13:22:08.046+0000] {dag.py:3696} INFO - Setting next_dagrun for beta_ipfs_ping_check to 2023-10-18T13:00:00+00:00, run_after=2023-10-18T13:15:00+00:00
[2023-10-18T13:22:08.517+0000] {processor.py:179} INFO - Processing /opt/airflow/dags/devops/beta_ipfs_ping.py took 1.475 seconds
[2023-10-18T13:22:38.881+0000] {processor.py:157} INFO - Started process (PID=504) to work on /opt/airflow/dags/devops/beta_ipfs_ping.py
[2023-10-18T13:22:38.883+0000] {processor.py:829} INFO - Processing file /opt/airflow/dags/devops/beta_ipfs_ping.py for tasks to queue
[2023-10-18T13:22:38.886+0000] {logging_mixin.py:151} INFO - [2023-10-18T13:22:38.886+0000] {dagbag.py:539} INFO - Filling up the DagBag from /opt/airflow/dags/devops/beta_ipfs_ping.py
[2023-10-18T13:22:38.916+0000] {processor.py:839} INFO - DAG(s) dict_keys(['beta_ipfs_ping_check']) retrieved from /opt/airflow/dags/devops/beta_ipfs_ping.py
[2023-10-18T13:22:39.341+0000] {logging_mixin.py:151} INFO - [2023-10-18T13:22:39.340+0000] {dag.py:2915} INFO - Sync 1 DAGs
[2023-10-18T13:22:40.018+0000] {processor.py:179} INFO - Processing /opt/airflow/dags/devops/beta_ipfs_ping.py took 1.143 seconds
[2023-10-18T13:23:10.750+0000] {processor.py:157} INFO - Started process (PID=532) to work on /opt/airflow/dags/devops/beta_ipfs_ping.py
[2023-10-18T13:23:10.751+0000] {processor.py:829} INFO - Processing file /opt/airflow/dags/devops/beta_ipfs_ping.py for tasks to queue
[2023-10-18T13:23:10.753+0000] {logging_mixin.py:151} INFO - [2023-10-18T13:23:10.752+0000] {dagbag.py:539} INFO - Filling up the DagBag from /opt/airflow/dags/devops/beta_ipfs_ping.py
[2023-10-18T13:23:10.774+0000] {processor.py:839} INFO - DAG(s) dict_keys(['beta_ipfs_ping_check']) retrieved from /opt/airflow/dags/devops/beta_ipfs_ping.py
[2023-10-18T13:23:11.513+0000] {logging_mixin.py:151} INFO - [2023-10-18T13:23:11.512+0000] {dag.py:2915} INFO - Sync 1 DAGs
[2023-10-18T13:23:11.948+0000] {processor.py:179} INFO - Processing /opt/airflow/dags/devops/beta_ipfs_ping.py took 1.200 seconds
[2023-10-18T13:23:42.118+0000] {processor.py:157} INFO - Started process (PID=552) to work on /opt/airflow/dags/devops/beta_ipfs_ping.py
[2023-10-18T13:23:42.119+0000] {processor.py:829} INFO - Processing file /opt/airflow/dags/devops/beta_ipfs_ping.py for tasks to queue
[2023-10-18T13:23:42.121+0000] {logging_mixin.py:151} INFO - [2023-10-18T13:23:42.121+0000] {dagbag.py:539} INFO - Filling up the DagBag from /opt/airflow/dags/devops/beta_ipfs_ping.py
[2023-10-18T13:23:42.143+0000] {processor.py:839} INFO - DAG(s) dict_keys(['beta_ipfs_ping_check']) retrieved from /opt/airflow/dags/devops/beta_ipfs_ping.py
[2023-10-18T13:23:42.527+0000] {logging_mixin.py:151} INFO - [2023-10-18T13:23:42.526+0000] {dag.py:2915} INFO - Sync 1 DAGs
[2023-10-18T13:23:43.187+0000] {processor.py:179} INFO - Processing /opt/airflow/dags/devops/beta_ipfs_ping.py took 1.071 seconds
[2023-10-18T13:24:13.337+0000] {processor.py:157} INFO - Started process (PID=579) to work on /opt/airflow/dags/devops/beta_ipfs_ping.py
[2023-10-18T13:24:13.339+0000] {processor.py:829} INFO - Processing file /opt/airflow/dags/devops/beta_ipfs_ping.py for tasks to queue
[2023-10-18T13:24:13.343+0000] {logging_mixin.py:151} INFO - [2023-10-18T13:24:13.343+0000] {dagbag.py:539} INFO - Filling up the DagBag from /opt/airflow/dags/devops/beta_ipfs_ping.py
[2023-10-18T13:24:13.381+0000] {processor.py:839} INFO - DAG(s) dict_keys(['beta_ipfs_ping_check']) retrieved from /opt/airflow/dags/devops/beta_ipfs_ping.py
[2023-10-18T13:24:13.883+0000] {logging_mixin.py:151} INFO - [2023-10-18T13:24:13.882+0000] {dag.py:2915} INFO - Sync 1 DAGs
[2023-10-18T13:24:14.341+0000] {processor.py:179} INFO - Processing /opt/airflow/dags/devops/beta_ipfs_ping.py took 1.009 seconds
[2023-10-18T18:04:13.422+0000] {processor.py:157} INFO - Started process (PID=43) to work on /opt/airflow/dags/devops/beta_ipfs_ping.py
[2023-10-18T18:04:13.423+0000] {processor.py:829} INFO - Processing file /opt/airflow/dags/devops/beta_ipfs_ping.py for tasks to queue
[2023-10-18T18:04:13.424+0000] {logging_mixin.py:151} INFO - [2023-10-18T18:04:13.424+0000] {dagbag.py:539} INFO - Filling up the DagBag from /opt/airflow/dags/devops/beta_ipfs_ping.py
[2023-10-18T18:04:13.454+0000] {processor.py:839} INFO - DAG(s) dict_keys(['beta_ipfs_ping_check']) retrieved from /opt/airflow/dags/devops/beta_ipfs_ping.py
[2023-10-18T18:04:14.771+0000] {logging_mixin.py:151} INFO - [2023-10-18T18:04:14.771+0000] {security.py:708} INFO - Not syncing DAG-level permissions for DAG 'DAG:beta_ipfs_ping_check' as access control is unset.
[2023-10-18T18:04:14.772+0000] {logging_mixin.py:151} INFO - [2023-10-18T18:04:14.772+0000] {dag.py:2915} INFO - Sync 1 DAGs
[2023-10-18T18:04:15.877+0000] {processor.py:179} INFO - Processing /opt/airflow/dags/devops/beta_ipfs_ping.py took 2.458 seconds
[2023-10-18T18:04:46.013+0000] {processor.py:157} INFO - Started process (PID=63) to work on /opt/airflow/dags/devops/beta_ipfs_ping.py
[2023-10-18T18:04:46.013+0000] {processor.py:829} INFO - Processing file /opt/airflow/dags/devops/beta_ipfs_ping.py for tasks to queue
[2023-10-18T18:04:46.015+0000] {logging_mixin.py:151} INFO - [2023-10-18T18:04:46.015+0000] {dagbag.py:539} INFO - Filling up the DagBag from /opt/airflow/dags/devops/beta_ipfs_ping.py
[2023-10-18T18:04:46.045+0000] {processor.py:839} INFO - DAG(s) dict_keys(['beta_ipfs_ping_check']) retrieved from /opt/airflow/dags/devops/beta_ipfs_ping.py
[2023-10-18T18:04:46.821+0000] {logging_mixin.py:151} INFO - [2023-10-18T18:04:46.821+0000] {dag.py:2915} INFO - Sync 1 DAGs
[2023-10-18T18:04:47.732+0000] {processor.py:179} INFO - Processing /opt/airflow/dags/devops/beta_ipfs_ping.py took 1.722 seconds
[2023-10-18T18:05:17.888+0000] {processor.py:157} INFO - Started process (PID=91) to work on /opt/airflow/dags/devops/beta_ipfs_ping.py
[2023-10-18T18:05:17.889+0000] {processor.py:829} INFO - Processing file /opt/airflow/dags/devops/beta_ipfs_ping.py for tasks to queue
[2023-10-18T18:05:17.891+0000] {logging_mixin.py:151} INFO - [2023-10-18T18:05:17.891+0000] {dagbag.py:539} INFO - Filling up the DagBag from /opt/airflow/dags/devops/beta_ipfs_ping.py
[2023-10-18T18:05:17.923+0000] {processor.py:839} INFO - DAG(s) dict_keys(['beta_ipfs_ping_check']) retrieved from /opt/airflow/dags/devops/beta_ipfs_ping.py
[2023-10-18T18:05:18.606+0000] {logging_mixin.py:151} INFO - [2023-10-18T18:05:18.606+0000] {dag.py:2915} INFO - Sync 1 DAGs
[2023-10-18T18:05:19.458+0000] {processor.py:179} INFO - Processing /opt/airflow/dags/devops/beta_ipfs_ping.py took 1.573 seconds
[2023-10-18T18:05:50.118+0000] {processor.py:157} INFO - Started process (PID=118) to work on /opt/airflow/dags/devops/beta_ipfs_ping.py
[2023-10-18T18:05:50.119+0000] {processor.py:829} INFO - Processing file /opt/airflow/dags/devops/beta_ipfs_ping.py for tasks to queue
[2023-10-18T18:05:50.123+0000] {logging_mixin.py:151} INFO - [2023-10-18T18:05:50.122+0000] {dagbag.py:539} INFO - Filling up the DagBag from /opt/airflow/dags/devops/beta_ipfs_ping.py
[2023-10-18T18:05:50.143+0000] {processor.py:839} INFO - DAG(s) dict_keys(['beta_ipfs_ping_check']) retrieved from /opt/airflow/dags/devops/beta_ipfs_ping.py
[2023-10-18T18:05:51.855+0000] {logging_mixin.py:151} INFO - [2023-10-18T18:05:51.855+0000] {dag.py:2915} INFO - Sync 1 DAGs
[2023-10-18T18:05:53.144+0000] {processor.py:179} INFO - Processing /opt/airflow/dags/devops/beta_ipfs_ping.py took 3.028 seconds
[2023-10-18T18:06:23.917+0000] {processor.py:157} INFO - Started process (PID=138) to work on /opt/airflow/dags/devops/beta_ipfs_ping.py
[2023-10-18T18:06:23.918+0000] {processor.py:829} INFO - Processing file /opt/airflow/dags/devops/beta_ipfs_ping.py for tasks to queue
[2023-10-18T18:06:23.920+0000] {logging_mixin.py:151} INFO - [2023-10-18T18:06:23.920+0000] {dagbag.py:539} INFO - Filling up the DagBag from /opt/airflow/dags/devops/beta_ipfs_ping.py
[2023-10-18T18:06:23.949+0000] {processor.py:839} INFO - DAG(s) dict_keys(['beta_ipfs_ping_check']) retrieved from /opt/airflow/dags/devops/beta_ipfs_ping.py
[2023-10-18T18:06:25.095+0000] {logging_mixin.py:151} INFO - [2023-10-18T18:06:25.094+0000] {dag.py:2915} INFO - Sync 1 DAGs
[2023-10-18T18:06:25.969+0000] {processor.py:179} INFO - Processing /opt/airflow/dags/devops/beta_ipfs_ping.py took 2.051 seconds
[2023-10-18T18:06:56.672+0000] {processor.py:157} INFO - Started process (PID=166) to work on /opt/airflow/dags/devops/beta_ipfs_ping.py
[2023-10-18T18:06:56.674+0000] {processor.py:829} INFO - Processing file /opt/airflow/dags/devops/beta_ipfs_ping.py for tasks to queue
[2023-10-18T18:06:56.678+0000] {logging_mixin.py:151} INFO - [2023-10-18T18:06:56.677+0000] {dagbag.py:539} INFO - Filling up the DagBag from /opt/airflow/dags/devops/beta_ipfs_ping.py
[2023-10-18T18:06:56.710+0000] {processor.py:839} INFO - DAG(s) dict_keys(['beta_ipfs_ping_check']) retrieved from /opt/airflow/dags/devops/beta_ipfs_ping.py
[2023-10-18T18:06:57.717+0000] {logging_mixin.py:151} INFO - [2023-10-18T18:06:57.716+0000] {dag.py:2915} INFO - Sync 1 DAGs
[2023-10-18T18:06:59.256+0000] {processor.py:179} INFO - Processing /opt/airflow/dags/devops/beta_ipfs_ping.py took 2.590 seconds
[2023-10-18T18:07:29.490+0000] {processor.py:157} INFO - Started process (PID=194) to work on /opt/airflow/dags/devops/beta_ipfs_ping.py
[2023-10-18T18:07:29.490+0000] {processor.py:829} INFO - Processing file /opt/airflow/dags/devops/beta_ipfs_ping.py for tasks to queue
[2023-10-18T18:07:29.492+0000] {logging_mixin.py:151} INFO - [2023-10-18T18:07:29.492+0000] {dagbag.py:539} INFO - Filling up the DagBag from /opt/airflow/dags/devops/beta_ipfs_ping.py
[2023-10-18T18:07:29.517+0000] {processor.py:839} INFO - DAG(s) dict_keys(['beta_ipfs_ping_check']) retrieved from /opt/airflow/dags/devops/beta_ipfs_ping.py
[2023-10-18T18:07:30.899+0000] {logging_mixin.py:151} INFO - [2023-10-18T18:07:30.898+0000] {dag.py:2915} INFO - Sync 1 DAGs
[2023-10-18T18:07:33.232+0000] {processor.py:179} INFO - Processing /opt/airflow/dags/devops/beta_ipfs_ping.py took 3.745 seconds
[2023-10-18T18:08:04.310+0000] {processor.py:157} INFO - Started process (PID=221) to work on /opt/airflow/dags/devops/beta_ipfs_ping.py
[2023-10-18T18:08:04.311+0000] {processor.py:829} INFO - Processing file /opt/airflow/dags/devops/beta_ipfs_ping.py for tasks to queue
[2023-10-18T18:08:04.313+0000] {logging_mixin.py:151} INFO - [2023-10-18T18:08:04.313+0000] {dagbag.py:539} INFO - Filling up the DagBag from /opt/airflow/dags/devops/beta_ipfs_ping.py
[2023-10-18T18:08:04.341+0000] {processor.py:839} INFO - DAG(s) dict_keys(['beta_ipfs_ping_check']) retrieved from /opt/airflow/dags/devops/beta_ipfs_ping.py
[2023-10-18T18:08:05.814+0000] {logging_mixin.py:151} INFO - [2023-10-18T18:08:05.814+0000] {dag.py:2915} INFO - Sync 1 DAGs
[2023-10-18T18:08:06.555+0000] {processor.py:179} INFO - Processing /opt/airflow/dags/devops/beta_ipfs_ping.py took 2.247 seconds
[2023-10-18T18:08:38.065+0000] {processor.py:157} INFO - Started process (PID=241) to work on /opt/airflow/dags/devops/beta_ipfs_ping.py
[2023-10-18T18:08:38.066+0000] {processor.py:829} INFO - Processing file /opt/airflow/dags/devops/beta_ipfs_ping.py for tasks to queue
[2023-10-18T18:08:38.068+0000] {logging_mixin.py:151} INFO - [2023-10-18T18:08:38.067+0000] {dagbag.py:539} INFO - Filling up the DagBag from /opt/airflow/dags/devops/beta_ipfs_ping.py
[2023-10-18T18:08:38.093+0000] {processor.py:839} INFO - DAG(s) dict_keys(['beta_ipfs_ping_check']) retrieved from /opt/airflow/dags/devops/beta_ipfs_ping.py
[2023-10-18T18:08:39.330+0000] {logging_mixin.py:151} INFO - [2023-10-18T18:08:39.329+0000] {dag.py:2915} INFO - Sync 1 DAGs
[2023-10-18T18:08:40.121+0000] {processor.py:179} INFO - Processing /opt/airflow/dags/devops/beta_ipfs_ping.py took 2.059 seconds
[2023-10-18T18:09:10.520+0000] {processor.py:157} INFO - Started process (PID=269) to work on /opt/airflow/dags/devops/beta_ipfs_ping.py
[2023-10-18T18:09:10.522+0000] {processor.py:829} INFO - Processing file /opt/airflow/dags/devops/beta_ipfs_ping.py for tasks to queue
[2023-10-18T18:09:10.527+0000] {logging_mixin.py:151} INFO - [2023-10-18T18:09:10.526+0000] {dagbag.py:539} INFO - Filling up the DagBag from /opt/airflow/dags/devops/beta_ipfs_ping.py
[2023-10-18T18:09:10.559+0000] {processor.py:839} INFO - DAG(s) dict_keys(['beta_ipfs_ping_check']) retrieved from /opt/airflow/dags/devops/beta_ipfs_ping.py
[2023-10-18T18:09:11.305+0000] {logging_mixin.py:151} INFO - [2023-10-18T18:09:11.304+0000] {dag.py:2915} INFO - Sync 1 DAGs
[2023-10-18T18:09:12.204+0000] {processor.py:179} INFO - Processing /opt/airflow/dags/devops/beta_ipfs_ping.py took 1.690 seconds
[2023-10-18T18:09:43.244+0000] {processor.py:157} INFO - Started process (PID=297) to work on /opt/airflow/dags/devops/beta_ipfs_ping.py
[2023-10-18T18:09:43.246+0000] {processor.py:829} INFO - Processing file /opt/airflow/dags/devops/beta_ipfs_ping.py for tasks to queue
[2023-10-18T18:09:43.249+0000] {logging_mixin.py:151} INFO - [2023-10-18T18:09:43.248+0000] {dagbag.py:539} INFO - Filling up the DagBag from /opt/airflow/dags/devops/beta_ipfs_ping.py
[2023-10-18T18:09:43.277+0000] {processor.py:839} INFO - DAG(s) dict_keys(['beta_ipfs_ping_check']) retrieved from /opt/airflow/dags/devops/beta_ipfs_ping.py
[2023-10-18T18:09:44.159+0000] {logging_mixin.py:151} INFO - [2023-10-18T18:09:44.159+0000] {dag.py:2915} INFO - Sync 1 DAGs
[2023-10-18T18:09:45.518+0000] {processor.py:179} INFO - Processing /opt/airflow/dags/devops/beta_ipfs_ping.py took 2.277 seconds
[2023-10-18T18:10:16.162+0000] {processor.py:157} INFO - Started process (PID=317) to work on /opt/airflow/dags/devops/beta_ipfs_ping.py
[2023-10-18T18:10:16.163+0000] {processor.py:829} INFO - Processing file /opt/airflow/dags/devops/beta_ipfs_ping.py for tasks to queue
[2023-10-18T18:10:16.164+0000] {logging_mixin.py:151} INFO - [2023-10-18T18:10:16.164+0000] {dagbag.py:539} INFO - Filling up the DagBag from /opt/airflow/dags/devops/beta_ipfs_ping.py
[2023-10-18T18:10:16.189+0000] {processor.py:839} INFO - DAG(s) dict_keys(['beta_ipfs_ping_check']) retrieved from /opt/airflow/dags/devops/beta_ipfs_ping.py
[2023-10-18T18:10:17.510+0000] {logging_mixin.py:151} INFO - [2023-10-18T18:10:17.510+0000] {dag.py:2915} INFO - Sync 1 DAGs
[2023-10-18T18:10:19.286+0000] {processor.py:179} INFO - Processing /opt/airflow/dags/devops/beta_ipfs_ping.py took 3.126 seconds
[2023-10-18T18:10:50.093+0000] {processor.py:157} INFO - Started process (PID=345) to work on /opt/airflow/dags/devops/beta_ipfs_ping.py
[2023-10-18T18:10:50.094+0000] {processor.py:829} INFO - Processing file /opt/airflow/dags/devops/beta_ipfs_ping.py for tasks to queue
[2023-10-18T18:10:50.095+0000] {logging_mixin.py:151} INFO - [2023-10-18T18:10:50.095+0000] {dagbag.py:539} INFO - Filling up the DagBag from /opt/airflow/dags/devops/beta_ipfs_ping.py
[2023-10-18T18:10:50.122+0000] {processor.py:839} INFO - DAG(s) dict_keys(['beta_ipfs_ping_check']) retrieved from /opt/airflow/dags/devops/beta_ipfs_ping.py
[2023-10-18T18:10:51.717+0000] {logging_mixin.py:151} INFO - [2023-10-18T18:10:51.716+0000] {dag.py:2915} INFO - Sync 1 DAGs
[2023-10-18T18:10:52.758+0000] {processor.py:179} INFO - Processing /opt/airflow/dags/devops/beta_ipfs_ping.py took 2.667 seconds
[2023-10-18T18:11:22.810+0000] {processor.py:157} INFO - Started process (PID=373) to work on /opt/airflow/dags/devops/beta_ipfs_ping.py
[2023-10-18T18:11:22.812+0000] {processor.py:829} INFO - Processing file /opt/airflow/dags/devops/beta_ipfs_ping.py for tasks to queue
[2023-10-18T18:11:22.816+0000] {logging_mixin.py:151} INFO - [2023-10-18T18:11:22.815+0000] {dagbag.py:539} INFO - Filling up the DagBag from /opt/airflow/dags/devops/beta_ipfs_ping.py
[2023-10-18T18:11:22.847+0000] {processor.py:839} INFO - DAG(s) dict_keys(['beta_ipfs_ping_check']) retrieved from /opt/airflow/dags/devops/beta_ipfs_ping.py
[2023-10-18T18:11:23.578+0000] {logging_mixin.py:151} INFO - [2023-10-18T18:11:23.577+0000] {dag.py:2915} INFO - Sync 1 DAGs
[2023-10-18T18:11:24.458+0000] {processor.py:179} INFO - Processing /opt/airflow/dags/devops/beta_ipfs_ping.py took 1.655 seconds
[2023-10-18T18:11:54.880+0000] {processor.py:157} INFO - Started process (PID=402) to work on /opt/airflow/dags/devops/beta_ipfs_ping.py
[2023-10-18T18:11:54.881+0000] {processor.py:829} INFO - Processing file /opt/airflow/dags/devops/beta_ipfs_ping.py for tasks to queue
[2023-10-18T18:11:54.883+0000] {logging_mixin.py:151} INFO - [2023-10-18T18:11:54.882+0000] {dagbag.py:539} INFO - Filling up the DagBag from /opt/airflow/dags/devops/beta_ipfs_ping.py
[2023-10-18T18:11:54.905+0000] {processor.py:839} INFO - DAG(s) dict_keys(['beta_ipfs_ping_check']) retrieved from /opt/airflow/dags/devops/beta_ipfs_ping.py
[2023-10-18T18:11:56.103+0000] {logging_mixin.py:151} INFO - [2023-10-18T18:11:56.099+0000] {dag.py:2915} INFO - Sync 1 DAGs
[2023-10-18T18:11:57.129+0000] {processor.py:179} INFO - Processing /opt/airflow/dags/devops/beta_ipfs_ping.py took 2.251 seconds
[2023-10-18T18:21:13.966+0000] {processor.py:157} INFO - Started process (PID=35) to work on /opt/airflow/dags/devops/beta_ipfs_ping.py
[2023-10-18T18:21:13.967+0000] {processor.py:829} INFO - Processing file /opt/airflow/dags/devops/beta_ipfs_ping.py for tasks to queue
[2023-10-18T18:21:13.969+0000] {logging_mixin.py:151} INFO - [2023-10-18T18:21:13.969+0000] {dagbag.py:539} INFO - Filling up the DagBag from /opt/airflow/dags/devops/beta_ipfs_ping.py
[2023-10-18T18:21:14.130+0000] {processor.py:839} INFO - DAG(s) dict_keys(['beta_ipfs_ping_check']) retrieved from /opt/airflow/dags/devops/beta_ipfs_ping.py
[2023-10-18T18:21:15.159+0000] {logging_mixin.py:151} INFO - [2023-10-18T18:21:15.159+0000] {security.py:708} INFO - Not syncing DAG-level permissions for DAG 'DAG:beta_ipfs_ping_check' as access control is unset.
[2023-10-18T18:21:15.159+0000] {logging_mixin.py:151} INFO - [2023-10-18T18:21:15.159+0000] {dag.py:2915} INFO - Sync 1 DAGs
[2023-10-18T18:21:15.863+0000] {processor.py:179} INFO - Processing /opt/airflow/dags/devops/beta_ipfs_ping.py took 1.901 seconds
[2023-10-18T18:21:46.659+0000] {processor.py:157} INFO - Started process (PID=63) to work on /opt/airflow/dags/devops/beta_ipfs_ping.py
[2023-10-18T18:21:46.661+0000] {processor.py:829} INFO - Processing file /opt/airflow/dags/devops/beta_ipfs_ping.py for tasks to queue
[2023-10-18T18:21:46.664+0000] {logging_mixin.py:151} INFO - [2023-10-18T18:21:46.664+0000] {dagbag.py:539} INFO - Filling up the DagBag from /opt/airflow/dags/devops/beta_ipfs_ping.py
[2023-10-18T18:21:46.772+0000] {processor.py:839} INFO - DAG(s) dict_keys(['beta_ipfs_ping_check']) retrieved from /opt/airflow/dags/devops/beta_ipfs_ping.py
[2023-10-18T18:21:47.443+0000] {logging_mixin.py:151} INFO - [2023-10-18T18:21:47.442+0000] {dag.py:2915} INFO - Sync 1 DAGs
[2023-10-18T18:21:47.613+0000] {logging_mixin.py:151} INFO - [2023-10-18T18:21:47.613+0000] {dag.py:3696} INFO - Setting next_dagrun for beta_ipfs_ping_check to 2023-10-18T18:15:00+00:00, run_after=2023-10-18T18:30:00+00:00
[2023-10-18T18:21:48.220+0000] {processor.py:179} INFO - Processing /opt/airflow/dags/devops/beta_ipfs_ping.py took 1.566 seconds
[2023-10-18T18:22:18.870+0000] {processor.py:157} INFO - Started process (PID=91) to work on /opt/airflow/dags/devops/beta_ipfs_ping.py
[2023-10-18T18:22:18.871+0000] {processor.py:829} INFO - Processing file /opt/airflow/dags/devops/beta_ipfs_ping.py for tasks to queue
[2023-10-18T18:22:18.872+0000] {logging_mixin.py:151} INFO - [2023-10-18T18:22:18.872+0000] {dagbag.py:539} INFO - Filling up the DagBag from /opt/airflow/dags/devops/beta_ipfs_ping.py
[2023-10-18T18:22:18.892+0000] {processor.py:839} INFO - DAG(s) dict_keys(['beta_ipfs_ping_check']) retrieved from /opt/airflow/dags/devops/beta_ipfs_ping.py
[2023-10-18T18:22:19.590+0000] {logging_mixin.py:151} INFO - [2023-10-18T18:22:19.590+0000] {dag.py:2915} INFO - Sync 1 DAGs
[2023-10-18T18:22:19.702+0000] {logging_mixin.py:151} INFO - [2023-10-18T18:22:19.701+0000] {dag.py:3696} INFO - Setting next_dagrun for beta_ipfs_ping_check to 2023-10-18T18:15:00+00:00, run_after=2023-10-18T18:30:00+00:00
[2023-10-18T18:22:20.292+0000] {processor.py:179} INFO - Processing /opt/airflow/dags/devops/beta_ipfs_ping.py took 1.424 seconds
[2023-10-18T18:22:50.558+0000] {processor.py:157} INFO - Started process (PID=111) to work on /opt/airflow/dags/devops/beta_ipfs_ping.py
[2023-10-18T18:22:50.560+0000] {processor.py:829} INFO - Processing file /opt/airflow/dags/devops/beta_ipfs_ping.py for tasks to queue
[2023-10-18T18:22:50.563+0000] {logging_mixin.py:151} INFO - [2023-10-18T18:22:50.563+0000] {dagbag.py:539} INFO - Filling up the DagBag from /opt/airflow/dags/devops/beta_ipfs_ping.py
[2023-10-18T18:22:50.590+0000] {processor.py:839} INFO - DAG(s) dict_keys(['beta_ipfs_ping_check']) retrieved from /opt/airflow/dags/devops/beta_ipfs_ping.py
[2023-10-18T18:22:51.163+0000] {logging_mixin.py:151} INFO - [2023-10-18T18:22:51.163+0000] {dag.py:2915} INFO - Sync 1 DAGs
[2023-10-18T18:22:51.261+0000] {logging_mixin.py:151} INFO - [2023-10-18T18:22:51.260+0000] {dag.py:3696} INFO - Setting next_dagrun for beta_ipfs_ping_check to 2023-10-18T18:15:00+00:00, run_after=2023-10-18T18:30:00+00:00
[2023-10-18T18:22:51.744+0000] {processor.py:179} INFO - Processing /opt/airflow/dags/devops/beta_ipfs_ping.py took 1.191 seconds
[2023-10-18T18:24:49.625+0000] {processor.py:157} INFO - Started process (PID=127) to work on /opt/airflow/dags/devops/beta_ipfs_ping.py
[2023-10-18T18:24:49.626+0000] {processor.py:829} INFO - Processing file /opt/airflow/dags/devops/beta_ipfs_ping.py for tasks to queue
[2023-10-18T18:24:49.628+0000] {logging_mixin.py:151} INFO - [2023-10-18T18:24:49.627+0000] {dagbag.py:539} INFO - Filling up the DagBag from /opt/airflow/dags/devops/beta_ipfs_ping.py
[2023-10-18T18:24:49.729+0000] {processor.py:839} INFO - DAG(s) dict_keys(['beta_ipfs_ping_check']) retrieved from /opt/airflow/dags/devops/beta_ipfs_ping.py
[2023-10-18T18:24:51.788+0000] {logging_mixin.py:151} INFO - [2023-10-18T18:24:51.784+0000] {security.py:708} INFO - Not syncing DAG-level permissions for DAG 'DAG:beta_ipfs_ping_check' as access control is unset.
[2023-10-18T18:24:51.790+0000] {logging_mixin.py:151} INFO - [2023-10-18T18:24:51.790+0000] {dag.py:2915} INFO - Sync 1 DAGs
[2023-10-18T18:24:52.019+0000] {logging_mixin.py:151} INFO - [2023-10-18T18:24:52.019+0000] {dag.py:3696} INFO - Setting next_dagrun for beta_ipfs_ping_check to 2023-10-18T18:15:00+00:00, run_after=2023-10-18T18:30:00+00:00
[2023-10-18T18:24:53.174+0000] {processor.py:179} INFO - Processing /opt/airflow/dags/devops/beta_ipfs_ping.py took 3.552 seconds
[2023-10-18T18:25:23.390+0000] {processor.py:157} INFO - Started process (PID=155) to work on /opt/airflow/dags/devops/beta_ipfs_ping.py
[2023-10-18T18:25:23.391+0000] {processor.py:829} INFO - Processing file /opt/airflow/dags/devops/beta_ipfs_ping.py for tasks to queue
[2023-10-18T18:25:23.400+0000] {logging_mixin.py:151} INFO - [2023-10-18T18:25:23.400+0000] {dagbag.py:539} INFO - Filling up the DagBag from /opt/airflow/dags/devops/beta_ipfs_ping.py
[2023-10-18T18:25:23.525+0000] {processor.py:839} INFO - DAG(s) dict_keys(['beta_ipfs_ping_check']) retrieved from /opt/airflow/dags/devops/beta_ipfs_ping.py
[2023-10-18T18:25:24.772+0000] {logging_mixin.py:151} INFO - [2023-10-18T18:25:24.771+0000] {dag.py:2915} INFO - Sync 1 DAGs
[2023-10-18T18:25:25.027+0000] {logging_mixin.py:151} INFO - [2023-10-18T18:25:25.026+0000] {dag.py:3696} INFO - Setting next_dagrun for beta_ipfs_ping_check to 2023-10-18T18:15:00+00:00, run_after=2023-10-18T18:30:00+00:00
[2023-10-18T18:25:26.140+0000] {processor.py:179} INFO - Processing /opt/airflow/dags/devops/beta_ipfs_ping.py took 2.757 seconds
[2023-10-18T18:25:56.218+0000] {processor.py:157} INFO - Started process (PID=175) to work on /opt/airflow/dags/devops/beta_ipfs_ping.py
[2023-10-18T18:25:56.219+0000] {processor.py:829} INFO - Processing file /opt/airflow/dags/devops/beta_ipfs_ping.py for tasks to queue
[2023-10-18T18:25:56.221+0000] {logging_mixin.py:151} INFO - [2023-10-18T18:25:56.221+0000] {dagbag.py:539} INFO - Filling up the DagBag from /opt/airflow/dags/devops/beta_ipfs_ping.py
[2023-10-18T18:25:56.245+0000] {processor.py:839} INFO - DAG(s) dict_keys(['beta_ipfs_ping_check']) retrieved from /opt/airflow/dags/devops/beta_ipfs_ping.py
[2023-10-18T18:25:57.689+0000] {logging_mixin.py:151} INFO - [2023-10-18T18:25:57.688+0000] {dag.py:2915} INFO - Sync 1 DAGs
[2023-10-18T18:25:57.916+0000] {logging_mixin.py:151} INFO - [2023-10-18T18:25:57.916+0000] {dag.py:3696} INFO - Setting next_dagrun for beta_ipfs_ping_check to 2023-10-18T18:15:00+00:00, run_after=2023-10-18T18:30:00+00:00
[2023-10-18T18:25:59.040+0000] {processor.py:179} INFO - Processing /opt/airflow/dags/devops/beta_ipfs_ping.py took 2.825 seconds
[2023-10-18T18:26:29.647+0000] {processor.py:157} INFO - Started process (PID=203) to work on /opt/airflow/dags/devops/beta_ipfs_ping.py
[2023-10-18T18:26:29.649+0000] {processor.py:829} INFO - Processing file /opt/airflow/dags/devops/beta_ipfs_ping.py for tasks to queue
[2023-10-18T18:26:29.652+0000] {logging_mixin.py:151} INFO - [2023-10-18T18:26:29.651+0000] {dagbag.py:539} INFO - Filling up the DagBag from /opt/airflow/dags/devops/beta_ipfs_ping.py
[2023-10-18T18:26:29.686+0000] {processor.py:839} INFO - DAG(s) dict_keys(['beta_ipfs_ping_check']) retrieved from /opt/airflow/dags/devops/beta_ipfs_ping.py
[2023-10-18T18:26:30.826+0000] {logging_mixin.py:151} INFO - [2023-10-18T18:26:30.825+0000] {dag.py:2915} INFO - Sync 1 DAGs
[2023-10-18T18:26:31.038+0000] {logging_mixin.py:151} INFO - [2023-10-18T18:26:31.038+0000] {dag.py:3696} INFO - Setting next_dagrun for beta_ipfs_ping_check to 2023-10-18T18:15:00+00:00, run_after=2023-10-18T18:30:00+00:00
[2023-10-18T18:26:32.036+0000] {processor.py:179} INFO - Processing /opt/airflow/dags/devops/beta_ipfs_ping.py took 2.395 seconds
[2023-10-18T18:27:02.560+0000] {processor.py:157} INFO - Started process (PID=231) to work on /opt/airflow/dags/devops/beta_ipfs_ping.py
[2023-10-18T18:27:02.562+0000] {processor.py:829} INFO - Processing file /opt/airflow/dags/devops/beta_ipfs_ping.py for tasks to queue
[2023-10-18T18:27:02.565+0000] {logging_mixin.py:151} INFO - [2023-10-18T18:27:02.565+0000] {dagbag.py:539} INFO - Filling up the DagBag from /opt/airflow/dags/devops/beta_ipfs_ping.py
[2023-10-18T18:27:02.599+0000] {processor.py:839} INFO - DAG(s) dict_keys(['beta_ipfs_ping_check']) retrieved from /opt/airflow/dags/devops/beta_ipfs_ping.py
[2023-10-18T18:27:04.014+0000] {logging_mixin.py:151} INFO - [2023-10-18T18:27:04.014+0000] {dag.py:2915} INFO - Sync 1 DAGs
[2023-10-18T18:27:04.251+0000] {logging_mixin.py:151} INFO - [2023-10-18T18:27:04.250+0000] {dag.py:3696} INFO - Setting next_dagrun for beta_ipfs_ping_check to 2023-10-18T18:15:00+00:00, run_after=2023-10-18T18:30:00+00:00
[2023-10-18T18:27:05.370+0000] {processor.py:179} INFO - Processing /opt/airflow/dags/devops/beta_ipfs_ping.py took 2.815 seconds
[2023-10-18T18:27:35.548+0000] {processor.py:157} INFO - Started process (PID=251) to work on /opt/airflow/dags/devops/beta_ipfs_ping.py
[2023-10-18T18:27:35.549+0000] {processor.py:829} INFO - Processing file /opt/airflow/dags/devops/beta_ipfs_ping.py for tasks to queue
[2023-10-18T18:27:35.550+0000] {logging_mixin.py:151} INFO - [2023-10-18T18:27:35.550+0000] {dagbag.py:539} INFO - Filling up the DagBag from /opt/airflow/dags/devops/beta_ipfs_ping.py
[2023-10-18T18:27:35.569+0000] {processor.py:839} INFO - DAG(s) dict_keys(['beta_ipfs_ping_check']) retrieved from /opt/airflow/dags/devops/beta_ipfs_ping.py
[2023-10-18T18:27:36.741+0000] {logging_mixin.py:151} INFO - [2023-10-18T18:27:36.741+0000] {dag.py:2915} INFO - Sync 1 DAGs
[2023-10-18T18:27:37.016+0000] {logging_mixin.py:151} INFO - [2023-10-18T18:27:37.016+0000] {dag.py:3696} INFO - Setting next_dagrun for beta_ipfs_ping_check to 2023-10-18T18:15:00+00:00, run_after=2023-10-18T18:30:00+00:00
[2023-10-18T18:27:38.054+0000] {processor.py:179} INFO - Processing /opt/airflow/dags/devops/beta_ipfs_ping.py took 2.508 seconds
[2023-10-18T18:28:08.436+0000] {processor.py:157} INFO - Started process (PID=279) to work on /opt/airflow/dags/devops/beta_ipfs_ping.py
[2023-10-18T18:28:08.437+0000] {processor.py:829} INFO - Processing file /opt/airflow/dags/devops/beta_ipfs_ping.py for tasks to queue
[2023-10-18T18:28:08.440+0000] {logging_mixin.py:151} INFO - [2023-10-18T18:28:08.440+0000] {dagbag.py:539} INFO - Filling up the DagBag from /opt/airflow/dags/devops/beta_ipfs_ping.py
[2023-10-18T18:28:08.474+0000] {processor.py:839} INFO - DAG(s) dict_keys(['beta_ipfs_ping_check']) retrieved from /opt/airflow/dags/devops/beta_ipfs_ping.py
[2023-10-18T18:28:09.755+0000] {logging_mixin.py:151} INFO - [2023-10-18T18:28:09.754+0000] {dag.py:2915} INFO - Sync 1 DAGs
[2023-10-18T18:28:09.984+0000] {logging_mixin.py:151} INFO - [2023-10-18T18:28:09.984+0000] {dag.py:3696} INFO - Setting next_dagrun for beta_ipfs_ping_check to 2023-10-18T18:15:00+00:00, run_after=2023-10-18T18:30:00+00:00
[2023-10-18T18:28:11.108+0000] {processor.py:179} INFO - Processing /opt/airflow/dags/devops/beta_ipfs_ping.py took 2.678 seconds
[2023-10-18T18:28:41.413+0000] {processor.py:157} INFO - Started process (PID=307) to work on /opt/airflow/dags/devops/beta_ipfs_ping.py
[2023-10-18T18:28:41.414+0000] {processor.py:829} INFO - Processing file /opt/airflow/dags/devops/beta_ipfs_ping.py for tasks to queue
[2023-10-18T18:28:41.416+0000] {logging_mixin.py:151} INFO - [2023-10-18T18:28:41.416+0000] {dagbag.py:539} INFO - Filling up the DagBag from /opt/airflow/dags/devops/beta_ipfs_ping.py
[2023-10-18T18:28:41.442+0000] {processor.py:839} INFO - DAG(s) dict_keys(['beta_ipfs_ping_check']) retrieved from /opt/airflow/dags/devops/beta_ipfs_ping.py
[2023-10-18T18:28:42.716+0000] {logging_mixin.py:151} INFO - [2023-10-18T18:28:42.715+0000] {dag.py:2915} INFO - Sync 1 DAGs
[2023-10-18T18:28:42.978+0000] {logging_mixin.py:151} INFO - [2023-10-18T18:28:42.977+0000] {dag.py:3696} INFO - Setting next_dagrun for beta_ipfs_ping_check to 2023-10-18T18:15:00+00:00, run_after=2023-10-18T18:30:00+00:00
[2023-10-18T18:28:44.057+0000] {processor.py:179} INFO - Processing /opt/airflow/dags/devops/beta_ipfs_ping.py took 2.646 seconds
[2023-10-18T18:29:14.108+0000] {processor.py:157} INFO - Started process (PID=327) to work on /opt/airflow/dags/devops/beta_ipfs_ping.py
[2023-10-18T18:29:14.109+0000] {processor.py:829} INFO - Processing file /opt/airflow/dags/devops/beta_ipfs_ping.py for tasks to queue
[2023-10-18T18:29:14.112+0000] {logging_mixin.py:151} INFO - [2023-10-18T18:29:14.111+0000] {dagbag.py:539} INFO - Filling up the DagBag from /opt/airflow/dags/devops/beta_ipfs_ping.py
[2023-10-18T18:29:14.141+0000] {processor.py:839} INFO - DAG(s) dict_keys(['beta_ipfs_ping_check']) retrieved from /opt/airflow/dags/devops/beta_ipfs_ping.py
[2023-10-18T18:29:15.315+0000] {logging_mixin.py:151} INFO - [2023-10-18T18:29:15.315+0000] {dag.py:2915} INFO - Sync 1 DAGs
[2023-10-18T18:29:15.534+0000] {logging_mixin.py:151} INFO - [2023-10-18T18:29:15.534+0000] {dag.py:3696} INFO - Setting next_dagrun for beta_ipfs_ping_check to 2023-10-18T18:15:00+00:00, run_after=2023-10-18T18:30:00+00:00
[2023-10-18T18:29:16.607+0000] {processor.py:179} INFO - Processing /opt/airflow/dags/devops/beta_ipfs_ping.py took 2.502 seconds
[2023-10-18T18:29:46.670+0000] {processor.py:157} INFO - Started process (PID=355) to work on /opt/airflow/dags/devops/beta_ipfs_ping.py
[2023-10-18T18:29:46.672+0000] {processor.py:829} INFO - Processing file /opt/airflow/dags/devops/beta_ipfs_ping.py for tasks to queue
[2023-10-18T18:29:46.676+0000] {logging_mixin.py:151} INFO - [2023-10-18T18:29:46.676+0000] {dagbag.py:539} INFO - Filling up the DagBag from /opt/airflow/dags/devops/beta_ipfs_ping.py
[2023-10-18T18:29:46.708+0000] {processor.py:839} INFO - DAG(s) dict_keys(['beta_ipfs_ping_check']) retrieved from /opt/airflow/dags/devops/beta_ipfs_ping.py
[2023-10-18T18:29:47.962+0000] {logging_mixin.py:151} INFO - [2023-10-18T18:29:47.961+0000] {dag.py:2915} INFO - Sync 1 DAGs
[2023-10-18T18:29:48.196+0000] {logging_mixin.py:151} INFO - [2023-10-18T18:29:48.196+0000] {dag.py:3696} INFO - Setting next_dagrun for beta_ipfs_ping_check to 2023-10-18T18:15:00+00:00, run_after=2023-10-18T18:30:00+00:00
[2023-10-18T18:29:49.274+0000] {processor.py:179} INFO - Processing /opt/airflow/dags/devops/beta_ipfs_ping.py took 2.610 seconds
[2023-10-18T18:30:19.839+0000] {processor.py:157} INFO - Started process (PID=383) to work on /opt/airflow/dags/devops/beta_ipfs_ping.py
[2023-10-18T18:30:19.841+0000] {processor.py:829} INFO - Processing file /opt/airflow/dags/devops/beta_ipfs_ping.py for tasks to queue
[2023-10-18T18:30:19.846+0000] {logging_mixin.py:151} INFO - [2023-10-18T18:30:19.846+0000] {dagbag.py:539} INFO - Filling up the DagBag from /opt/airflow/dags/devops/beta_ipfs_ping.py
[2023-10-18T18:30:19.882+0000] {processor.py:839} INFO - DAG(s) dict_keys(['beta_ipfs_ping_check']) retrieved from /opt/airflow/dags/devops/beta_ipfs_ping.py
[2023-10-18T18:30:21.235+0000] {logging_mixin.py:151} INFO - [2023-10-18T18:30:21.234+0000] {dag.py:2915} INFO - Sync 1 DAGs
[2023-10-18T18:30:21.483+0000] {logging_mixin.py:151} INFO - [2023-10-18T18:30:21.482+0000] {dag.py:3696} INFO - Setting next_dagrun for beta_ipfs_ping_check to 2023-10-18T18:15:00+00:00, run_after=2023-10-18T18:30:00+00:00
[2023-10-18T18:30:22.671+0000] {processor.py:179} INFO - Processing /opt/airflow/dags/devops/beta_ipfs_ping.py took 2.839 seconds
[2023-10-18T18:30:53.043+0000] {processor.py:157} INFO - Started process (PID=410) to work on /opt/airflow/dags/devops/beta_ipfs_ping.py
[2023-10-18T18:30:53.044+0000] {processor.py:829} INFO - Processing file /opt/airflow/dags/devops/beta_ipfs_ping.py for tasks to queue
[2023-10-18T18:30:53.045+0000] {logging_mixin.py:151} INFO - [2023-10-18T18:30:53.045+0000] {dagbag.py:539} INFO - Filling up the DagBag from /opt/airflow/dags/devops/beta_ipfs_ping.py
[2023-10-18T18:30:53.066+0000] {processor.py:839} INFO - DAG(s) dict_keys(['beta_ipfs_ping_check']) retrieved from /opt/airflow/dags/devops/beta_ipfs_ping.py
[2023-10-18T18:30:54.210+0000] {logging_mixin.py:151} INFO - [2023-10-18T18:30:54.210+0000] {dag.py:2915} INFO - Sync 1 DAGs
[2023-10-18T18:30:55.754+0000] {processor.py:179} INFO - Processing /opt/airflow/dags/devops/beta_ipfs_ping.py took 2.713 seconds
[2023-10-18T18:31:26.079+0000] {processor.py:157} INFO - Started process (PID=431) to work on /opt/airflow/dags/devops/beta_ipfs_ping.py
[2023-10-18T18:31:26.080+0000] {processor.py:829} INFO - Processing file /opt/airflow/dags/devops/beta_ipfs_ping.py for tasks to queue
[2023-10-18T18:31:26.082+0000] {logging_mixin.py:151} INFO - [2023-10-18T18:31:26.082+0000] {dagbag.py:539} INFO - Filling up the DagBag from /opt/airflow/dags/devops/beta_ipfs_ping.py
[2023-10-18T18:31:26.103+0000] {processor.py:839} INFO - DAG(s) dict_keys(['beta_ipfs_ping_check']) retrieved from /opt/airflow/dags/devops/beta_ipfs_ping.py
[2023-10-18T18:31:28.299+0000] {logging_mixin.py:151} INFO - [2023-10-18T18:31:28.298+0000] {dag.py:2915} INFO - Sync 1 DAGs
[2023-10-18T18:31:29.841+0000] {processor.py:179} INFO - Processing /opt/airflow/dags/devops/beta_ipfs_ping.py took 3.764 seconds
[2023-10-18T18:32:00.870+0000] {processor.py:157} INFO - Started process (PID=459) to work on /opt/airflow/dags/devops/beta_ipfs_ping.py
[2023-10-18T18:32:00.872+0000] {processor.py:829} INFO - Processing file /opt/airflow/dags/devops/beta_ipfs_ping.py for tasks to queue
[2023-10-18T18:32:00.876+0000] {logging_mixin.py:151} INFO - [2023-10-18T18:32:00.875+0000] {dagbag.py:539} INFO - Filling up the DagBag from /opt/airflow/dags/devops/beta_ipfs_ping.py
[2023-10-18T18:32:00.910+0000] {processor.py:839} INFO - DAG(s) dict_keys(['beta_ipfs_ping_check']) retrieved from /opt/airflow/dags/devops/beta_ipfs_ping.py
[2023-10-18T18:32:02.089+0000] {logging_mixin.py:151} INFO - [2023-10-18T18:32:02.087+0000] {dag.py:2915} INFO - Sync 1 DAGs
[2023-10-18T18:32:03.419+0000] {processor.py:179} INFO - Processing /opt/airflow/dags/devops/beta_ipfs_ping.py took 2.554 seconds
[2023-10-18T18:32:33.883+0000] {processor.py:157} INFO - Started process (PID=487) to work on /opt/airflow/dags/devops/beta_ipfs_ping.py
[2023-10-18T18:32:33.884+0000] {processor.py:829} INFO - Processing file /opt/airflow/dags/devops/beta_ipfs_ping.py for tasks to queue
[2023-10-18T18:32:33.889+0000] {logging_mixin.py:151} INFO - [2023-10-18T18:32:33.888+0000] {dagbag.py:539} INFO - Filling up the DagBag from /opt/airflow/dags/devops/beta_ipfs_ping.py
[2023-10-18T18:32:33.921+0000] {processor.py:839} INFO - DAG(s) dict_keys(['beta_ipfs_ping_check']) retrieved from /opt/airflow/dags/devops/beta_ipfs_ping.py
[2023-10-18T18:32:35.012+0000] {logging_mixin.py:151} INFO - [2023-10-18T18:32:35.012+0000] {dag.py:2915} INFO - Sync 1 DAGs
[2023-10-18T18:32:36.269+0000] {processor.py:179} INFO - Processing /opt/airflow/dags/devops/beta_ipfs_ping.py took 2.391 seconds
[2023-10-18T18:33:06.642+0000] {processor.py:157} INFO - Started process (PID=507) to work on /opt/airflow/dags/devops/beta_ipfs_ping.py
[2023-10-18T18:33:06.643+0000] {processor.py:829} INFO - Processing file /opt/airflow/dags/devops/beta_ipfs_ping.py for tasks to queue
[2023-10-18T18:33:06.644+0000] {logging_mixin.py:151} INFO - [2023-10-18T18:33:06.644+0000] {dagbag.py:539} INFO - Filling up the DagBag from /opt/airflow/dags/devops/beta_ipfs_ping.py
[2023-10-18T18:33:06.665+0000] {processor.py:839} INFO - DAG(s) dict_keys(['beta_ipfs_ping_check']) retrieved from /opt/airflow/dags/devops/beta_ipfs_ping.py
[2023-10-18T18:33:07.922+0000] {logging_mixin.py:151} INFO - [2023-10-18T18:33:07.921+0000] {dag.py:2915} INFO - Sync 1 DAGs
[2023-10-18T18:33:09.418+0000] {processor.py:179} INFO - Processing /opt/airflow/dags/devops/beta_ipfs_ping.py took 2.779 seconds
[2023-10-18T18:33:39.665+0000] {processor.py:157} INFO - Started process (PID=535) to work on /opt/airflow/dags/devops/beta_ipfs_ping.py
[2023-10-18T18:33:39.667+0000] {processor.py:829} INFO - Processing file /opt/airflow/dags/devops/beta_ipfs_ping.py for tasks to queue
[2023-10-18T18:33:39.670+0000] {logging_mixin.py:151} INFO - [2023-10-18T18:33:39.670+0000] {dagbag.py:539} INFO - Filling up the DagBag from /opt/airflow/dags/devops/beta_ipfs_ping.py
[2023-10-18T18:33:39.703+0000] {processor.py:839} INFO - DAG(s) dict_keys(['beta_ipfs_ping_check']) retrieved from /opt/airflow/dags/devops/beta_ipfs_ping.py
[2023-10-18T18:33:40.916+0000] {logging_mixin.py:151} INFO - [2023-10-18T18:33:40.915+0000] {dag.py:2915} INFO - Sync 1 DAGs
[2023-10-18T18:33:42.201+0000] {processor.py:179} INFO - Processing /opt/airflow/dags/devops/beta_ipfs_ping.py took 2.541 seconds
[2023-10-18T18:34:12.512+0000] {processor.py:157} INFO - Started process (PID=563) to work on /opt/airflow/dags/devops/beta_ipfs_ping.py
[2023-10-18T18:34:12.513+0000] {processor.py:829} INFO - Processing file /opt/airflow/dags/devops/beta_ipfs_ping.py for tasks to queue
[2023-10-18T18:34:12.516+0000] {logging_mixin.py:151} INFO - [2023-10-18T18:34:12.516+0000] {dagbag.py:539} INFO - Filling up the DagBag from /opt/airflow/dags/devops/beta_ipfs_ping.py
[2023-10-18T18:34:12.550+0000] {processor.py:839} INFO - DAG(s) dict_keys(['beta_ipfs_ping_check']) retrieved from /opt/airflow/dags/devops/beta_ipfs_ping.py
[2023-10-18T18:34:13.658+0000] {logging_mixin.py:151} INFO - [2023-10-18T18:34:13.657+0000] {dag.py:2915} INFO - Sync 1 DAGs
[2023-10-18T18:34:14.924+0000] {processor.py:179} INFO - Processing /opt/airflow/dags/devops/beta_ipfs_ping.py took 2.418 seconds
[2023-10-18T18:34:45.899+0000] {processor.py:157} INFO - Started process (PID=583) to work on /opt/airflow/dags/devops/beta_ipfs_ping.py
[2023-10-18T18:34:45.900+0000] {processor.py:829} INFO - Processing file /opt/airflow/dags/devops/beta_ipfs_ping.py for tasks to queue
[2023-10-18T18:34:45.903+0000] {logging_mixin.py:151} INFO - [2023-10-18T18:34:45.903+0000] {dagbag.py:539} INFO - Filling up the DagBag from /opt/airflow/dags/devops/beta_ipfs_ping.py
[2023-10-18T18:34:45.933+0000] {processor.py:839} INFO - DAG(s) dict_keys(['beta_ipfs_ping_check']) retrieved from /opt/airflow/dags/devops/beta_ipfs_ping.py
[2023-10-18T18:34:47.023+0000] {logging_mixin.py:151} INFO - [2023-10-18T18:34:47.023+0000] {dag.py:2915} INFO - Sync 1 DAGs
[2023-10-18T18:34:48.263+0000] {processor.py:179} INFO - Processing /opt/airflow/dags/devops/beta_ipfs_ping.py took 2.367 seconds
[2023-10-18T18:35:19.469+0000] {processor.py:157} INFO - Started process (PID=611) to work on /opt/airflow/dags/devops/beta_ipfs_ping.py
[2023-10-18T18:35:19.470+0000] {processor.py:829} INFO - Processing file /opt/airflow/dags/devops/beta_ipfs_ping.py for tasks to queue
[2023-10-18T18:35:19.472+0000] {logging_mixin.py:151} INFO - [2023-10-18T18:35:19.472+0000] {dagbag.py:539} INFO - Filling up the DagBag from /opt/airflow/dags/devops/beta_ipfs_ping.py
[2023-10-18T18:35:19.491+0000] {processor.py:839} INFO - DAG(s) dict_keys(['beta_ipfs_ping_check']) retrieved from /opt/airflow/dags/devops/beta_ipfs_ping.py
[2023-10-18T18:35:20.569+0000] {logging_mixin.py:151} INFO - [2023-10-18T18:35:20.568+0000] {dag.py:2915} INFO - Sync 1 DAGs
[2023-10-18T18:35:21.824+0000] {processor.py:179} INFO - Processing /opt/airflow/dags/devops/beta_ipfs_ping.py took 2.357 seconds
[2023-10-18T19:04:25.469+0000] {processor.py:157} INFO - Started process (PID=43) to work on /opt/airflow/dags/devops/beta_ipfs_ping.py
[2023-10-18T19:04:25.470+0000] {processor.py:829} INFO - Processing file /opt/airflow/dags/devops/beta_ipfs_ping.py for tasks to queue
[2023-10-18T19:04:25.472+0000] {logging_mixin.py:151} INFO - [2023-10-18T19:04:25.472+0000] {dagbag.py:539} INFO - Filling up the DagBag from /opt/airflow/dags/devops/beta_ipfs_ping.py
[2023-10-18T19:04:25.608+0000] {processor.py:839} INFO - DAG(s) dict_keys(['beta_ipfs_ping_check']) retrieved from /opt/airflow/dags/devops/beta_ipfs_ping.py
[2023-10-18T19:07:10.509+0000] {processor.py:157} INFO - Started process (PID=43) to work on /opt/airflow/dags/devops/beta_ipfs_ping.py
[2023-10-18T19:07:10.510+0000] {processor.py:829} INFO - Processing file /opt/airflow/dags/devops/beta_ipfs_ping.py for tasks to queue
[2023-10-18T19:07:10.512+0000] {logging_mixin.py:151} INFO - [2023-10-18T19:07:10.512+0000] {dagbag.py:539} INFO - Filling up the DagBag from /opt/airflow/dags/devops/beta_ipfs_ping.py
[2023-10-18T19:07:10.547+0000] {processor.py:839} INFO - DAG(s) dict_keys(['beta_ipfs_ping_check']) retrieved from /opt/airflow/dags/devops/beta_ipfs_ping.py
[2023-10-18T19:07:12.474+0000] {logging_mixin.py:151} INFO - [2023-10-18T19:07:12.474+0000] {security.py:708} INFO - Not syncing DAG-level permissions for DAG 'DAG:beta_ipfs_ping_check' as access control is unset.
[2023-10-18T19:07:12.475+0000] {logging_mixin.py:151} INFO - [2023-10-18T19:07:12.475+0000] {dag.py:2915} INFO - Sync 1 DAGs
[2023-10-18T19:07:13.872+0000] {processor.py:179} INFO - Processing /opt/airflow/dags/devops/beta_ipfs_ping.py took 3.366 seconds
[2023-10-18T19:07:44.360+0000] {processor.py:157} INFO - Started process (PID=63) to work on /opt/airflow/dags/devops/beta_ipfs_ping.py
[2023-10-18T19:07:44.361+0000] {processor.py:829} INFO - Processing file /opt/airflow/dags/devops/beta_ipfs_ping.py for tasks to queue
[2023-10-18T19:07:44.363+0000] {logging_mixin.py:151} INFO - [2023-10-18T19:07:44.362+0000] {dagbag.py:539} INFO - Filling up the DagBag from /opt/airflow/dags/devops/beta_ipfs_ping.py
[2023-10-18T19:07:44.392+0000] {processor.py:839} INFO - DAG(s) dict_keys(['beta_ipfs_ping_check']) retrieved from /opt/airflow/dags/devops/beta_ipfs_ping.py
[2023-10-18T19:07:45.753+0000] {logging_mixin.py:151} INFO - [2023-10-18T19:07:45.753+0000] {dag.py:2915} INFO - Sync 1 DAGs
[2023-10-18T19:07:45.942+0000] {logging_mixin.py:151} INFO - [2023-10-18T19:07:45.942+0000] {dag.py:3696} INFO - Setting next_dagrun for beta_ipfs_ping_check to 2023-10-18T19:00:00+00:00, run_after=2023-10-18T19:15:00+00:00
[2023-10-18T19:07:47.061+0000] {processor.py:179} INFO - Processing /opt/airflow/dags/devops/beta_ipfs_ping.py took 2.706 seconds
[2023-10-18T19:08:17.129+0000] {processor.py:157} INFO - Started process (PID=91) to work on /opt/airflow/dags/devops/beta_ipfs_ping.py
[2023-10-18T19:08:17.131+0000] {processor.py:829} INFO - Processing file /opt/airflow/dags/devops/beta_ipfs_ping.py for tasks to queue
[2023-10-18T19:08:17.134+0000] {logging_mixin.py:151} INFO - [2023-10-18T19:08:17.134+0000] {dagbag.py:539} INFO - Filling up the DagBag from /opt/airflow/dags/devops/beta_ipfs_ping.py
[2023-10-18T19:08:17.169+0000] {processor.py:839} INFO - DAG(s) dict_keys(['beta_ipfs_ping_check']) retrieved from /opt/airflow/dags/devops/beta_ipfs_ping.py
[2023-10-18T19:08:18.357+0000] {logging_mixin.py:151} INFO - [2023-10-18T19:08:18.357+0000] {dag.py:2915} INFO - Sync 1 DAGs
[2023-10-18T19:08:18.540+0000] {logging_mixin.py:151} INFO - [2023-10-18T19:08:18.540+0000] {dag.py:3696} INFO - Setting next_dagrun for beta_ipfs_ping_check to 2023-10-18T19:00:00+00:00, run_after=2023-10-18T19:15:00+00:00
[2023-10-18T19:08:19.741+0000] {processor.py:179} INFO - Processing /opt/airflow/dags/devops/beta_ipfs_ping.py took 2.617 seconds
[2023-10-18T19:08:50.273+0000] {processor.py:157} INFO - Started process (PID=119) to work on /opt/airflow/dags/devops/beta_ipfs_ping.py
[2023-10-18T19:08:50.275+0000] {processor.py:829} INFO - Processing file /opt/airflow/dags/devops/beta_ipfs_ping.py for tasks to queue
[2023-10-18T19:08:50.277+0000] {logging_mixin.py:151} INFO - [2023-10-18T19:08:50.277+0000] {dagbag.py:539} INFO - Filling up the DagBag from /opt/airflow/dags/devops/beta_ipfs_ping.py
[2023-10-18T19:08:50.306+0000] {processor.py:839} INFO - DAG(s) dict_keys(['beta_ipfs_ping_check']) retrieved from /opt/airflow/dags/devops/beta_ipfs_ping.py
[2023-10-18T19:08:51.545+0000] {logging_mixin.py:151} INFO - [2023-10-18T19:08:51.544+0000] {dag.py:2915} INFO - Sync 1 DAGs
[2023-10-18T19:08:51.761+0000] {logging_mixin.py:151} INFO - [2023-10-18T19:08:51.760+0000] {dag.py:3696} INFO - Setting next_dagrun for beta_ipfs_ping_check to 2023-10-18T19:00:00+00:00, run_after=2023-10-18T19:15:00+00:00
[2023-10-18T19:08:52.823+0000] {processor.py:179} INFO - Processing /opt/airflow/dags/devops/beta_ipfs_ping.py took 2.555 seconds
[2023-10-18T19:09:22.928+0000] {processor.py:157} INFO - Started process (PID=139) to work on /opt/airflow/dags/devops/beta_ipfs_ping.py
[2023-10-18T19:09:22.930+0000] {processor.py:829} INFO - Processing file /opt/airflow/dags/devops/beta_ipfs_ping.py for tasks to queue
[2023-10-18T19:09:22.935+0000] {logging_mixin.py:151} INFO - [2023-10-18T19:09:22.934+0000] {dagbag.py:539} INFO - Filling up the DagBag from /opt/airflow/dags/devops/beta_ipfs_ping.py
[2023-10-18T19:09:22.968+0000] {processor.py:839} INFO - DAG(s) dict_keys(['beta_ipfs_ping_check']) retrieved from /opt/airflow/dags/devops/beta_ipfs_ping.py
[2023-10-18T19:09:24.160+0000] {logging_mixin.py:151} INFO - [2023-10-18T19:09:24.160+0000] {dag.py:2915} INFO - Sync 1 DAGs
[2023-10-18T19:09:24.342+0000] {logging_mixin.py:151} INFO - [2023-10-18T19:09:24.342+0000] {dag.py:3696} INFO - Setting next_dagrun for beta_ipfs_ping_check to 2023-10-18T19:00:00+00:00, run_after=2023-10-18T19:15:00+00:00
[2023-10-18T19:09:25.417+0000] {processor.py:179} INFO - Processing /opt/airflow/dags/devops/beta_ipfs_ping.py took 2.493 seconds
[2023-10-18T19:09:55.624+0000] {processor.py:157} INFO - Started process (PID=166) to work on /opt/airflow/dags/devops/beta_ipfs_ping.py
[2023-10-18T19:09:55.626+0000] {processor.py:829} INFO - Processing file /opt/airflow/dags/devops/beta_ipfs_ping.py for tasks to queue
[2023-10-18T19:09:55.629+0000] {logging_mixin.py:151} INFO - [2023-10-18T19:09:55.629+0000] {dagbag.py:539} INFO - Filling up the DagBag from /opt/airflow/dags/devops/beta_ipfs_ping.py
[2023-10-18T19:09:55.656+0000] {processor.py:839} INFO - DAG(s) dict_keys(['beta_ipfs_ping_check']) retrieved from /opt/airflow/dags/devops/beta_ipfs_ping.py
[2023-10-18T19:09:56.902+0000] {logging_mixin.py:151} INFO - [2023-10-18T19:09:56.902+0000] {dag.py:2915} INFO - Sync 1 DAGs
[2023-10-18T19:09:57.172+0000] {logging_mixin.py:151} INFO - [2023-10-18T19:09:57.172+0000] {dag.py:3696} INFO - Setting next_dagrun for beta_ipfs_ping_check to 2023-10-18T19:00:00+00:00, run_after=2023-10-18T19:15:00+00:00
[2023-10-18T19:09:58.346+0000] {processor.py:179} INFO - Processing /opt/airflow/dags/devops/beta_ipfs_ping.py took 2.726 seconds
[2023-10-18T19:10:29.033+0000] {processor.py:157} INFO - Started process (PID=194) to work on /opt/airflow/dags/devops/beta_ipfs_ping.py
[2023-10-18T19:10:29.035+0000] {processor.py:829} INFO - Processing file /opt/airflow/dags/devops/beta_ipfs_ping.py for tasks to queue
[2023-10-18T19:10:29.039+0000] {logging_mixin.py:151} INFO - [2023-10-18T19:10:29.038+0000] {dagbag.py:539} INFO - Filling up the DagBag from /opt/airflow/dags/devops/beta_ipfs_ping.py
[2023-10-18T19:10:29.072+0000] {processor.py:839} INFO - DAG(s) dict_keys(['beta_ipfs_ping_check']) retrieved from /opt/airflow/dags/devops/beta_ipfs_ping.py
[2023-10-18T19:10:30.355+0000] {logging_mixin.py:151} INFO - [2023-10-18T19:10:30.354+0000] {dag.py:2915} INFO - Sync 1 DAGs
[2023-10-18T19:10:30.638+0000] {logging_mixin.py:151} INFO - [2023-10-18T19:10:30.638+0000] {dag.py:3696} INFO - Setting next_dagrun for beta_ipfs_ping_check to 2023-10-18T19:00:00+00:00, run_after=2023-10-18T19:15:00+00:00
[2023-10-18T19:10:31.784+0000] {processor.py:179} INFO - Processing /opt/airflow/dags/devops/beta_ipfs_ping.py took 2.757 seconds
[2023-10-18T19:11:02.052+0000] {processor.py:157} INFO - Started process (PID=214) to work on /opt/airflow/dags/devops/beta_ipfs_ping.py
[2023-10-18T19:11:02.054+0000] {processor.py:829} INFO - Processing file /opt/airflow/dags/devops/beta_ipfs_ping.py for tasks to queue
[2023-10-18T19:11:02.057+0000] {logging_mixin.py:151} INFO - [2023-10-18T19:11:02.057+0000] {dagbag.py:539} INFO - Filling up the DagBag from /opt/airflow/dags/devops/beta_ipfs_ping.py
[2023-10-18T19:11:02.089+0000] {processor.py:839} INFO - DAG(s) dict_keys(['beta_ipfs_ping_check']) retrieved from /opt/airflow/dags/devops/beta_ipfs_ping.py
[2023-10-18T19:11:03.454+0000] {logging_mixin.py:151} INFO - [2023-10-18T19:11:03.453+0000] {dag.py:2915} INFO - Sync 1 DAGs
[2023-10-18T19:11:03.877+0000] {logging_mixin.py:151} INFO - [2023-10-18T19:11:03.876+0000] {dag.py:3696} INFO - Setting next_dagrun for beta_ipfs_ping_check to 2023-10-18T19:00:00+00:00, run_after=2023-10-18T19:15:00+00:00
[2023-10-18T19:11:05.085+0000] {processor.py:179} INFO - Processing /opt/airflow/dags/devops/beta_ipfs_ping.py took 3.038 seconds
[2023-10-18T19:11:35.554+0000] {processor.py:157} INFO - Started process (PID=242) to work on /opt/airflow/dags/devops/beta_ipfs_ping.py
[2023-10-18T19:11:35.556+0000] {processor.py:829} INFO - Processing file /opt/airflow/dags/devops/beta_ipfs_ping.py for tasks to queue
[2023-10-18T19:11:35.559+0000] {logging_mixin.py:151} INFO - [2023-10-18T19:11:35.559+0000] {dagbag.py:539} INFO - Filling up the DagBag from /opt/airflow/dags/devops/beta_ipfs_ping.py
[2023-10-18T19:11:35.594+0000] {processor.py:839} INFO - DAG(s) dict_keys(['beta_ipfs_ping_check']) retrieved from /opt/airflow/dags/devops/beta_ipfs_ping.py
[2023-10-18T19:11:37.040+0000] {logging_mixin.py:151} INFO - [2023-10-18T19:11:37.039+0000] {dag.py:2915} INFO - Sync 1 DAGs
[2023-10-18T19:11:37.277+0000] {logging_mixin.py:151} INFO - [2023-10-18T19:11:37.277+0000] {dag.py:3696} INFO - Setting next_dagrun for beta_ipfs_ping_check to 2023-10-18T19:00:00+00:00, run_after=2023-10-18T19:15:00+00:00
[2023-10-18T19:11:38.622+0000] {processor.py:179} INFO - Processing /opt/airflow/dags/devops/beta_ipfs_ping.py took 3.073 seconds
[2023-10-18T19:12:09.664+0000] {processor.py:157} INFO - Started process (PID=270) to work on /opt/airflow/dags/devops/beta_ipfs_ping.py
[2023-10-18T19:12:09.666+0000] {processor.py:829} INFO - Processing file /opt/airflow/dags/devops/beta_ipfs_ping.py for tasks to queue
[2023-10-18T19:12:09.671+0000] {logging_mixin.py:151} INFO - [2023-10-18T19:12:09.671+0000] {dagbag.py:539} INFO - Filling up the DagBag from /opt/airflow/dags/devops/beta_ipfs_ping.py
[2023-10-18T19:12:09.692+0000] {processor.py:839} INFO - DAG(s) dict_keys(['beta_ipfs_ping_check']) retrieved from /opt/airflow/dags/devops/beta_ipfs_ping.py
[2023-10-18T19:12:10.944+0000] {logging_mixin.py:151} INFO - [2023-10-18T19:12:10.944+0000] {dag.py:2915} INFO - Sync 1 DAGs
[2023-10-18T19:12:11.189+0000] {logging_mixin.py:151} INFO - [2023-10-18T19:12:11.189+0000] {dag.py:3696} INFO - Setting next_dagrun for beta_ipfs_ping_check to 2023-10-18T19:00:00+00:00, run_after=2023-10-18T19:15:00+00:00
[2023-10-18T19:12:12.580+0000] {processor.py:179} INFO - Processing /opt/airflow/dags/devops/beta_ipfs_ping.py took 2.918 seconds
[2023-10-18T19:12:43.132+0000] {processor.py:157} INFO - Started process (PID=298) to work on /opt/airflow/dags/devops/beta_ipfs_ping.py
[2023-10-18T19:12:43.133+0000] {processor.py:829} INFO - Processing file /opt/airflow/dags/devops/beta_ipfs_ping.py for tasks to queue
[2023-10-18T19:12:43.134+0000] {logging_mixin.py:151} INFO - [2023-10-18T19:12:43.134+0000] {dagbag.py:539} INFO - Filling up the DagBag from /opt/airflow/dags/devops/beta_ipfs_ping.py
[2023-10-18T19:12:43.153+0000] {processor.py:839} INFO - DAG(s) dict_keys(['beta_ipfs_ping_check']) retrieved from /opt/airflow/dags/devops/beta_ipfs_ping.py
[2023-10-18T19:12:45.635+0000] {logging_mixin.py:151} INFO - [2023-10-18T19:12:45.634+0000] {dag.py:2915} INFO - Sync 1 DAGs
[2023-10-18T19:12:45.827+0000] {logging_mixin.py:151} INFO - [2023-10-18T19:12:45.826+0000] {dag.py:3696} INFO - Setting next_dagrun for beta_ipfs_ping_check to 2023-10-18T19:00:00+00:00, run_after=2023-10-18T19:15:00+00:00
[2023-10-18T19:12:46.952+0000] {processor.py:179} INFO - Processing /opt/airflow/dags/devops/beta_ipfs_ping.py took 3.822 seconds
[2023-10-18T19:13:17.220+0000] {processor.py:157} INFO - Started process (PID=318) to work on /opt/airflow/dags/devops/beta_ipfs_ping.py
[2023-10-18T19:13:17.222+0000] {processor.py:829} INFO - Processing file /opt/airflow/dags/devops/beta_ipfs_ping.py for tasks to queue
[2023-10-18T19:13:17.225+0000] {logging_mixin.py:151} INFO - [2023-10-18T19:13:17.225+0000] {dagbag.py:539} INFO - Filling up the DagBag from /opt/airflow/dags/devops/beta_ipfs_ping.py
[2023-10-18T19:13:17.260+0000] {processor.py:839} INFO - DAG(s) dict_keys(['beta_ipfs_ping_check']) retrieved from /opt/airflow/dags/devops/beta_ipfs_ping.py
[2023-10-18T19:13:18.507+0000] {logging_mixin.py:151} INFO - [2023-10-18T19:13:18.506+0000] {dag.py:2915} INFO - Sync 1 DAGs
[2023-10-18T19:13:18.699+0000] {logging_mixin.py:151} INFO - [2023-10-18T19:13:18.699+0000] {dag.py:3696} INFO - Setting next_dagrun for beta_ipfs_ping_check to 2023-10-18T19:00:00+00:00, run_after=2023-10-18T19:15:00+00:00
[2023-10-18T19:13:19.814+0000] {processor.py:179} INFO - Processing /opt/airflow/dags/devops/beta_ipfs_ping.py took 2.598 seconds
[2023-10-18T19:13:50.540+0000] {processor.py:157} INFO - Started process (PID=346) to work on /opt/airflow/dags/devops/beta_ipfs_ping.py
[2023-10-18T19:13:50.541+0000] {processor.py:829} INFO - Processing file /opt/airflow/dags/devops/beta_ipfs_ping.py for tasks to queue
[2023-10-18T19:13:50.543+0000] {logging_mixin.py:151} INFO - [2023-10-18T19:13:50.542+0000] {dagbag.py:539} INFO - Filling up the DagBag from /opt/airflow/dags/devops/beta_ipfs_ping.py
[2023-10-18T19:13:50.565+0000] {processor.py:839} INFO - DAG(s) dict_keys(['beta_ipfs_ping_check']) retrieved from /opt/airflow/dags/devops/beta_ipfs_ping.py
[2023-10-18T19:13:51.790+0000] {logging_mixin.py:151} INFO - [2023-10-18T19:13:51.789+0000] {dag.py:2915} INFO - Sync 1 DAGs
[2023-10-18T19:13:52.052+0000] {logging_mixin.py:151} INFO - [2023-10-18T19:13:52.052+0000] {dag.py:3696} INFO - Setting next_dagrun for beta_ipfs_ping_check to 2023-10-18T19:00:00+00:00, run_after=2023-10-18T19:15:00+00:00
[2023-10-18T19:13:53.717+0000] {processor.py:179} INFO - Processing /opt/airflow/dags/devops/beta_ipfs_ping.py took 3.179 seconds
[2023-10-18T19:14:23.829+0000] {processor.py:157} INFO - Started process (PID=374) to work on /opt/airflow/dags/devops/beta_ipfs_ping.py
[2023-10-18T19:14:23.831+0000] {processor.py:829} INFO - Processing file /opt/airflow/dags/devops/beta_ipfs_ping.py for tasks to queue
[2023-10-18T19:14:23.833+0000] {logging_mixin.py:151} INFO - [2023-10-18T19:14:23.833+0000] {dagbag.py:539} INFO - Filling up the DagBag from /opt/airflow/dags/devops/beta_ipfs_ping.py
[2023-10-18T19:14:23.856+0000] {processor.py:839} INFO - DAG(s) dict_keys(['beta_ipfs_ping_check']) retrieved from /opt/airflow/dags/devops/beta_ipfs_ping.py
[2023-10-18T19:14:25.049+0000] {logging_mixin.py:151} INFO - [2023-10-18T19:14:25.048+0000] {dag.py:2915} INFO - Sync 1 DAGs
[2023-10-18T19:14:25.448+0000] {logging_mixin.py:151} INFO - [2023-10-18T19:14:25.448+0000] {dag.py:3696} INFO - Setting next_dagrun for beta_ipfs_ping_check to 2023-10-18T19:00:00+00:00, run_after=2023-10-18T19:15:00+00:00
[2023-10-18T19:14:27.248+0000] {processor.py:179} INFO - Processing /opt/airflow/dags/devops/beta_ipfs_ping.py took 3.423 seconds
[2023-10-18T19:14:57.767+0000] {processor.py:157} INFO - Started process (PID=394) to work on /opt/airflow/dags/devops/beta_ipfs_ping.py
[2023-10-18T19:14:57.769+0000] {processor.py:829} INFO - Processing file /opt/airflow/dags/devops/beta_ipfs_ping.py for tasks to queue
[2023-10-18T19:14:57.773+0000] {logging_mixin.py:151} INFO - [2023-10-18T19:14:57.772+0000] {dagbag.py:539} INFO - Filling up the DagBag from /opt/airflow/dags/devops/beta_ipfs_ping.py
[2023-10-18T19:14:57.804+0000] {processor.py:839} INFO - DAG(s) dict_keys(['beta_ipfs_ping_check']) retrieved from /opt/airflow/dags/devops/beta_ipfs_ping.py
[2023-10-18T19:14:58.959+0000] {logging_mixin.py:151} INFO - [2023-10-18T19:14:58.959+0000] {dag.py:2915} INFO - Sync 1 DAGs
[2023-10-18T19:14:59.122+0000] {logging_mixin.py:151} INFO - [2023-10-18T19:14:59.122+0000] {dag.py:3696} INFO - Setting next_dagrun for beta_ipfs_ping_check to 2023-10-18T19:00:00+00:00, run_after=2023-10-18T19:15:00+00:00
[2023-10-18T19:14:59.287+0000] {processor.py:182} ERROR - Got an exception! Propagating...
Traceback (most recent call last):
  File "/home/airflow/.local/lib/python3.8/site-packages/airflow/dag_processing/processor.py", line 178, in _run_file_processor
    _handle_dag_file_processing()
  File "/home/airflow/.local/lib/python3.8/site-packages/airflow/dag_processing/processor.py", line 159, in _handle_dag_file_processing
    result: tuple[int, int] = dag_file_processor.process_file(
  File "/home/airflow/.local/lib/python3.8/site-packages/airflow/utils/session.py", line 77, in wrapper
    return func(*args, session=session, **kwargs)
  File "/home/airflow/.local/lib/python3.8/site-packages/airflow/dag_processing/processor.py", line 857, in process_file
    serialize_errors = DagFileProcessor.save_dag_to_db(
  File "/home/airflow/.local/lib/python3.8/site-packages/airflow/api_internal/internal_api_call.py", line 114, in wrapper
    return func(*args, **kwargs)
  File "/home/airflow/.local/lib/python3.8/site-packages/airflow/utils/session.py", line 77, in wrapper
    return func(*args, session=session, **kwargs)
  File "/home/airflow/.local/lib/python3.8/site-packages/airflow/dag_processing/processor.py", line 893, in save_dag_to_db
    import_errors = DagBag._sync_to_db(dags=dags, processor_subdir=dag_directory, session=session)
  File "/home/airflow/.local/lib/python3.8/site-packages/airflow/utils/session.py", line 74, in wrapper
    return func(*args, **kwargs)
  File "/home/airflow/.local/lib/python3.8/site-packages/airflow/models/dagbag.py", line 657, in _sync_to_db
    for attempt in run_with_db_retries(logger=log):
  File "/home/airflow/.local/lib/python3.8/site-packages/tenacity/__init__.py", line 347, in __iter__
    do = self.iter(retry_state=retry_state)
  File "/home/airflow/.local/lib/python3.8/site-packages/tenacity/__init__.py", line 314, in iter
    return fut.result()
  File "/usr/local/lib/python3.8/concurrent/futures/_base.py", line 437, in result
    return self.__get_result()
  File "/usr/local/lib/python3.8/concurrent/futures/_base.py", line 389, in __get_result
    raise self._exception
  File "/home/airflow/.local/lib/python3.8/site-packages/airflow/models/dagbag.py", line 671, in _sync_to_db
    DAG.bulk_write_to_db(dags.values(), processor_subdir=processor_subdir, session=session)
  File "/home/airflow/.local/lib/python3.8/site-packages/airflow/utils/session.py", line 74, in wrapper
    return func(*args, **kwargs)
  File "/home/airflow/.local/lib/python3.8/site-packages/airflow/models/dag.py", line 3026, in bulk_write_to_db
    DagCode.bulk_sync_to_db(filelocs, session=session)
  File "/home/airflow/.local/lib/python3.8/site-packages/airflow/utils/session.py", line 74, in wrapper
    return func(*args, **kwargs)
  File "/home/airflow/.local/lib/python3.8/site-packages/airflow/models/dagcode.py", line 117, in bulk_sync_to_db
    os.path.getmtime(correct_maybe_zipped(fileloc)), tz=timezone.utc
  File "/usr/local/lib/python3.8/genericpath.py", line 55, in getmtime
    return os.stat(filename).st_mtime
FileNotFoundError: [Errno 2] No such file or directory: '/opt/airflow/dags/devops/beta_ipfs_ping.py'
